#
# There is insufficient memory for the Java Runtime Environment to continue.
# Native memory allocation (malloc) failed to allocate 32744 bytes for ChunkPool::allocate
# Possible reasons:
#   The system is out of physical RAM or swap space
#   The process is running with CompressedOops enabled, and the Java Heap may be blocking the growth of the native heap
# Possible solutions:
#   Reduce memory load on the system
#   Increase physical memory or swap space
#   Check if swap backing store is full
#   Decrease Java heap size (-Xmx/-Xms)
#   Decrease number of Java threads
#   Decrease Java thread stack sizes (-Xss)
#   Set larger code cache with -XX:ReservedCodeCacheSize=
#   JVM is running with Unscaled Compressed Oops mode in which the Java heap is
#     placed in the first 4GB address space. The Java Heap base address is the
#     maximum limit for the native heap growth. Please use -XX:HeapBaseMinAddress
#     to set the Java Heap base and to place the Java Heap above 4GB virtual address.
# This output file may be truncated or incomplete.
#
#  Out of Memory Error (arena.cpp:79), pid=776, tid=11132
#
# JRE version: OpenJDK Runtime Environment Corretto-16.0.2.7.1 (16.0.2+7) (build 16.0.2+7)
# Java VM: OpenJDK 64-Bit Server VM Corretto-16.0.2.7.1 (16.0.2+7, mixed mode, tiered, compressed oops, compressed class ptrs, g1 gc, windows-amd64)
# No core dump will be written. Minidumps are not enabled by default on client versions of Windows
#

---------------  S U M M A R Y ------------

Command Line: --add-opens=java.base/java.util=ALL-UNNAMED --add-opens=java.base/java.lang=ALL-UNNAMED --add-opens=java.base/java.lang.invoke=ALL-UNNAMED --add-opens=java.base/java.util=ALL-UNNAMED --add-opens=java.prefs/java.util.prefs=ALL-UNNAMED --add-opens=java.prefs/java.util.prefs=ALL-UNNAMED --add-opens=java.base/java.nio.charset=ALL-UNNAMED --add-opens=java.base/java.net=ALL-UNNAMED --add-opens=java.base/java.util.concurrent.atomic=ALL-UNNAMED -XX:MaxMetaspaceSize=256m -XX:+HeapDumpOnOutOfMemoryError -Xms256m -Xmx512m -Dfile.encoding=windows-1252 -Duser.country=IN -Duser.language=en -Duser.variant org.gradle.launcher.daemon.bootstrap.GradleDaemon 7.3.2

Host: Intel(R) Core(TM) i5 CPU       M 480  @ 2.67GHz, 4 cores, 3G,  Windows 10 , 64 bit Build 19041 (10.0.19041.1348)
Time: Wed Jan 12 13:35:48 2022 India Standard Time elapsed time: 206.482765 seconds (0d 0h 3m 26s)

---------------  T H R E A D  ---------------

Current thread (0x000001f08092ba00):  JavaThread "C2 CompilerThread0" daemon [_thread_in_native, id=11132, stack(0x000000d731d00000,0x000000d731e00000)]


Current CompileTask:
C2: 206506 4145       4       org.gradle.internal.service.DefaultServiceRegistry$OwnServices::getService (309 bytes)

Stack: [0x000000d731d00000,0x000000d731e00000]
Native frames: (J=compiled Java code, j=interpreted, Vv=VM code, C=native code)
V  [jvm.dll+0x647e0a]
V  [jvm.dll+0x7f0549]
V  [jvm.dll+0x7f1cfe]
V  [jvm.dll+0x7f2343]
V  [jvm.dll+0x23dd88]
V  [jvm.dll+0xc89eb]
V  [jvm.dll+0xc8d4c]
V  [jvm.dll+0x356bb8]
V  [jvm.dll+0x356391]
V  [jvm.dll+0x3563d4]
V  [jvm.dll+0x53c3a6]
V  [jvm.dll+0x53cb25]
V  [jvm.dll+0x31b56e]
V  [jvm.dll+0x31a97a]
V  [jvm.dll+0x210990]
V  [jvm.dll+0x20ff17]
V  [jvm.dll+0x1a0d9b]
V  [jvm.dll+0x21f909]
V  [jvm.dll+0x21da9b]
V  [jvm.dll+0x7a8662]
V  [jvm.dll+0x7a223a]
V  [jvm.dll+0x646c46]
C  [ucrtbase.dll+0x21bb2]
C  [KERNEL32.DLL+0x17034]
C  [ntdll.dll+0x52651]


---------------  P R O C E S S  ---------------

Threads class SMR info:
_java_thread_list=0x000001f08399db80, length=39, elements={
0x000001f0de337ed0, 0x000001f0f9531a60, 0x000001f0f95328e0, 0x000001f0f9550a20,
0x000001f080923ab0, 0x000001f0809265c0, 0x000001f080926fc0, 0x000001f08092ba00,
0x000001f080934450, 0x000001f0f955cf40, 0x000001f080ab8050, 0x000001f080ab8570,
0x000001f08159dc80, 0x000001f081763e50, 0x000001f081f839f0, 0x000001f08189e480,
0x000001f081e7d860, 0x000001f0817926c0, 0x000001f081a195a0, 0x000001f081a18060,
0x000001f081a19af0, 0x000001f081a1a590, 0x000001f081a1aae0, 0x000001f081a1a040,
0x000001f081a185b0, 0x000001f081a1b030, 0x000001f081a1b580, 0x000001f081a18b00,
0x000001f081a19050, 0x000001f081b7cf50, 0x000001f081b7df40, 0x000001f081b7ca00,
0x000001f081b81460, 0x000001f081b81f00, 0x000001f081b7bf60, 0x000001f081b819b0,
0x000001f081b80470, 0x000001f081b7e9e0, 0x000001f081b809c0
}

Java Threads: ( => current thread )
  0x000001f0de337ed0 JavaThread "main" [_thread_blocked, id=13988, stack(0x000000d731000000,0x000000d731100000)]
  0x000001f0f9531a60 JavaThread "Reference Handler" daemon [_thread_blocked, id=11856, stack(0x000000d731700000,0x000000d731800000)]
  0x000001f0f95328e0 JavaThread "Finalizer" daemon [_thread_blocked, id=2656, stack(0x000000d731800000,0x000000d731900000)]
  0x000001f0f9550a20 JavaThread "Signal Dispatcher" daemon [_thread_blocked, id=12260, stack(0x000000d731900000,0x000000d731a00000)]
  0x000001f080923ab0 JavaThread "Attach Listener" daemon [_thread_blocked, id=11384, stack(0x000000d731a00000,0x000000d731b00000)]
  0x000001f0809265c0 JavaThread "Service Thread" daemon [_thread_blocked, id=10904, stack(0x000000d731b00000,0x000000d731c00000)]
  0x000001f080926fc0 JavaThread "Monitor Deflation Thread" daemon [_thread_blocked, id=2300, stack(0x000000d731c00000,0x000000d731d00000)]
=>0x000001f08092ba00 JavaThread "C2 CompilerThread0" daemon [_thread_in_native, id=11132, stack(0x000000d731d00000,0x000000d731e00000)]
  0x000001f080934450 JavaThread "C1 CompilerThread0" daemon [_thread_in_native, id=13044, stack(0x000000d731e00000,0x000000d731f00000)]
  0x000001f0f955cf40 JavaThread "Sweeper thread" daemon [_thread_blocked, id=5528, stack(0x000000d731f00000,0x000000d732000000)]
  0x000001f080ab8050 JavaThread "Common-Cleaner" daemon [_thread_blocked, id=7032, stack(0x000000d732000000,0x000000d732100000)]
  0x000001f080ab8570 JavaThread "Notification Thread" daemon [_thread_blocked, id=8820, stack(0x000000d732100000,0x000000d732200000)]
  0x000001f08159dc80 JavaThread "Daemon health stats" [_thread_blocked, id=10028, stack(0x000000d732300000,0x000000d732400000)]
  0x000001f081763e50 JavaThread "Incoming local TCP Connector on port 52109" [_thread_in_native, id=4872, stack(0x000000d732500000,0x000000d732600000)]
  0x000001f081f839f0 JavaThread "Daemon periodic checks" [_thread_blocked, id=14316, stack(0x000000d732600000,0x000000d732700000)]
  0x000001f08189e480 JavaThread "Daemon" [_thread_blocked, id=9496, stack(0x000000d732800000,0x000000d732900000)]
  0x000001f081e7d860 JavaThread "Handler for socket connection from /127.0.0.1:52109 to /127.0.0.1:52110" [_thread_in_native, id=68, stack(0x000000d732900000,0x000000d732a00000)]
  0x000001f0817926c0 JavaThread "Cancel handler" [_thread_blocked, id=5104, stack(0x000000d732a00000,0x000000d732b00000)]
  0x000001f081a195a0 JavaThread "Daemon worker" [_thread_in_native, id=14240, stack(0x000000d732b00000,0x000000d732c00000)]
  0x000001f081a18060 JavaThread "Asynchronous log dispatcher for DefaultDaemonConnection: socket connection from /127.0.0.1:52109 to /127.0.0.1:52110" [_thread_blocked, id=9780, stack(0x000000d732c00000,0x000000d732d00000)]
  0x000001f081a19af0 JavaThread "Stdin handler" [_thread_blocked, id=4988, stack(0x000000d732d00000,0x000000d732e00000)]
  0x000001f081a1a590 JavaThread "Daemon client event forwarder" [_thread_blocked, id=7964, stack(0x000000d732e00000,0x000000d732f00000)]
  0x000001f081a1aae0 JavaThread "Cache worker for journal cache (C:\Users\shivam\.gradle\caches\journal-1)" [_thread_blocked, id=13488, stack(0x000000d732f00000,0x000000d733000000)]
  0x000001f081a1a040 JavaThread "File lock request listener" [_thread_in_native, id=13048, stack(0x000000d733000000,0x000000d733100000)]
  0x000001f081a185b0 JavaThread "Cache worker for file hash cache (C:\Users\shivam\.gradle\caches\7.3.2\fileHashes)" [_thread_blocked, id=13372, stack(0x000000d733100000,0x000000d733200000)]
  0x000001f081a1b030 JavaThread "Cache worker for file hash cache (C:\Users\shivam\Downloads\JavaSpring\JavaSpring\.gradle\7.3.2\fileHashes)" [_thread_blocked, id=4488, stack(0x000000d733400000,0x000000d733500000)]
  0x000001f081a1b580 JavaThread "File watcher server" daemon [_thread_in_native, id=12576, stack(0x000000d732400000,0x000000d732500000)]
  0x000001f081a18b00 JavaThread "File watcher consumer" daemon [_thread_blocked, id=4184, stack(0x000000d732700000,0x000000d732800000)]
  0x000001f081a19050 JavaThread "Cache worker for checksums cache (C:\Users\shivam\Downloads\JavaSpring\JavaSpring\.gradle\7.3.2\checksums)" [_thread_blocked, id=4432, stack(0x000000d733500000,0x000000d733600000)]
  0x000001f081b7cf50 JavaThread "Cache worker for cache directory md-supplier (C:\Users\shivam\.gradle\caches\7.3.2\md-supplier)" [_thread_blocked, id=10552, stack(0x000000d733600000,0x000000d733700000)]
  0x000001f081b7df40 JavaThread "Cache worker for cache directory md-rule (C:\Users\shivam\.gradle\caches\7.3.2\md-rule)" [_thread_blocked, id=8740, stack(0x000000d733700000,0x000000d733800000)]
  0x000001f081b7ca00 JavaThread "Cache worker for execution history cache (C:\Users\shivam\.gradle\caches\7.3.2\executionHistory)" [_thread_blocked, id=5696, stack(0x000000d733800000,0x000000d733900000)]
  0x000001f081b81460 JavaThread "jar transforms" [_thread_blocked, id=5172, stack(0x000000d733900000,0x000000d733a00000)]
  0x000001f081b81f00 JavaThread "jar transforms Thread 2" [_thread_blocked, id=9052, stack(0x000000d733a00000,0x000000d733b00000)]
  0x000001f081b7bf60 JavaThread "Cache worker for file content cache (C:\Users\shivam\.gradle\caches\7.3.2\fileContent)" [_thread_blocked, id=5816, stack(0x000000d733b00000,0x000000d733c00000)]
  0x000001f081b819b0 JavaThread "jar transforms Thread 3" [_thread_blocked, id=4604, stack(0x000000d733c00000,0x000000d733d00000)]
  0x000001f081b80470 JavaThread "jar transforms Thread 4" [_thread_blocked, id=12044, stack(0x000000d733d00000,0x000000d733e00000)]
  0x000001f081b7e9e0 JavaThread "Cache worker for dependencies-accessors (C:\Users\shivam\Downloads\JavaSpring\JavaSpring\.gradle\7.3.2\dependencies-accessors)" [_thread_blocked, id=9648, stack(0x000000d733e00000,0x000000d733f00000)]
  0x000001f081b809c0 JavaThread "Cache worker for Build Output Cleanup Cache (C:\Users\shivam\Downloads\JavaSpring\JavaSpring\.gradle\buildOutputCleanup)" [_thread_blocked, id=13428, stack(0x000000d733f00000,0x000000d734000000)]

Other Threads:
  0x000001f0f951bbe0 VMThread "VM Thread" [stack: 0x000000d731600000,0x000000d731700000] [id=11784]
  0x000001f080ab8a90 WatcherThread [stack: 0x000000d732200000,0x000000d732300000] [id=9096]
  0x000001f0de35ccf0 GCTaskThread "GC Thread#0" [stack: 0x000000d731100000,0x000000d731200000] [id=13764]
  0x000001f0812327c0 GCTaskThread "GC Thread#1" [stack: 0x000000d730d00000,0x000000d730e00000] [id=12644]
  0x000001f0dc168d10 GCTaskThread "GC Thread#2" [stack: 0x000000d730e00000,0x000000d730f00000] [id=1068]
  0x000001f0dc1658d0 GCTaskThread "GC Thread#3" [stack: 0x000000d730f00000,0x000000d731000000] [id=7924]
  0x000001f0de362be0 ConcurrentGCThread "G1 Main Marker" [stack: 0x000000d731200000,0x000000d731300000] [id=7724]
  0x000001f0de363d30 ConcurrentGCThread "G1 Conc#0" [stack: 0x000000d731300000,0x000000d731400000] [id=14192]
  0x000001f0de41c810 ConcurrentGCThread "G1 Refine#0" [stack: 0x000000d731400000,0x000000d731500000] [id=13344]
  0x000001f0de41d130 ConcurrentGCThread "G1 Service" [stack: 0x000000d731500000,0x000000d731600000] [id=5884]

Threads with active compile tasks:
C2 CompilerThread0   207648 4145       4       org.gradle.internal.service.DefaultServiceRegistry$OwnServices::getService (309 bytes)
C1 CompilerThread0   207648 4226       3       java.util.regex.Matcher::appendExpandedReplacement (510 bytes)

VM state: not at safepoint (normal execution)

VM Mutex/Monitor currently owned by a thread: None

Heap address: 0x00000000e0000000, size: 512 MB, Compressed Oops mode: 32-bit

CDS disabled.
Compressed class space mapped at: 0x0000000100000000-0x000000010d000000, reserved size: 218103808
Narrow klass base: 0x0000000000000000, Narrow klass shift: 3, Narrow klass range: 0x10d000000

GC Precious Log:
 CPUs: 4 total, 4 available
 Memory: 3958M
 Large Page Support: Disabled
 NUMA Support: Disabled
 Compressed Oops: Enabled (32-bit)
 Heap Region Size: 1M
 Heap Min Capacity: 256M
 Heap Initial Capacity: 256M
 Heap Max Capacity: 512M
 Pre-touch: Disabled
 Parallel Workers: 4
 Concurrent Workers: 1
 Concurrent Refinement Workers: 4
 Periodic GC: Disabled

Heap:
 garbage-first heap   total 262144K, used 123466K [0x00000000e0000000, 0x0000000100000000)
  region size 1024K, 105 young (107520K), 10 survivors (10240K)
 Metaspace       used 47828K, committed 48192K, reserved 262144K
  class space    used 5936K, committed 6080K, reserved 212992K

Heap Regions: E=young(eden), S=young(survivor), O=old, HS=humongous(starts), HC=humongous(continues), CS=collection set, F=free, OA=open archive, CA=closed archive, TAMS=top-at-mark-start (previous, next)
|   0|0x00000000e0000000, 0x00000000e0100000, 0x00000000e0100000|100%|HS|  |TAMS 0x00000000e0100000, 0x00000000e0000000| Complete 
|   1|0x00000000e0100000, 0x00000000e0200000, 0x00000000e0200000|100%|HC|  |TAMS 0x00000000e0200000, 0x00000000e0100000| Complete 
|   2|0x00000000e0200000, 0x00000000e0300000, 0x00000000e0300000|100%|HC|  |TAMS 0x00000000e0300000, 0x00000000e0200000| Complete 
|   3|0x00000000e0300000, 0x00000000e0400000, 0x00000000e0400000|100%| O|  |TAMS 0x00000000e0400000, 0x00000000e0300000| Untracked 
|   4|0x00000000e0400000, 0x00000000e0500000, 0x00000000e0500000|100%| O|  |TAMS 0x00000000e0500000, 0x00000000e0400000| Untracked 
|   5|0x00000000e0500000, 0x00000000e0600000, 0x00000000e0600000|100%| O|  |TAMS 0x00000000e0600000, 0x00000000e0500000| Untracked 
|   6|0x00000000e0600000, 0x00000000e0700000, 0x00000000e0700000|100%| O|  |TAMS 0x00000000e0700000, 0x00000000e0600000| Untracked 
|   7|0x00000000e0700000, 0x00000000e0800000, 0x00000000e0800000|100%| O|  |TAMS 0x00000000e0800000, 0x00000000e0700000| Untracked 
|   8|0x00000000e0800000, 0x00000000e0900000, 0x00000000e0900000|100%| O|  |TAMS 0x00000000e0900000, 0x00000000e0800000| Untracked 
|   9|0x00000000e0900000, 0x00000000e0a00000, 0x00000000e0a00000|100%| O|  |TAMS 0x00000000e0a00000, 0x00000000e0900000| Untracked 
|  10|0x00000000e0a00000, 0x00000000e0b00000, 0x00000000e0b00000|100%| O|  |TAMS 0x00000000e0b00000, 0x00000000e0a00000| Untracked 
|  11|0x00000000e0b00000, 0x00000000e0c00000, 0x00000000e0c00000|100%| O|  |TAMS 0x00000000e0c00000, 0x00000000e0b00000| Untracked 
|  12|0x00000000e0c00000, 0x00000000e0d00000, 0x00000000e0d00000|100%| O|  |TAMS 0x00000000e0d00000, 0x00000000e0c00000| Untracked 
|  13|0x00000000e0d00000, 0x00000000e0dfa800, 0x00000000e0e00000| 97%| O|  |TAMS 0x00000000e0dfa800, 0x00000000e0d00000| Untracked 
|  14|0x00000000e0e00000, 0x00000000e0f00000, 0x00000000e0f00000|100%|HS|  |TAMS 0x00000000e0e00000, 0x00000000e0e00000| Complete 
|  15|0x00000000e0f00000, 0x00000000e1000000, 0x00000000e1000000|100%|HS|  |TAMS 0x00000000e0f00000, 0x00000000e0f00000| Complete 
|  16|0x00000000e1000000, 0x00000000e1100000, 0x00000000e1100000|100%|HC|  |TAMS 0x00000000e1000000, 0x00000000e1000000| Complete 
|  17|0x00000000e1100000, 0x00000000e1200000, 0x00000000e1200000|100%|HS|  |TAMS 0x00000000e1100000, 0x00000000e1100000| Complete 
|  18|0x00000000e1200000, 0x00000000e1200000, 0x00000000e1300000|  0%| F|  |TAMS 0x00000000e1200000, 0x00000000e1200000| Untracked 
|  19|0x00000000e1300000, 0x00000000e1300000, 0x00000000e1400000|  0%| F|  |TAMS 0x00000000e1300000, 0x00000000e1300000| Untracked 
|  20|0x00000000e1400000, 0x00000000e1400000, 0x00000000e1500000|  0%| F|  |TAMS 0x00000000e1400000, 0x00000000e1400000| Untracked 
|  21|0x00000000e1500000, 0x00000000e1500000, 0x00000000e1600000|  0%| F|  |TAMS 0x00000000e1500000, 0x00000000e1500000| Untracked 
|  22|0x00000000e1600000, 0x00000000e1600000, 0x00000000e1700000|  0%| F|  |TAMS 0x00000000e1600000, 0x00000000e1600000| Untracked 
|  23|0x00000000e1700000, 0x00000000e1700000, 0x00000000e1800000|  0%| F|  |TAMS 0x00000000e1700000, 0x00000000e1700000| Untracked 
|  24|0x00000000e1800000, 0x00000000e1800000, 0x00000000e1900000|  0%| F|  |TAMS 0x00000000e1800000, 0x00000000e1800000| Untracked 
|  25|0x00000000e1900000, 0x00000000e1900000, 0x00000000e1a00000|  0%| F|  |TAMS 0x00000000e1900000, 0x00000000e1900000| Untracked 
|  26|0x00000000e1a00000, 0x00000000e1a00000, 0x00000000e1b00000|  0%| F|  |TAMS 0x00000000e1a00000, 0x00000000e1a00000| Untracked 
|  27|0x00000000e1b00000, 0x00000000e1b00000, 0x00000000e1c00000|  0%| F|  |TAMS 0x00000000e1b00000, 0x00000000e1b00000| Untracked 
|  28|0x00000000e1c00000, 0x00000000e1c00000, 0x00000000e1d00000|  0%| F|  |TAMS 0x00000000e1c00000, 0x00000000e1c00000| Untracked 
|  29|0x00000000e1d00000, 0x00000000e1d00000, 0x00000000e1e00000|  0%| F|  |TAMS 0x00000000e1d00000, 0x00000000e1d00000| Untracked 
|  30|0x00000000e1e00000, 0x00000000e1e00000, 0x00000000e1f00000|  0%| F|  |TAMS 0x00000000e1e00000, 0x00000000e1e00000| Untracked 
|  31|0x00000000e1f00000, 0x00000000e1f00000, 0x00000000e2000000|  0%| F|  |TAMS 0x00000000e1f00000, 0x00000000e1f00000| Untracked 
|  32|0x00000000e2000000, 0x00000000e2000000, 0x00000000e2100000|  0%| F|  |TAMS 0x00000000e2000000, 0x00000000e2000000| Untracked 
|  33|0x00000000e2100000, 0x00000000e2100000, 0x00000000e2200000|  0%| F|  |TAMS 0x00000000e2100000, 0x00000000e2100000| Untracked 
|  34|0x00000000e2200000, 0x00000000e2200000, 0x00000000e2300000|  0%| F|  |TAMS 0x00000000e2200000, 0x00000000e2200000| Untracked 
|  35|0x00000000e2300000, 0x00000000e2300000, 0x00000000e2400000|  0%| F|  |TAMS 0x00000000e2300000, 0x00000000e2300000| Untracked 
|  36|0x00000000e2400000, 0x00000000e2400000, 0x00000000e2500000|  0%| F|  |TAMS 0x00000000e2400000, 0x00000000e2400000| Untracked 
|  37|0x00000000e2500000, 0x00000000e2500000, 0x00000000e2600000|  0%| F|  |TAMS 0x00000000e2500000, 0x00000000e2500000| Untracked 
|  38|0x00000000e2600000, 0x00000000e2600000, 0x00000000e2700000|  0%| F|  |TAMS 0x00000000e2600000, 0x00000000e2600000| Untracked 
|  39|0x00000000e2700000, 0x00000000e2700000, 0x00000000e2800000|  0%| F|  |TAMS 0x00000000e2700000, 0x00000000e2700000| Untracked 
|  40|0x00000000e2800000, 0x00000000e2800000, 0x00000000e2900000|  0%| F|  |TAMS 0x00000000e2800000, 0x00000000e2800000| Untracked 
|  41|0x00000000e2900000, 0x00000000e2900000, 0x00000000e2a00000|  0%| F|  |TAMS 0x00000000e2900000, 0x00000000e2900000| Untracked 
|  42|0x00000000e2a00000, 0x00000000e2a00000, 0x00000000e2b00000|  0%| F|  |TAMS 0x00000000e2a00000, 0x00000000e2a00000| Untracked 
|  43|0x00000000e2b00000, 0x00000000e2b00000, 0x00000000e2c00000|  0%| F|  |TAMS 0x00000000e2b00000, 0x00000000e2b00000| Untracked 
|  44|0x00000000e2c00000, 0x00000000e2c00000, 0x00000000e2d00000|  0%| F|  |TAMS 0x00000000e2c00000, 0x00000000e2c00000| Untracked 
|  45|0x00000000e2d00000, 0x00000000e2d00000, 0x00000000e2e00000|  0%| F|  |TAMS 0x00000000e2d00000, 0x00000000e2d00000| Untracked 
|  46|0x00000000e2e00000, 0x00000000e2e00000, 0x00000000e2f00000|  0%| F|  |TAMS 0x00000000e2e00000, 0x00000000e2e00000| Untracked 
|  47|0x00000000e2f00000, 0x00000000e2f00000, 0x00000000e3000000|  0%| F|  |TAMS 0x00000000e2f00000, 0x00000000e2f00000| Untracked 
|  48|0x00000000e3000000, 0x00000000e3000000, 0x00000000e3100000|  0%| F|  |TAMS 0x00000000e3000000, 0x00000000e3000000| Untracked 
|  49|0x00000000e3100000, 0x00000000e3100000, 0x00000000e3200000|  0%| F|  |TAMS 0x00000000e3100000, 0x00000000e3100000| Untracked 
|  50|0x00000000e3200000, 0x00000000e3200000, 0x00000000e3300000|  0%| F|  |TAMS 0x00000000e3200000, 0x00000000e3200000| Untracked 
|  51|0x00000000e3300000, 0x00000000e3300000, 0x00000000e3400000|  0%| F|  |TAMS 0x00000000e3300000, 0x00000000e3300000| Untracked 
|  52|0x00000000e3400000, 0x00000000e3400000, 0x00000000e3500000|  0%| F|  |TAMS 0x00000000e3400000, 0x00000000e3400000| Untracked 
|  53|0x00000000e3500000, 0x00000000e3500000, 0x00000000e3600000|  0%| F|  |TAMS 0x00000000e3500000, 0x00000000e3500000| Untracked 
|  54|0x00000000e3600000, 0x00000000e3600000, 0x00000000e3700000|  0%| F|  |TAMS 0x00000000e3600000, 0x00000000e3600000| Untracked 
|  55|0x00000000e3700000, 0x00000000e3700000, 0x00000000e3800000|  0%| F|  |TAMS 0x00000000e3700000, 0x00000000e3700000| Untracked 
|  56|0x00000000e3800000, 0x00000000e3800000, 0x00000000e3900000|  0%| F|  |TAMS 0x00000000e3800000, 0x00000000e3800000| Untracked 
|  57|0x00000000e3900000, 0x00000000e3900000, 0x00000000e3a00000|  0%| F|  |TAMS 0x00000000e3900000, 0x00000000e3900000| Untracked 
|  58|0x00000000e3a00000, 0x00000000e3a00000, 0x00000000e3b00000|  0%| F|  |TAMS 0x00000000e3a00000, 0x00000000e3a00000| Untracked 
|  59|0x00000000e3b00000, 0x00000000e3b00000, 0x00000000e3c00000|  0%| F|  |TAMS 0x00000000e3b00000, 0x00000000e3b00000| Untracked 
|  60|0x00000000e3c00000, 0x00000000e3c00000, 0x00000000e3d00000|  0%| F|  |TAMS 0x00000000e3c00000, 0x00000000e3c00000| Untracked 
|  61|0x00000000e3d00000, 0x00000000e3d00000, 0x00000000e3e00000|  0%| F|  |TAMS 0x00000000e3d00000, 0x00000000e3d00000| Untracked 
|  62|0x00000000e3e00000, 0x00000000e3e00000, 0x00000000e3f00000|  0%| F|  |TAMS 0x00000000e3e00000, 0x00000000e3e00000| Untracked 
|  63|0x00000000e3f00000, 0x00000000e3f00000, 0x00000000e4000000|  0%| F|  |TAMS 0x00000000e3f00000, 0x00000000e3f00000| Untracked 
|  64|0x00000000e4000000, 0x00000000e4000000, 0x00000000e4100000|  0%| F|  |TAMS 0x00000000e4000000, 0x00000000e4000000| Untracked 
|  65|0x00000000e4100000, 0x00000000e4100000, 0x00000000e4200000|  0%| F|  |TAMS 0x00000000e4100000, 0x00000000e4100000| Untracked 
|  66|0x00000000e4200000, 0x00000000e4200000, 0x00000000e4300000|  0%| F|  |TAMS 0x00000000e4200000, 0x00000000e4200000| Untracked 
|  67|0x00000000e4300000, 0x00000000e4300000, 0x00000000e4400000|  0%| F|  |TAMS 0x00000000e4300000, 0x00000000e4300000| Untracked 
|  68|0x00000000e4400000, 0x00000000e4400000, 0x00000000e4500000|  0%| F|  |TAMS 0x00000000e4400000, 0x00000000e4400000| Untracked 
|  69|0x00000000e4500000, 0x00000000e4500000, 0x00000000e4600000|  0%| F|  |TAMS 0x00000000e4500000, 0x00000000e4500000| Untracked 
|  70|0x00000000e4600000, 0x00000000e4600000, 0x00000000e4700000|  0%| F|  |TAMS 0x00000000e4600000, 0x00000000e4600000| Untracked 
|  71|0x00000000e4700000, 0x00000000e4700000, 0x00000000e4800000|  0%| F|  |TAMS 0x00000000e4700000, 0x00000000e4700000| Untracked 
|  72|0x00000000e4800000, 0x00000000e4800000, 0x00000000e4900000|  0%| F|  |TAMS 0x00000000e4800000, 0x00000000e4800000| Untracked 
|  73|0x00000000e4900000, 0x00000000e4900000, 0x00000000e4a00000|  0%| F|  |TAMS 0x00000000e4900000, 0x00000000e4900000| Untracked 
|  74|0x00000000e4a00000, 0x00000000e4a00000, 0x00000000e4b00000|  0%| F|  |TAMS 0x00000000e4a00000, 0x00000000e4a00000| Untracked 
|  75|0x00000000e4b00000, 0x00000000e4b00000, 0x00000000e4c00000|  0%| F|  |TAMS 0x00000000e4b00000, 0x00000000e4b00000| Untracked 
|  76|0x00000000e4c00000, 0x00000000e4c00000, 0x00000000e4d00000|  0%| F|  |TAMS 0x00000000e4c00000, 0x00000000e4c00000| Untracked 
|  77|0x00000000e4d00000, 0x00000000e4d00000, 0x00000000e4e00000|  0%| F|  |TAMS 0x00000000e4d00000, 0x00000000e4d00000| Untracked 
|  78|0x00000000e4e00000, 0x00000000e4e00000, 0x00000000e4f00000|  0%| F|  |TAMS 0x00000000e4e00000, 0x00000000e4e00000| Untracked 
|  79|0x00000000e4f00000, 0x00000000e4f00000, 0x00000000e5000000|  0%| F|  |TAMS 0x00000000e4f00000, 0x00000000e4f00000| Untracked 
|  80|0x00000000e5000000, 0x00000000e5000000, 0x00000000e5100000|  0%| F|  |TAMS 0x00000000e5000000, 0x00000000e5000000| Untracked 
|  81|0x00000000e5100000, 0x00000000e5100000, 0x00000000e5200000|  0%| F|  |TAMS 0x00000000e5100000, 0x00000000e5100000| Untracked 
|  82|0x00000000e5200000, 0x00000000e5200000, 0x00000000e5300000|  0%| F|  |TAMS 0x00000000e5200000, 0x00000000e5200000| Untracked 
|  83|0x00000000e5300000, 0x00000000e5300000, 0x00000000e5400000|  0%| F|  |TAMS 0x00000000e5300000, 0x00000000e5300000| Untracked 
|  84|0x00000000e5400000, 0x00000000e5400000, 0x00000000e5500000|  0%| F|  |TAMS 0x00000000e5400000, 0x00000000e5400000| Untracked 
|  85|0x00000000e5500000, 0x00000000e5500000, 0x00000000e5600000|  0%| F|  |TAMS 0x00000000e5500000, 0x00000000e5500000| Untracked 
|  86|0x00000000e5600000, 0x00000000e5600000, 0x00000000e5700000|  0%| F|  |TAMS 0x00000000e5600000, 0x00000000e5600000| Untracked 
|  87|0x00000000e5700000, 0x00000000e5700000, 0x00000000e5800000|  0%| F|  |TAMS 0x00000000e5700000, 0x00000000e5700000| Untracked 
|  88|0x00000000e5800000, 0x00000000e5800000, 0x00000000e5900000|  0%| F|  |TAMS 0x00000000e5800000, 0x00000000e5800000| Untracked 
|  89|0x00000000e5900000, 0x00000000e5900000, 0x00000000e5a00000|  0%| F|  |TAMS 0x00000000e5900000, 0x00000000e5900000| Untracked 
|  90|0x00000000e5a00000, 0x00000000e5a00000, 0x00000000e5b00000|  0%| F|  |TAMS 0x00000000e5a00000, 0x00000000e5a00000| Untracked 
|  91|0x00000000e5b00000, 0x00000000e5b00000, 0x00000000e5c00000|  0%| F|  |TAMS 0x00000000e5b00000, 0x00000000e5b00000| Untracked 
|  92|0x00000000e5c00000, 0x00000000e5c00000, 0x00000000e5d00000|  0%| F|  |TAMS 0x00000000e5c00000, 0x00000000e5c00000| Untracked 
|  93|0x00000000e5d00000, 0x00000000e5d00000, 0x00000000e5e00000|  0%| F|  |TAMS 0x00000000e5d00000, 0x00000000e5d00000| Untracked 
|  94|0x00000000e5e00000, 0x00000000e5e00000, 0x00000000e5f00000|  0%| F|  |TAMS 0x00000000e5e00000, 0x00000000e5e00000| Untracked 
|  95|0x00000000e5f00000, 0x00000000e5f00000, 0x00000000e6000000|  0%| F|  |TAMS 0x00000000e5f00000, 0x00000000e5f00000| Untracked 
|  96|0x00000000e6000000, 0x00000000e6000000, 0x00000000e6100000|  0%| F|  |TAMS 0x00000000e6000000, 0x00000000e6000000| Untracked 
|  97|0x00000000e6100000, 0x00000000e6100000, 0x00000000e6200000|  0%| F|  |TAMS 0x00000000e6100000, 0x00000000e6100000| Untracked 
|  98|0x00000000e6200000, 0x00000000e6200000, 0x00000000e6300000|  0%| F|  |TAMS 0x00000000e6200000, 0x00000000e6200000| Untracked 
|  99|0x00000000e6300000, 0x00000000e6300000, 0x00000000e6400000|  0%| F|  |TAMS 0x00000000e6300000, 0x00000000e6300000| Untracked 
| 100|0x00000000e6400000, 0x00000000e6400000, 0x00000000e6500000|  0%| F|  |TAMS 0x00000000e6400000, 0x00000000e6400000| Untracked 
| 101|0x00000000e6500000, 0x00000000e6500000, 0x00000000e6600000|  0%| F|  |TAMS 0x00000000e6500000, 0x00000000e6500000| Untracked 
| 102|0x00000000e6600000, 0x00000000e6600000, 0x00000000e6700000|  0%| F|  |TAMS 0x00000000e6600000, 0x00000000e6600000| Untracked 
| 103|0x00000000e6700000, 0x00000000e6700000, 0x00000000e6800000|  0%| F|  |TAMS 0x00000000e6700000, 0x00000000e6700000| Untracked 
| 104|0x00000000e6800000, 0x00000000e6800000, 0x00000000e6900000|  0%| F|  |TAMS 0x00000000e6800000, 0x00000000e6800000| Untracked 
| 105|0x00000000e6900000, 0x00000000e6900000, 0x00000000e6a00000|  0%| F|  |TAMS 0x00000000e6900000, 0x00000000e6900000| Untracked 
| 106|0x00000000e6a00000, 0x00000000e6a00000, 0x00000000e6b00000|  0%| F|  |TAMS 0x00000000e6a00000, 0x00000000e6a00000| Untracked 
| 107|0x00000000e6b00000, 0x00000000e6b00000, 0x00000000e6c00000|  0%| F|  |TAMS 0x00000000e6b00000, 0x00000000e6b00000| Untracked 
| 108|0x00000000e6c00000, 0x00000000e6c00000, 0x00000000e6d00000|  0%| F|  |TAMS 0x00000000e6c00000, 0x00000000e6c00000| Untracked 
| 109|0x00000000e6d00000, 0x00000000e6d00000, 0x00000000e6e00000|  0%| F|  |TAMS 0x00000000e6d00000, 0x00000000e6d00000| Untracked 
| 110|0x00000000e6e00000, 0x00000000e6e00000, 0x00000000e6f00000|  0%| F|  |TAMS 0x00000000e6e00000, 0x00000000e6e00000| Untracked 
| 111|0x00000000e6f00000, 0x00000000e6f00000, 0x00000000e7000000|  0%| F|  |TAMS 0x00000000e6f00000, 0x00000000e6f00000| Untracked 
| 112|0x00000000e7000000, 0x00000000e7000000, 0x00000000e7100000|  0%| F|  |TAMS 0x00000000e7000000, 0x00000000e7000000| Untracked 
| 113|0x00000000e7100000, 0x00000000e7100000, 0x00000000e7200000|  0%| F|  |TAMS 0x00000000e7100000, 0x00000000e7100000| Untracked 
| 114|0x00000000e7200000, 0x00000000e7200000, 0x00000000e7300000|  0%| F|  |TAMS 0x00000000e7200000, 0x00000000e7200000| Untracked 
| 115|0x00000000e7300000, 0x00000000e7300000, 0x00000000e7400000|  0%| F|  |TAMS 0x00000000e7300000, 0x00000000e7300000| Untracked 
| 116|0x00000000e7400000, 0x00000000e7400000, 0x00000000e7500000|  0%| F|  |TAMS 0x00000000e7400000, 0x00000000e7400000| Untracked 
| 117|0x00000000e7500000, 0x00000000e7500000, 0x00000000e7600000|  0%| F|  |TAMS 0x00000000e7500000, 0x00000000e7500000| Untracked 
| 118|0x00000000e7600000, 0x00000000e7600000, 0x00000000e7700000|  0%| F|  |TAMS 0x00000000e7600000, 0x00000000e7600000| Untracked 
| 119|0x00000000e7700000, 0x00000000e7700000, 0x00000000e7800000|  0%| F|  |TAMS 0x00000000e7700000, 0x00000000e7700000| Untracked 
| 120|0x00000000e7800000, 0x00000000e7800000, 0x00000000e7900000|  0%| F|  |TAMS 0x00000000e7800000, 0x00000000e7800000| Untracked 
| 121|0x00000000e7900000, 0x00000000e7900000, 0x00000000e7a00000|  0%| F|  |TAMS 0x00000000e7900000, 0x00000000e7900000| Untracked 
| 122|0x00000000e7a00000, 0x00000000e7a00000, 0x00000000e7b00000|  0%| F|  |TAMS 0x00000000e7a00000, 0x00000000e7a00000| Untracked 
| 123|0x00000000e7b00000, 0x00000000e7b00000, 0x00000000e7c00000|  0%| F|  |TAMS 0x00000000e7b00000, 0x00000000e7b00000| Untracked 
| 124|0x00000000e7c00000, 0x00000000e7c00000, 0x00000000e7d00000|  0%| F|  |TAMS 0x00000000e7c00000, 0x00000000e7c00000| Untracked 
| 125|0x00000000e7d00000, 0x00000000e7d00000, 0x00000000e7e00000|  0%| F|  |TAMS 0x00000000e7d00000, 0x00000000e7d00000| Untracked 
| 126|0x00000000e7e00000, 0x00000000e7e00000, 0x00000000e7f00000|  0%| F|  |TAMS 0x00000000e7e00000, 0x00000000e7e00000| Untracked 
| 127|0x00000000e7f00000, 0x00000000e7f00000, 0x00000000e8000000|  0%| F|  |TAMS 0x00000000e7f00000, 0x00000000e7f00000| Untracked 
| 128|0x00000000e8000000, 0x00000000e8000000, 0x00000000e8100000|  0%| F|  |TAMS 0x00000000e8000000, 0x00000000e8000000| Untracked 
| 129|0x00000000e8100000, 0x00000000e8100000, 0x00000000e8200000|  0%| F|  |TAMS 0x00000000e8100000, 0x00000000e8100000| Untracked 
| 130|0x00000000e8200000, 0x00000000e8200000, 0x00000000e8300000|  0%| F|  |TAMS 0x00000000e8200000, 0x00000000e8200000| Untracked 
| 131|0x00000000e8300000, 0x00000000e8300000, 0x00000000e8400000|  0%| F|  |TAMS 0x00000000e8300000, 0x00000000e8300000| Untracked 
| 132|0x00000000e8400000, 0x00000000e8400000, 0x00000000e8500000|  0%| F|  |TAMS 0x00000000e8400000, 0x00000000e8400000| Untracked 
| 133|0x00000000e8500000, 0x00000000e8500000, 0x00000000e8600000|  0%| F|  |TAMS 0x00000000e8500000, 0x00000000e8500000| Untracked 
| 134|0x00000000e8600000, 0x00000000e8600000, 0x00000000e8700000|  0%| F|  |TAMS 0x00000000e8600000, 0x00000000e8600000| Untracked 
| 135|0x00000000e8700000, 0x00000000e8700000, 0x00000000e8800000|  0%| F|  |TAMS 0x00000000e8700000, 0x00000000e8700000| Untracked 
| 136|0x00000000e8800000, 0x00000000e8800000, 0x00000000e8900000|  0%| F|  |TAMS 0x00000000e8800000, 0x00000000e8800000| Untracked 
| 137|0x00000000e8900000, 0x00000000e8900000, 0x00000000e8a00000|  0%| F|  |TAMS 0x00000000e8900000, 0x00000000e8900000| Untracked 
| 138|0x00000000e8a00000, 0x00000000e8a00000, 0x00000000e8b00000|  0%| F|  |TAMS 0x00000000e8a00000, 0x00000000e8a00000| Untracked 
| 139|0x00000000e8b00000, 0x00000000e8b00000, 0x00000000e8c00000|  0%| F|  |TAMS 0x00000000e8b00000, 0x00000000e8b00000| Untracked 
| 140|0x00000000e8c00000, 0x00000000e8c00000, 0x00000000e8d00000|  0%| F|  |TAMS 0x00000000e8c00000, 0x00000000e8c00000| Untracked 
| 141|0x00000000e8d00000, 0x00000000e8d00000, 0x00000000e8e00000|  0%| F|  |TAMS 0x00000000e8d00000, 0x00000000e8d00000| Untracked 
| 142|0x00000000e8e00000, 0x00000000e8e00000, 0x00000000e8f00000|  0%| F|  |TAMS 0x00000000e8e00000, 0x00000000e8e00000| Untracked 
| 143|0x00000000e8f00000, 0x00000000e8f00000, 0x00000000e9000000|  0%| F|  |TAMS 0x00000000e8f00000, 0x00000000e8f00000| Untracked 
| 144|0x00000000e9000000, 0x00000000e9000000, 0x00000000e9100000|  0%| F|  |TAMS 0x00000000e9000000, 0x00000000e9000000| Untracked 
| 145|0x00000000e9100000, 0x00000000e9100000, 0x00000000e9200000|  0%| F|  |TAMS 0x00000000e9100000, 0x00000000e9100000| Untracked 
| 146|0x00000000e9200000, 0x00000000e9200000, 0x00000000e9300000|  0%| F|  |TAMS 0x00000000e9200000, 0x00000000e9200000| Untracked 
| 147|0x00000000e9300000, 0x00000000e9300000, 0x00000000e9400000|  0%| F|  |TAMS 0x00000000e9300000, 0x00000000e9300000| Untracked 
| 148|0x00000000e9400000, 0x00000000e9400000, 0x00000000e9500000|  0%| F|  |TAMS 0x00000000e9400000, 0x00000000e9400000| Untracked 
| 149|0x00000000e9500000, 0x00000000e9500000, 0x00000000e9600000|  0%| F|  |TAMS 0x00000000e9500000, 0x00000000e9500000| Untracked 
| 150|0x00000000e9600000, 0x00000000e9600000, 0x00000000e9700000|  0%| F|  |TAMS 0x00000000e9600000, 0x00000000e9600000| Untracked 
| 151|0x00000000e9700000, 0x00000000e9780800, 0x00000000e9800000| 50%| E|  |TAMS 0x00000000e9700000, 0x00000000e9700000| Complete 
| 152|0x00000000e9800000, 0x00000000e9900000, 0x00000000e9900000|100%| E|CS|TAMS 0x00000000e9800000, 0x00000000e9800000| Complete 
| 153|0x00000000e9900000, 0x00000000e9a00000, 0x00000000e9a00000|100%| E|CS|TAMS 0x00000000e9900000, 0x00000000e9900000| Complete 
| 154|0x00000000e9a00000, 0x00000000e9b00000, 0x00000000e9b00000|100%| E|CS|TAMS 0x00000000e9a00000, 0x00000000e9a00000| Complete 
| 155|0x00000000e9b00000, 0x00000000e9c00000, 0x00000000e9c00000|100%| E|CS|TAMS 0x00000000e9b00000, 0x00000000e9b00000| Complete 
| 156|0x00000000e9c00000, 0x00000000e9d00000, 0x00000000e9d00000|100%| E|CS|TAMS 0x00000000e9c00000, 0x00000000e9c00000| Complete 
| 157|0x00000000e9d00000, 0x00000000e9e00000, 0x00000000e9e00000|100%| E|CS|TAMS 0x00000000e9d00000, 0x00000000e9d00000| Complete 
| 158|0x00000000e9e00000, 0x00000000e9f00000, 0x00000000e9f00000|100%| E|CS|TAMS 0x00000000e9e00000, 0x00000000e9e00000| Complete 
| 159|0x00000000e9f00000, 0x00000000ea000000, 0x00000000ea000000|100%| E|CS|TAMS 0x00000000e9f00000, 0x00000000e9f00000| Complete 
| 160|0x00000000ea000000, 0x00000000ea100000, 0x00000000ea100000|100%| E|CS|TAMS 0x00000000ea000000, 0x00000000ea000000| Complete 
| 161|0x00000000ea100000, 0x00000000ea200000, 0x00000000ea200000|100%| E|CS|TAMS 0x00000000ea100000, 0x00000000ea100000| Complete 
| 162|0x00000000ea200000, 0x00000000ea300000, 0x00000000ea300000|100%| E|CS|TAMS 0x00000000ea200000, 0x00000000ea200000| Complete 
| 163|0x00000000ea300000, 0x00000000ea400000, 0x00000000ea400000|100%| E|CS|TAMS 0x00000000ea300000, 0x00000000ea300000| Complete 
| 164|0x00000000ea400000, 0x00000000ea500000, 0x00000000ea500000|100%| E|CS|TAMS 0x00000000ea400000, 0x00000000ea400000| Complete 
| 165|0x00000000ea500000, 0x00000000ea600000, 0x00000000ea600000|100%| E|CS|TAMS 0x00000000ea500000, 0x00000000ea500000| Complete 
| 166|0x00000000ea600000, 0x00000000ea700000, 0x00000000ea700000|100%| E|CS|TAMS 0x00000000ea600000, 0x00000000ea600000| Complete 
| 167|0x00000000ea700000, 0x00000000ea800000, 0x00000000ea800000|100%| E|CS|TAMS 0x00000000ea700000, 0x00000000ea700000| Complete 
| 168|0x00000000ea800000, 0x00000000ea900000, 0x00000000ea900000|100%| E|CS|TAMS 0x00000000ea800000, 0x00000000ea800000| Complete 
| 169|0x00000000ea900000, 0x00000000eaa00000, 0x00000000eaa00000|100%| E|CS|TAMS 0x00000000ea900000, 0x00000000ea900000| Complete 
| 170|0x00000000eaa00000, 0x00000000eab00000, 0x00000000eab00000|100%| E|CS|TAMS 0x00000000eaa00000, 0x00000000eaa00000| Complete 
| 171|0x00000000eab00000, 0x00000000eac00000, 0x00000000eac00000|100%| E|CS|TAMS 0x00000000eab00000, 0x00000000eab00000| Complete 
| 172|0x00000000eac00000, 0x00000000ead00000, 0x00000000ead00000|100%| E|CS|TAMS 0x00000000eac00000, 0x00000000eac00000| Complete 
| 173|0x00000000ead00000, 0x00000000eae00000, 0x00000000eae00000|100%| E|CS|TAMS 0x00000000ead00000, 0x00000000ead00000| Complete 
| 174|0x00000000eae00000, 0x00000000eaf00000, 0x00000000eaf00000|100%| E|CS|TAMS 0x00000000eae00000, 0x00000000eae00000| Complete 
| 175|0x00000000eaf00000, 0x00000000eb000000, 0x00000000eb000000|100%| E|CS|TAMS 0x00000000eaf00000, 0x00000000eaf00000| Complete 
| 176|0x00000000eb000000, 0x00000000eb100000, 0x00000000eb100000|100%| E|CS|TAMS 0x00000000eb000000, 0x00000000eb000000| Complete 
| 177|0x00000000eb100000, 0x00000000eb200000, 0x00000000eb200000|100%| E|CS|TAMS 0x00000000eb100000, 0x00000000eb100000| Complete 
| 178|0x00000000eb200000, 0x00000000eb300000, 0x00000000eb300000|100%| E|CS|TAMS 0x00000000eb200000, 0x00000000eb200000| Complete 
| 179|0x00000000eb300000, 0x00000000eb400000, 0x00000000eb400000|100%| E|CS|TAMS 0x00000000eb300000, 0x00000000eb300000| Complete 
| 180|0x00000000eb400000, 0x00000000eb500000, 0x00000000eb500000|100%| E|CS|TAMS 0x00000000eb400000, 0x00000000eb400000| Complete 
| 181|0x00000000eb500000, 0x00000000eb600000, 0x00000000eb600000|100%| E|CS|TAMS 0x00000000eb500000, 0x00000000eb500000| Complete 
| 182|0x00000000eb600000, 0x00000000eb700000, 0x00000000eb700000|100%| E|CS|TAMS 0x00000000eb600000, 0x00000000eb600000| Complete 
| 183|0x00000000eb700000, 0x00000000eb800000, 0x00000000eb800000|100%| E|CS|TAMS 0x00000000eb700000, 0x00000000eb700000| Complete 
| 184|0x00000000eb800000, 0x00000000eb900000, 0x00000000eb900000|100%| E|CS|TAMS 0x00000000eb800000, 0x00000000eb800000| Complete 
| 185|0x00000000eb900000, 0x00000000eba00000, 0x00000000eba00000|100%| E|CS|TAMS 0x00000000eb900000, 0x00000000eb900000| Complete 
| 186|0x00000000eba00000, 0x00000000ebb00000, 0x00000000ebb00000|100%| E|  |TAMS 0x00000000eba00000, 0x00000000eba00000| Complete 
| 187|0x00000000ebb00000, 0x00000000ebc00000, 0x00000000ebc00000|100%| E|CS|TAMS 0x00000000ebb00000, 0x00000000ebb00000| Complete 
| 188|0x00000000ebc00000, 0x00000000ebd00000, 0x00000000ebd00000|100%| E|CS|TAMS 0x00000000ebc00000, 0x00000000ebc00000| Complete 
| 189|0x00000000ebd00000, 0x00000000ebe00000, 0x00000000ebe00000|100%| E|CS|TAMS 0x00000000ebd00000, 0x00000000ebd00000| Complete 
| 190|0x00000000ebe00000, 0x00000000ebf00000, 0x00000000ebf00000|100%| E|CS|TAMS 0x00000000ebe00000, 0x00000000ebe00000| Complete 
| 191|0x00000000ebf00000, 0x00000000ec000000, 0x00000000ec000000|100%| E|CS|TAMS 0x00000000ebf00000, 0x00000000ebf00000| Complete 
| 192|0x00000000ec000000, 0x00000000ec100000, 0x00000000ec100000|100%| E|CS|TAMS 0x00000000ec000000, 0x00000000ec000000| Complete 
| 193|0x00000000ec100000, 0x00000000ec200000, 0x00000000ec200000|100%| E|CS|TAMS 0x00000000ec100000, 0x00000000ec100000| Complete 
| 194|0x00000000ec200000, 0x00000000ec300000, 0x00000000ec300000|100%| E|CS|TAMS 0x00000000ec200000, 0x00000000ec200000| Complete 
| 195|0x00000000ec300000, 0x00000000ec400000, 0x00000000ec400000|100%| E|CS|TAMS 0x00000000ec300000, 0x00000000ec300000| Complete 
| 196|0x00000000ec400000, 0x00000000ec500000, 0x00000000ec500000|100%| E|CS|TAMS 0x00000000ec400000, 0x00000000ec400000| Complete 
| 197|0x00000000ec500000, 0x00000000ec600000, 0x00000000ec600000|100%| E|CS|TAMS 0x00000000ec500000, 0x00000000ec500000| Complete 
| 198|0x00000000ec600000, 0x00000000ec700000, 0x00000000ec700000|100%| E|CS|TAMS 0x00000000ec600000, 0x00000000ec600000| Complete 
| 199|0x00000000ec700000, 0x00000000ec800000, 0x00000000ec800000|100%| E|CS|TAMS 0x00000000ec700000, 0x00000000ec700000| Complete 
| 200|0x00000000ec800000, 0x00000000ec900000, 0x00000000ec900000|100%| E|CS|TAMS 0x00000000ec800000, 0x00000000ec800000| Complete 
| 201|0x00000000ec900000, 0x00000000eca00000, 0x00000000eca00000|100%| E|CS|TAMS 0x00000000ec900000, 0x00000000ec900000| Complete 
| 202|0x00000000eca00000, 0x00000000ecb00000, 0x00000000ecb00000|100%| E|CS|TAMS 0x00000000eca00000, 0x00000000eca00000| Complete 
| 203|0x00000000ecb00000, 0x00000000ecc00000, 0x00000000ecc00000|100%| E|CS|TAMS 0x00000000ecb00000, 0x00000000ecb00000| Complete 
| 204|0x00000000ecc00000, 0x00000000ecd00000, 0x00000000ecd00000|100%| E|CS|TAMS 0x00000000ecc00000, 0x00000000ecc00000| Complete 
| 205|0x00000000ecd00000, 0x00000000ece00000, 0x00000000ece00000|100%| E|CS|TAMS 0x00000000ecd00000, 0x00000000ecd00000| Complete 
| 206|0x00000000ece00000, 0x00000000ecf00000, 0x00000000ecf00000|100%| E|CS|TAMS 0x00000000ece00000, 0x00000000ece00000| Complete 
| 207|0x00000000ecf00000, 0x00000000ed000000, 0x00000000ed000000|100%| E|CS|TAMS 0x00000000ecf00000, 0x00000000ecf00000| Complete 
| 208|0x00000000ed000000, 0x00000000ed100000, 0x00000000ed100000|100%| E|CS|TAMS 0x00000000ed000000, 0x00000000ed000000| Complete 
| 209|0x00000000ed100000, 0x00000000ed200000, 0x00000000ed200000|100%| E|CS|TAMS 0x00000000ed100000, 0x00000000ed100000| Complete 
| 210|0x00000000ed200000, 0x00000000ed300000, 0x00000000ed300000|100%| E|CS|TAMS 0x00000000ed200000, 0x00000000ed200000| Complete 
| 211|0x00000000ed300000, 0x00000000ed400000, 0x00000000ed400000|100%| E|CS|TAMS 0x00000000ed300000, 0x00000000ed300000| Complete 
| 212|0x00000000ed400000, 0x00000000ed500000, 0x00000000ed500000|100%| E|CS|TAMS 0x00000000ed400000, 0x00000000ed400000| Complete 
| 213|0x00000000ed500000, 0x00000000ed600000, 0x00000000ed600000|100%| E|CS|TAMS 0x00000000ed500000, 0x00000000ed500000| Complete 
| 214|0x00000000ed600000, 0x00000000ed700000, 0x00000000ed700000|100%| E|CS|TAMS 0x00000000ed600000, 0x00000000ed600000| Complete 
| 215|0x00000000ed700000, 0x00000000ed7982e0, 0x00000000ed800000| 59%| S|CS|TAMS 0x00000000ed700000, 0x00000000ed700000| Complete 
| 216|0x00000000ed800000, 0x00000000ed900000, 0x00000000ed900000|100%| S|CS|TAMS 0x00000000ed800000, 0x00000000ed800000| Complete 
| 217|0x00000000ed900000, 0x00000000eda00000, 0x00000000eda00000|100%| S|CS|TAMS 0x00000000ed900000, 0x00000000ed900000| Complete 
| 218|0x00000000eda00000, 0x00000000edb00000, 0x00000000edb00000|100%| S|CS|TAMS 0x00000000eda00000, 0x00000000eda00000| Complete 
| 219|0x00000000edb00000, 0x00000000edc00000, 0x00000000edc00000|100%| S|CS|TAMS 0x00000000edb00000, 0x00000000edb00000| Complete 
| 220|0x00000000edc00000, 0x00000000edd00000, 0x00000000edd00000|100%| S|CS|TAMS 0x00000000edc00000, 0x00000000edc00000| Complete 
| 221|0x00000000edd00000, 0x00000000ede00000, 0x00000000ede00000|100%| S|CS|TAMS 0x00000000edd00000, 0x00000000edd00000| Complete 
| 222|0x00000000ede00000, 0x00000000edf00000, 0x00000000edf00000|100%| S|CS|TAMS 0x00000000ede00000, 0x00000000ede00000| Complete 
| 223|0x00000000edf00000, 0x00000000ee000000, 0x00000000ee000000|100%| S|CS|TAMS 0x00000000edf00000, 0x00000000edf00000| Complete 
| 224|0x00000000ee000000, 0x00000000ee100000, 0x00000000ee100000|100%| S|CS|TAMS 0x00000000ee000000, 0x00000000ee000000| Complete 
| 225|0x00000000ee100000, 0x00000000ee200000, 0x00000000ee200000|100%| E|CS|TAMS 0x00000000ee100000, 0x00000000ee100000| Complete 
| 226|0x00000000ee200000, 0x00000000ee300000, 0x00000000ee300000|100%| E|CS|TAMS 0x00000000ee200000, 0x00000000ee200000| Complete 
| 227|0x00000000ee300000, 0x00000000ee400000, 0x00000000ee400000|100%| E|CS|TAMS 0x00000000ee300000, 0x00000000ee300000| Complete 
| 228|0x00000000ee400000, 0x00000000ee500000, 0x00000000ee500000|100%| E|CS|TAMS 0x00000000ee400000, 0x00000000ee400000| Complete 
| 229|0x00000000ee500000, 0x00000000ee600000, 0x00000000ee600000|100%| E|CS|TAMS 0x00000000ee500000, 0x00000000ee500000| Complete 
| 230|0x00000000ee600000, 0x00000000ee700000, 0x00000000ee700000|100%| E|CS|TAMS 0x00000000ee600000, 0x00000000ee600000| Complete 
| 231|0x00000000ee700000, 0x00000000ee800000, 0x00000000ee800000|100%| E|CS|TAMS 0x00000000ee700000, 0x00000000ee700000| Complete 
| 232|0x00000000ee800000, 0x00000000ee900000, 0x00000000ee900000|100%| E|CS|TAMS 0x00000000ee800000, 0x00000000ee800000| Complete 
| 233|0x00000000ee900000, 0x00000000eea00000, 0x00000000eea00000|100%| E|CS|TAMS 0x00000000ee900000, 0x00000000ee900000| Complete 
| 234|0x00000000eea00000, 0x00000000eeb00000, 0x00000000eeb00000|100%| E|CS|TAMS 0x00000000eea00000, 0x00000000eea00000| Complete 
| 235|0x00000000eeb00000, 0x00000000eec00000, 0x00000000eec00000|100%| E|CS|TAMS 0x00000000eeb00000, 0x00000000eeb00000| Complete 
| 236|0x00000000eec00000, 0x00000000eed00000, 0x00000000eed00000|100%| E|CS|TAMS 0x00000000eec00000, 0x00000000eec00000| Complete 
| 237|0x00000000eed00000, 0x00000000eee00000, 0x00000000eee00000|100%| E|CS|TAMS 0x00000000eed00000, 0x00000000eed00000| Complete 
| 238|0x00000000eee00000, 0x00000000eef00000, 0x00000000eef00000|100%| E|CS|TAMS 0x00000000eee00000, 0x00000000eee00000| Complete 
| 239|0x00000000eef00000, 0x00000000ef000000, 0x00000000ef000000|100%| E|CS|TAMS 0x00000000eef00000, 0x00000000eef00000| Complete 
| 240|0x00000000ef000000, 0x00000000ef100000, 0x00000000ef100000|100%| E|CS|TAMS 0x00000000ef000000, 0x00000000ef000000| Complete 
| 241|0x00000000ef100000, 0x00000000ef200000, 0x00000000ef200000|100%| E|CS|TAMS 0x00000000ef100000, 0x00000000ef100000| Complete 
| 242|0x00000000ef200000, 0x00000000ef300000, 0x00000000ef300000|100%| E|CS|TAMS 0x00000000ef200000, 0x00000000ef200000| Complete 
| 243|0x00000000ef300000, 0x00000000ef400000, 0x00000000ef400000|100%| E|CS|TAMS 0x00000000ef300000, 0x00000000ef300000| Complete 
| 244|0x00000000ef400000, 0x00000000ef500000, 0x00000000ef500000|100%| E|CS|TAMS 0x00000000ef400000, 0x00000000ef400000| Complete 
| 245|0x00000000ef500000, 0x00000000ef600000, 0x00000000ef600000|100%| E|CS|TAMS 0x00000000ef500000, 0x00000000ef500000| Complete 
| 246|0x00000000ef600000, 0x00000000ef700000, 0x00000000ef700000|100%| E|CS|TAMS 0x00000000ef600000, 0x00000000ef600000| Complete 
| 247|0x00000000ef700000, 0x00000000ef800000, 0x00000000ef800000|100%| E|CS|TAMS 0x00000000ef700000, 0x00000000ef700000| Complete 
| 248|0x00000000ef800000, 0x00000000ef900000, 0x00000000ef900000|100%| E|CS|TAMS 0x00000000ef800000, 0x00000000ef800000| Complete 
| 249|0x00000000ef900000, 0x00000000efa00000, 0x00000000efa00000|100%| E|CS|TAMS 0x00000000ef900000, 0x00000000ef900000| Complete 
| 250|0x00000000efa00000, 0x00000000efb00000, 0x00000000efb00000|100%| E|CS|TAMS 0x00000000efa00000, 0x00000000efa00000| Complete 
| 251|0x00000000efb00000, 0x00000000efc00000, 0x00000000efc00000|100%| E|CS|TAMS 0x00000000efb00000, 0x00000000efb00000| Complete 
| 252|0x00000000efc00000, 0x00000000efd00000, 0x00000000efd00000|100%| E|CS|TAMS 0x00000000efc00000, 0x00000000efc00000| Complete 
| 253|0x00000000efd00000, 0x00000000efe00000, 0x00000000efe00000|100%| E|CS|TAMS 0x00000000efd00000, 0x00000000efd00000| Complete 
| 254|0x00000000efe00000, 0x00000000eff00000, 0x00000000eff00000|100%| E|CS|TAMS 0x00000000efe00000, 0x00000000efe00000| Complete 
| 255|0x00000000eff00000, 0x00000000f0000000, 0x00000000f0000000|100%| E|CS|TAMS 0x00000000eff00000, 0x00000000eff00000| Complete 

Card table byte_map: [0x000001f0f5d10000,0x000001f0f5e10000] _byte_map_base: 0x000001f0f5610000

Marking Bits (Prev, Next): (CMBitMap*) 0x000001f0de35e210, (CMBitMap*) 0x000001f0de35e250
 Prev Bits: [0x000001f0f5f10000, 0x000001f0f6710000)
 Next Bits: [0x000001f0f6710000, 0x000001f0f6f10000)

Polling page: 0x000001f0dc150000

Metaspace:

Usage:
  Non-class:     40.91 MB used.
      Class:      5.80 MB used.
       Both:     46.71 MB used.

Virtual space:
  Non-class space:       48.00 MB reserved,      41.13 MB ( 86%) committed,  6 nodes.
      Class space:      208.00 MB reserved,       5.94 MB (  3%) committed,  1 nodes.
              Both:      256.00 MB reserved,      47.06 MB ( 18%) committed. 

Chunk freelists:
   Non-Class:  2.80 MB
       Class:  2.06 MB
        Both:  4.86 MB

MaxMetaspaceSize: 256.00 MB
CompressedClassSpaceSize: 208.00 MB
 - commit_granule_bytes: 65536.
 - commit_granule_words: 8192.
 - virtual_space_node_default_size: 1048576.
 - enlarge_chunks_in_place: 1.
 - new_chunks_are_fully_committed: 0.
 - uncommit_free_chunks: 1.
 - use_allocation_guard: 0.
 - handle_deallocations: 1.


Internal statistics:

num_allocs_failed_limit: 6.
num_arena_births: 370.
num_arena_deaths: 0.
num_vsnodes_births: 7.
num_vsnodes_deaths: 0.
num_space_committed: 753.
num_space_uncommitted: 0.
num_chunks_returned_to_freelist: 6.
num_chunks_taken_from_freelist: 1788.
num_chunk_merges: 6.
num_chunk_splits: 1212.
num_chunks_enlarged: 854.
num_purges: 0.

CodeHeap 'non-profiled nmethods': size=120000Kb used=2383Kb max_used=2383Kb free=117616Kb
 bounds [0x000001f0ee7e0000, 0x000001f0eea50000, 0x000001f0f5d10000]
CodeHeap 'profiled nmethods': size=120000Kb used=8563Kb max_used=8563Kb free=111436Kb
 bounds [0x000001f0e72b0000, 0x000001f0e7b10000, 0x000001f0ee7e0000]
CodeHeap 'non-nmethods': size=5760Kb used=2294Kb max_used=2321Kb free=3465Kb
 bounds [0x000001f0e6d10000, 0x000001f0e6f80000, 0x000001f0e72b0000]
 total_blobs=5017 nmethods=4213 adapters=717
 compilation: enabled
              stopped_count=0, restarted_count=0
 full_count=0

Compilation events (20 events):
Event: 205.778 Thread 0x000001f080934450 4141       3       java.lang.invoke.InnerClassLambdaMetafactory$ForwardingMethodGenerator::<init> (11 bytes)
Event: 205.778 Thread 0x000001f080934450 nmethod 4141 0x000001f0e7aec810 code [0x000001f0e7aec9c0, 0x000001f0e7aecbc8]
Event: 205.799 Thread 0x000001f08092ba00 nmethod 4132 0x000001f0eea2b590 code [0x000001f0eea2b780, 0x000001f0eea2cb48]
Event: 205.799 Thread 0x000001f08092ba00 4142       4       jdk.internal.org.objectweb.asm.ByteVector::putInt (74 bytes)
Event: 205.801 Thread 0x000001f08092ba00 nmethod 4142 0x000001f0eea2d210 code [0x000001f0eea2d3a0, 0x000001f0eea2d4f8]
Event: 205.802 Thread 0x000001f08092ba00 4143   !   4       java.lang.ClassLoader::loadClass (122 bytes)
Event: 205.816 Thread 0x000001f080934450 4144       1       java.lang.invoke.DirectMethodHandle$Special::isInvokeSpecial (2 bytes)
Event: 205.816 Thread 0x000001f080934450 nmethod 4144 0x000001f0eea2d610 code [0x000001f0eea2d7a0, 0x000001f0eea2d878]
Event: 205.824 Thread 0x000001f08092ba00 nmethod 4143 0x000001f0eea2d910 code [0x000001f0eea2db20, 0x000001f0eea2e998]
Event: 205.824 Thread 0x000001f08092ba00 4145       4       org.gradle.internal.service.DefaultServiceRegistry$OwnServices::getService (309 bytes)
Event: 205.828 Thread 0x000001f080934450 4146       3       java.lang.invoke.MemberName::equals (24 bytes)
Event: 205.828 Thread 0x000001f080934450 nmethod 4146 0x000001f0e7aecc90 code [0x000001f0e7aece40, 0x000001f0e7aed1e8]
Event: 205.989 Thread 0x000001f080934450 4149       3       java.util.regex.Matcher::start (65 bytes)
Event: 205.990 Thread 0x000001f080934450 nmethod 4149 0x000001f0e7aed290 code [0x000001f0e7aed4e0, 0x000001f0e7aedd08]
Event: 205.990 Thread 0x000001f080934450 4150       3       java.util.regex.Pattern$Branch::match (66 bytes)
Event: 205.991 Thread 0x000001f080934450 nmethod 4150 0x000001f0e7aee090 code [0x000001f0e7aee280, 0x000001f0e7aee758]
Event: 205.991 Thread 0x000001f080934450 4148       3       java.util.regex.Matcher::end (67 bytes)
Event: 205.992 Thread 0x000001f080934450 nmethod 4148 0x000001f0e7aee910 code [0x000001f0e7aeeb60, 0x000001f0e7aef3a8]
Event: 206.089 Thread 0x000001f080934450 4151       3       java.util.concurrent.atomic.AtomicReferenceArray::<init> (13 bytes)
Event: 206.090 Thread 0x000001f080934450 nmethod 4151 0x000001f0e7aef710 code [0x000001f0e7aef8c0, 0x000001f0e7aefb18]

GC Heap History (14 events):
Event: 63.375 GC heap before
{Heap before GC invocations=0 (full 0):
 garbage-first heap   total 262144K, used 15360K [0x00000000e0000000, 0x0000000100000000)
  region size 1024K, 13 young (13312K), 0 survivors (0K)
 Metaspace       used 7132K, committed 7296K, reserved 221184K
  class space    used 578K, committed 640K, reserved 212992K
}
Event: 64.109 GC heap after
{Heap after GC invocations=1 (full 0):
 garbage-first heap   total 262144K, used 4324K [0x00000000e0000000, 0x0000000100000000)
  region size 1024K, 2 young (2048K), 2 survivors (2048K)
 Metaspace       used 7132K, committed 7296K, reserved 221184K
  class space    used 578K, committed 640K, reserved 212992K
}
Event: 87.749 GC heap before
{Heap before GC invocations=1 (full 0):
 garbage-first heap   total 262144K, used 16612K [0x00000000e0000000, 0x0000000100000000)
  region size 1024K, 12 young (12288K), 2 survivors (2048K)
 Metaspace       used 10716K, committed 10816K, reserved 229376K
  class space    used 1047K, committed 1088K, reserved 212992K
}
Event: 87.758 GC heap after
{Heap after GC invocations=2 (full 0):
 garbage-first heap   total 262144K, used 9621K [0x00000000e0000000, 0x0000000100000000)
  region size 1024K, 2 young (2048K), 2 survivors (2048K)
 Metaspace       used 10716K, committed 10816K, reserved 229376K
  class space    used 1047K, committed 1088K, reserved 212992K
}
Event: 92.589 GC heap before
{Heap before GC invocations=2 (full 0):
 garbage-first heap   total 262144K, used 18837K [0x00000000e0000000, 0x0000000100000000)
  region size 1024K, 12 young (12288K), 2 survivors (2048K)
 Metaspace       used 11570K, committed 11840K, reserved 229376K
  class space    used 1144K, committed 1280K, reserved 212992K
}
Event: 92.592 GC heap after
{Heap after GC invocations=3 (full 0):
 garbage-first heap   total 262144K, used 10169K [0x00000000e0000000, 0x0000000100000000)
  region size 1024K, 1 young (1024K), 1 survivors (1024K)
 Metaspace       used 11570K, committed 11840K, reserved 229376K
  class space    used 1144K, committed 1280K, reserved 212992K
}
Event: 102.204 GC heap before
{Heap before GC invocations=3 (full 0):
 garbage-first heap   total 262144K, used 34745K [0x00000000e0000000, 0x0000000100000000)
  region size 1024K, 25 young (25600K), 1 survivors (1024K)
 Metaspace       used 11705K, committed 11968K, reserved 229376K
  class space    used 1146K, committed 1280K, reserved 212992K
}
Event: 102.211 GC heap after
{Heap after GC invocations=4 (full 0):
 garbage-first heap   total 262144K, used 13850K [0x00000000e0000000, 0x0000000100000000)
  region size 1024K, 4 young (4096K), 4 survivors (4096K)
 Metaspace       used 11705K, committed 11968K, reserved 229376K
  class space    used 1146K, committed 1280K, reserved 212992K
}
Event: 132.480 GC heap before
{Heap before GC invocations=4 (full 0):
 garbage-first heap   total 262144K, used 55834K [0x00000000e0000000, 0x0000000100000000)
  region size 1024K, 46 young (47104K), 4 survivors (4096K)
 Metaspace       used 21073K, committed 21248K, reserved 237568K
  class space    used 2466K, committed 2560K, reserved 212992K
}
Event: 132.524 GC heap after
{Heap after GC invocations=5 (full 0):
 garbage-first heap   total 262144K, used 18181K [0x00000000e0000000, 0x0000000100000000)
  region size 1024K, 9 young (9216K), 9 survivors (9216K)
 Metaspace       used 21073K, committed 21248K, reserved 237568K
  class space    used 2466K, committed 2560K, reserved 212992K
}
Event: 158.538 GC heap before
{Heap before GC invocations=6 (full 0):
 garbage-first heap   total 262144K, used 71429K [0x00000000e0000000, 0x0000000100000000)
  region size 1024K, 62 young (63488K), 9 survivors (9216K)
 Metaspace       used 29596K, committed 29824K, reserved 245760K
  class space    used 3743K, committed 3840K, reserved 212992K
}
Event: 158.562 GC heap after
{Heap after GC invocations=7 (full 0):
 garbage-first heap   total 262144K, used 21453K [0x00000000e0000000, 0x0000000100000000)
  region size 1024K, 7 young (7168K), 7 survivors (7168K)
 Metaspace       used 29596K, committed 29824K, reserved 245760K
  class space    used 3743K, committed 3840K, reserved 212992K
}
Event: 176.248 GC heap before
{Heap before GC invocations=7 (full 0):
 garbage-first heap   total 262144K, used 52173K [0x00000000e0000000, 0x0000000100000000)
  region size 1024K, 38 young (38912K), 7 survivors (7168K)
 Metaspace       used 35355K, committed 35648K, reserved 245760K
  class space    used 4460K, committed 4608K, reserved 212992K
}
Event: 176.266 GC heap after
{Heap after GC invocations=8 (full 0):
 garbage-first heap   total 262144K, used 24138K [0x00000000e0000000, 0x0000000100000000)
  region size 1024K, 10 young (10240K), 10 survivors (10240K)
 Metaspace       used 35355K, committed 35648K, reserved 245760K
  class space    used 4460K, committed 4608K, reserved 212992K
}

Deoptimization events (20 events):
Event: 194.807 Thread 0x000001f081a195a0 Uncommon trap: trap_request=0xffffff45 fr.pc=0x000001f0ee946388 relative=0x00000000000000e8
Event: 194.807 Thread 0x000001f081a195a0 Uncommon trap: reason=unstable_if action=reinterpret pc=0x000001f0ee946388 method=org.objectweb.asm.ByteVector.putShort(I)Lorg/objectweb/asm/ByteVector; @ 13 c2
Event: 194.807 Thread 0x000001f081a195a0 DEOPT PACKING pc=0x000001f0ee946388 sp=0x000000d732bf95c0
Event: 194.807 Thread 0x000001f081a195a0 DEOPT UNPACKING pc=0x000001f0e6d5d728 sp=0x000000d732bf9558 mode 2
Event: 194.956 Thread 0x000001f081a195a0 Uncommon trap: trap_request=0xffffff45 fr.pc=0x000001f0ee9d6364 relative=0x0000000000001604
Event: 194.956 Thread 0x000001f081a195a0 Uncommon trap: reason=unstable_if action=reinterpret pc=0x000001f0ee9d6364 method=java.util.concurrent.ConcurrentHashMap.computeIfAbsent(Ljava/lang/Object;Ljava/util/function/Function;)Ljava/lang/Object; @ 123 c2
Event: 194.956 Thread 0x000001f081a195a0 DEOPT PACKING pc=0x000001f0ee9d6364 sp=0x000000d732bfa8f0
Event: 194.956 Thread 0x000001f081a195a0 DEOPT UNPACKING pc=0x000001f0e6d5d728 sp=0x000000d732bfa870 mode 2
Event: 198.388 Thread 0x000001f081a195a0 Uncommon trap: trap_request=0xffffff45 fr.pc=0x000001f0ee859a1c relative=0x000000000000017c
Event: 198.388 Thread 0x000001f081a195a0 Uncommon trap: reason=unstable_if action=reinterpret pc=0x000001f0ee859a1c method=java.net.URI$Parser.scan(IILjava/lang/String;)I @ 26 c2
Event: 198.388 Thread 0x000001f081a195a0 DEOPT PACKING pc=0x000001f0ee859a1c sp=0x000000d732bf92b0
Event: 198.388 Thread 0x000001f081a195a0 DEOPT UNPACKING pc=0x000001f0e6d5d728 sp=0x000000d732bf9240 mode 2
Event: 198.388 Thread 0x000001f081a195a0 Uncommon trap: trap_request=0xffffff45 fr.pc=0x000001f0ee83cab4 relative=0x0000000000000114
Event: 198.388 Thread 0x000001f081a195a0 Uncommon trap: reason=unstable_if action=reinterpret pc=0x000001f0ee83cab4 method=java.net.URI.match(CJJ)Z @ 45 c2
Event: 198.388 Thread 0x000001f081a195a0 DEOPT PACKING pc=0x000001f0ee83cab4 sp=0x000000d732bf9020
Event: 198.388 Thread 0x000001f081a195a0 DEOPT UNPACKING pc=0x000001f0e6d5d728 sp=0x000000d732bf8f58 mode 2
Event: 198.388 Thread 0x000001f081a195a0 Uncommon trap: trap_request=0xffffff45 fr.pc=0x000001f0ee803d68 relative=0x0000000000000048
Event: 198.388 Thread 0x000001f081a195a0 Uncommon trap: reason=unstable_if action=reinterpret pc=0x000001f0ee803d68 method=java.net.URI.match(CJJ)Z @ 19 c2
Event: 198.388 Thread 0x000001f081a195a0 DEOPT PACKING pc=0x000001f0ee803d68 sp=0x000000d732bf9030
Event: 198.388 Thread 0x000001f081a195a0 DEOPT UNPACKING pc=0x000001f0e6d5d728 sp=0x000000d732bf8fe0 mode 2

Classes unloaded (0 events):
No events

Classes redefined (0 events):
No events

Internal exceptions (20 events):
Event: 190.264 Thread 0x000001f081a195a0 Implicit null exception at 0x000001f0ee94976c to 0x000001f0ee949814
Event: 194.588 Thread 0x000001f081a195a0 Implicit null exception at 0x000001f0ee802258 to 0x000001f0ee8022ea
Event: 196.795 Thread 0x000001f081a195a0 Exception <a 'java/lang/ClassNotFoundException'{0x00000000eb717270}: build_f3oe1cvnnly89vxwhg7itvow1BeanInfo> (0x00000000eb717270) 
thrown [c:\wsjdk\correttojdksrc\installers\windows\zip\corretto-build\buildroot\src\hotspot\share\classfile\systemDictionary.cpp, line 256]
Event: 196.797 Thread 0x000001f081a195a0 Exception <a 'java/lang/ClassNotFoundException'{0x00000000eb7215a8}: org/gradle/api/internal/project/ProjectScriptBeanInfo> (0x00000000eb7215a8) 
thrown [c:\wsjdk\correttojdksrc\installers\windows\zip\corretto-build\buildroot\src\hotspot\share\classfile\systemDictionary.cpp, line 256]
Event: 196.798 Thread 0x000001f081a195a0 Exception <a 'java/lang/ClassNotFoundException'{0x00000000eb72bbd8}: org/gradle/api/internal/project/ProjectScriptCustomizer> (0x00000000eb72bbd8) 
thrown [c:\wsjdk\correttojdksrc\installers\windows\zip\corretto-build\buildroot\src\hotspot\share\classfile\systemDictionary.cpp, line 256]
Event: 196.806 Thread 0x000001f081a195a0 Exception <a 'java/lang/ClassNotFoundException'{0x00000000eb741bc0}: build_f3oe1cvnnly89vxwhg7itvow1Customizer> (0x00000000eb741bc0) 
thrown [c:\wsjdk\correttojdksrc\installers\windows\zip\corretto-build\buildroot\src\hotspot\share\classfile\systemDictionary.cpp, line 256]
Event: 196.873 Thread 0x000001f081a195a0 Exception <a 'java/lang/ClassNotFoundException'{0x00000000eb7a1b60}: org/gradle/internal/metaobject/ConfigureDelegateBeanInfo> (0x00000000eb7a1b60) 
thrown [c:\wsjdk\correttojdksrc\installers\windows\zip\corretto-build\buildroot\src\hotspot\share\classfile\systemDictionary.cpp, line 256]
Event: 196.874 Thread 0x000001f081a195a0 Exception <a 'java/lang/ClassNotFoundException'{0x00000000eb7aff28}: org/gradle/internal/metaobject/ConfigureDelegateCustomizer> (0x00000000eb7aff28) 
thrown [c:\wsjdk\correttojdksrc\installers\windows\zip\corretto-build\buildroot\src\hotspot\share\classfile\systemDictionary.cpp, line 256]
Event: 196.924 Thread 0x000001f081a195a0 Exception <a 'java/lang/ClassNotFoundException'{0x00000000eb7e5d18}: org/gradle/plugin/use/internal/PluginRequestCollector$PluginDependenciesSpecImplBeanInfo> (0x00000000eb7e5d18) 
thrown [c:\wsjdk\correttojdksrc\installers\windows\zip\corretto-build\buildroot\src\hotspot\share\classfile\systemDictionary.cpp, line 256]
Event: 196.928 Thread 0x000001f081a195a0 Exception <a 'java/lang/ClassNotFoundException'{0x00000000eb7f6378}: org/gradle/plugin/use/internal/PluginRequestCollector$PluginDependenciesSpecImplCustomizer> (0x00000000eb7f6378) 
thrown [c:\wsjdk\correttojdksrc\installers\windows\zip\corretto-build\buildroot\src\hotspot\share\classfile\systemDictionary.cpp, line 256]
Event: 197.031 Thread 0x000001f081a195a0 Exception <a 'java/lang/ClassNotFoundException'{0x00000000eb634b50}: org/gradle/plugin/use/internal/PluginRequestCollector$PluginDependencySpecImplBeanInfo> (0x00000000eb634b50) 
thrown [c:\wsjdk\correttojdksrc\installers\windows\zip\corretto-build\buildroot\src\hotspot\share\classfile\systemDictionary.cpp, line 256]
Event: 197.032 Thread 0x000001f081a195a0 Exception <a 'java/lang/ClassNotFoundException'{0x00000000eb6450b0}: org/gradle/plugin/use/internal/PluginRequestCollector$PluginDependencySpecImplCustomizer> (0x00000000eb6450b0) 
thrown [c:\wsjdk\correttojdksrc\installers\windows\zip\corretto-build\buildroot\src\hotspot\share\classfile\systemDictionary.cpp, line 256]
Event: 197.525 Thread 0x000001f081a195a0 Exception <a 'java/lang/NoSuchMethodError'{0x00000000eb4fd1a8}: 'void java.lang.invoke.DirectMethodHandle$Holder.invokeInterface(java.lang.Object, java.lang.Object)'> (0x00000000eb4fd1a8) 
thrown [c:\wsjdk\correttojdksrc\installers\windows\zip\corretto-build\buildroot\src\hotspot\share\interpreter\linkResolver.cpp, line 790]
Event: 199.071 Thread 0x000001f081a195a0 Exception <a 'java/lang/NoSuchMethodError'{0x00000000eada1a58}: 'java.lang.Object java.lang.invoke.DirectMethodHandle$Holder.newInvokeSpecial(java.lang.Object, int, java.lang.Object)'> (0x00000000eada1a58) 
thrown [c:\wsjdk\correttojdksrc\installers\windows\zip\corretto-build\buildroot\src\hotspot\share\interpreter\linkResolver.cpp, line 790]
Event: 201.244 Thread 0x000001f081a195a0 Exception <a 'java/lang/NoSuchMethodError'{0x00000000ea6d5cc8}: 'int java.lang.invoke.DirectMethodHandle$Holder.invokeInterface(java.lang.Object, java.lang.Object)'> (0x00000000ea6d5cc8) 
thrown [c:\wsjdk\correttojdksrc\installers\windows\zip\corretto-build\buildroot\src\hotspot\share\interpreter\linkResolver.cpp, line 790]
Event: 201.246 Thread 0x000001f081a195a0 Exception <a 'java/lang/IncompatibleClassChangeError'{0x00000000ea6da170}: Found class java.lang.Object, but interface was expected> (0x00000000ea6da170) 
thrown [c:\wsjdk\correttojdksrc\installers\windows\zip\corretto-build\buildroot\src\hotspot\share\interpreter\linkResolver.cpp, line 857]
Event: 201.250 Thread 0x000001f081a195a0 Exception <a 'java/lang/NoSuchMethodError'{0x00000000ea6e1f88}: 'int java.lang.invoke.DirectMethodHandle$Holder.invokeSpecialIFC(java.lang.Object, java.lang.Object, java.lang.Object, java.lang.Object, java.lang.Object)'> (0x00000000ea6e1f88) 
thrown [c:\wsjdk\correttojdksrc\installers\windows\zip\corretto-build\buildroot\src\hotspot\share\interpreter\linkResolver.cpp, line 790]
Event: 203.418 Thread 0x000001f081a195a0 Exception <a 'java/lang/NoSuchMethodError'{0x00000000ea185a48}: 'int java.lang.invoke.DirectMethodHandle$Holder.invokeStatic(java.lang.Object)'> (0x00000000ea185a48) 
thrown [c:\wsjdk\correttojdksrc\installers\windows\zip\corretto-build\buildroot\src\hotspot\share\interpreter\linkResolver.cpp, line 790]
Event: 203.420 Thread 0x000001f081a195a0 Exception <a 'java/lang/NoSuchMethodError'{0x00000000ea18a038}: 'int java.lang.invoke.DirectMethodHandle$Holder.invokeStaticInit(java.lang.Object)'> (0x00000000ea18a038) 
thrown [c:\wsjdk\correttojdksrc\installers\windows\zip\corretto-build\buildroot\src\hotspot\share\interpreter\linkResolver.cpp, line 790]
Event: 204.571 Thread 0x000001f081a195a0 Exception <a 'java/lang/NoSuchMethodError'{0x00000000e9f19970}: 'void java.lang.invoke.DirectMethodHandle$Holder.invokeStatic(java.lang.Object, java.lang.Object, java.lang.Object, int, java.lang.Object)'> (0x00000000e9f19970) 
thrown [c:\wsjdk\correttojdksrc\installers\windows\zip\corretto-build\buildroot\src\hotspot\share\interpreter\linkResolver.cpp, line 790]

Events (20 events):
Event: 201.232 loading class java/util/Collections$ReverseComparator2 done
Event: 201.727 Executing  VM operation: Cleanup
Event: 201.727 Executing  VM operation: Cleanup done
Event: 202.231 Executing  VM operation: HandshakeAllThreads
Event: 202.231 Executing  VM operation: HandshakeAllThreads done
Event: 202.785 loading class java/util/Collections$SingletonMap
Event: 202.785 loading class java/util/Collections$SingletonMap done
Event: 203.236 Executing  VM operation: Cleanup
Event: 203.236 Executing  VM operation: Cleanup done
Event: 204.243 Executing  VM operation: Cleanup
Event: 204.243 Executing  VM operation: Cleanup done
Event: 205.259 Executing  VM operation: Cleanup
Event: 205.259 Executing  VM operation: Cleanup done
Event: 205.852 loading class java/util/zip/GZIPOutputStream
Event: 205.853 loading class java/util/zip/GZIPOutputStream done
Event: 205.853 loading class java/util/zip/GZIPInputStream
Event: 205.853 loading class java/util/zip/GZIPInputStream done
Event: 205.917 loading class java/lang/ThreadLocal$SuppliedThreadLocal
Event: 205.933 loading class java/lang/ThreadLocal$SuppliedThreadLocal done
Event: 206.089 Thread 0x000001f081b809c0 Thread added: 0x000001f081b809c0


Dynamic libraries:
0x00007ff7e0cf0000 - 0x00007ff7e0cfd000 	C:\Users\shivam\.jdks\corretto-16.0.2\bin\java.exe
0x00007ffe346f0000 - 0x00007ffe348e5000 	C:\WINDOWS\SYSTEM32\ntdll.dll
0x00007ffe330e0000 - 0x00007ffe3319e000 	C:\WINDOWS\System32\KERNEL32.DLL
0x00007ffe323d0000 - 0x00007ffe32698000 	C:\WINDOWS\System32\KERNELBASE.dll
0x00007ffe322d0000 - 0x00007ffe323d0000 	C:\WINDOWS\System32\ucrtbase.dll
0x00007ffe2e6c0000 - 0x00007ffe2e6d8000 	C:\Users\shivam\.jdks\corretto-16.0.2\bin\jli.dll
0x00007ffe34440000 - 0x00007ffe345e1000 	C:\WINDOWS\System32\USER32.dll
0x00007ffe32070000 - 0x00007ffe32092000 	C:\WINDOWS\System32\win32u.dll
0x00007ffe2a380000 - 0x00007ffe2a61a000 	C:\WINDOWS\WinSxS\amd64_microsoft.windows.common-controls_6595b64144ccf1df_6.0.19041.1110_none_60b5254171f9507e\COMCTL32.dll
0x00007ffe33310000 - 0x00007ffe3333b000 	C:\WINDOWS\System32\GDI32.dll
0x00007ffe32730000 - 0x00007ffe327ce000 	C:\WINDOWS\System32\msvcrt.dll
0x00007ffe31e00000 - 0x00007ffe31f0d000 	C:\WINDOWS\System32\gdi32full.dll
0x00007ffe32230000 - 0x00007ffe322cd000 	C:\WINDOWS\System32\msvcp_win.dll
0x00007ffe2ab00000 - 0x00007ffe2ab15000 	C:\Users\shivam\.jdks\corretto-16.0.2\bin\VCRUNTIME140.dll
0x00007ffe331a0000 - 0x00007ffe331d0000 	C:\WINDOWS\System32\IMM32.DLL
0x00007ffe1a700000 - 0x00007ffe1a79b000 	C:\Users\shivam\.jdks\corretto-16.0.2\bin\msvcp140.dll
0x00007ffdd5940000 - 0x00007ffdd6549000 	C:\Users\shivam\.jdks\corretto-16.0.2\bin\server\jvm.dll
0x00007ffe331d0000 - 0x00007ffe3327c000 	C:\WINDOWS\System32\ADVAPI32.dll
0x00007ffe33340000 - 0x00007ffe333db000 	C:\WINDOWS\System32\sechost.dll
0x00007ffe32b90000 - 0x00007ffe32cba000 	C:\WINDOWS\System32\RPCRT4.dll
0x00007ffe33300000 - 0x00007ffe33308000 	C:\WINDOWS\System32\PSAPI.DLL
0x00007ffe2ebf0000 - 0x00007ffe2ebf9000 	C:\WINDOWS\SYSTEM32\WSOCK32.dll
0x00007ffe32b00000 - 0x00007ffe32b6b000 	C:\WINDOWS\System32\WS2_32.dll
0x00007ffe2a780000 - 0x00007ffe2a78a000 	C:\WINDOWS\SYSTEM32\VERSION.dll
0x00007ffe2a6d0000 - 0x00007ffe2a6f7000 	C:\WINDOWS\SYSTEM32\WINMM.dll
0x00007ffe2fc10000 - 0x00007ffe2fc22000 	C:\WINDOWS\SYSTEM32\kernel.appcore.dll
0x00007ffe2f540000 - 0x00007ffe2f54a000 	C:\Users\shivam\.jdks\corretto-16.0.2\bin\jimage.dll
0x00007ffe1de10000 - 0x00007ffe1dff4000 	C:\WINDOWS\SYSTEM32\DBGHELP.DLL
0x00007ffe1dad0000 - 0x00007ffe1dafc000 	C:\WINDOWS\SYSTEM32\dbgcore.DLL
0x00007ffe321a0000 - 0x00007ffe32222000 	C:\WINDOWS\System32\bcryptPrimitives.dll
0x00007ffe1a6d0000 - 0x00007ffe1a6f5000 	C:\Users\shivam\.jdks\corretto-16.0.2\bin\java.dll
0x00007ffe33b30000 - 0x00007ffe34274000 	C:\WINDOWS\System32\SHELL32.dll
0x00007ffe2fef0000 - 0x00007ffe30684000 	C:\WINDOWS\SYSTEM32\windows.storage.dll
0x00007ffe32cc0000 - 0x00007ffe33015000 	C:\WINDOWS\System32\combase.dll
0x00007ffe31780000 - 0x00007ffe317ae000 	C:\WINDOWS\SYSTEM32\Wldp.dll
0x00007ffe33030000 - 0x00007ffe330dd000 	C:\WINDOWS\System32\SHCORE.dll
0x00007ffe338c0000 - 0x00007ffe33915000 	C:\WINDOWS\System32\shlwapi.dll
0x00007ffe31d40000 - 0x00007ffe31d5f000 	C:\WINDOWS\SYSTEM32\profapi.dll
0x00007ffe262c0000 - 0x00007ffe262d9000 	C:\Users\shivam\.jdks\corretto-16.0.2\bin\net.dll
0x00007ffe28b70000 - 0x00007ffe28c7c000 	C:\WINDOWS\SYSTEM32\WINHTTP.dll
0x00007ffe314e0000 - 0x00007ffe3154a000 	C:\WINDOWS\system32\mswsock.dll
0x00007ffe241d0000 - 0x00007ffe241e3000 	C:\Users\shivam\.jdks\corretto-16.0.2\bin\nio.dll
0x00007ffe1b2c0000 - 0x00007ffe1b2d8000 	C:\Users\shivam\.jdks\corretto-16.0.2\bin\zip.dll
0x00007ffe2f550000 - 0x00007ffe2f560000 	C:\Users\shivam\.jdks\corretto-16.0.2\bin\verify.dll
0x00007ffe2e790000 - 0x00007ffe2e7b7000 	C:\Users\shivam\.gradle\native\e1d6ef7f7dcc3fd88c89a11ec53ec762bb8ba0a96d01ffa2cd45eb1d1d8dd5c5\windows-amd64\native-platform.dll
0x00007ffe12dc0000 - 0x00007ffe12f04000 	C:\Users\shivam\.gradle\native\5664cfc778a61ccfe75a443a1ab52a65af34e5dc3c78e0209fed803814484fcb\windows-amd64\native-platform-file-events.dll
0x00007ffe2e770000 - 0x00007ffe2e779000 	C:\Users\shivam\.jdks\corretto-16.0.2\bin\management.dll
0x00007ffe2aad0000 - 0x00007ffe2aadb000 	C:\Users\shivam\.jdks\corretto-16.0.2\bin\management_ext.dll
0x00007ffe316d0000 - 0x00007ffe316e8000 	C:\WINDOWS\SYSTEM32\CRYPTSP.dll
0x00007ffe30e60000 - 0x00007ffe30e94000 	C:\WINDOWS\system32\rsaenh.dll
0x00007ffe32700000 - 0x00007ffe32727000 	C:\WINDOWS\System32\bcrypt.dll
0x00007ffe31cc0000 - 0x00007ffe31cee000 	C:\WINDOWS\SYSTEM32\USERENV.dll
0x00007ffe316f0000 - 0x00007ffe316fc000 	C:\WINDOWS\SYSTEM32\CRYPTBASE.dll
0x00007ffe311d0000 - 0x00007ffe3120b000 	C:\WINDOWS\SYSTEM32\IPHLPAPI.DLL
0x00007ffe346a0000 - 0x00007ffe346a8000 	C:\WINDOWS\System32\NSI.dll
0x00007ffe29630000 - 0x00007ffe29647000 	C:\WINDOWS\SYSTEM32\dhcpcsvc6.DLL
0x00007ffe2a0b0000 - 0x00007ffe2a0cd000 	C:\WINDOWS\SYSTEM32\dhcpcsvc.DLL
0x00007ffe31210000 - 0x00007ffe312db000 	C:\WINDOWS\SYSTEM32\DNSAPI.dll
0x00007ffe2f040000 - 0x00007ffe2f04e000 	C:\Users\shivam\.jdks\corretto-16.0.2\bin\sunmscapi.dll
0x00007ffe31f10000 - 0x00007ffe32066000 	C:\WINDOWS\System32\CRYPT32.dll
0x00007ffe317f0000 - 0x00007ffe31817000 	C:\WINDOWS\SYSTEM32\ncrypt.dll
0x00007ffe317b0000 - 0x00007ffe317eb000 	C:\WINDOWS\SYSTEM32\NTASN1.dll
0x00007ffe2a920000 - 0x00007ffe2a927000 	C:\WINDOWS\system32\wshunix.dll

dbghelp: loaded successfully - version: 4.0.5 - missing functions: none
symbol engine: initialized successfully - sym options: 0x614 - pdb path: .;C:\Users\shivam\.jdks\corretto-16.0.2\bin;C:\WINDOWS\SYSTEM32;C:\WINDOWS\WinSxS\amd64_microsoft.windows.common-controls_6595b64144ccf1df_6.0.19041.1110_none_60b5254171f9507e;C:\Users\shivam\.jdks\corretto-16.0.2\bin\server;C:\Users\shivam\.gradle\native\e1d6ef7f7dcc3fd88c89a11ec53ec762bb8ba0a96d01ffa2cd45eb1d1d8dd5c5\windows-amd64;C:\Users\shivam\.gradle\native\5664cfc778a61ccfe75a443a1ab52a65af34e5dc3c78e0209fed803814484fcb\windows-amd64

VM Arguments:
jvm_args: --add-opens=java.base/java.util=ALL-UNNAMED --add-opens=java.base/java.lang=ALL-UNNAMED --add-opens=java.base/java.lang.invoke=ALL-UNNAMED --add-opens=java.base/java.util=ALL-UNNAMED --add-opens=java.prefs/java.util.prefs=ALL-UNNAMED --add-opens=java.prefs/java.util.prefs=ALL-UNNAMED --add-opens=java.base/java.nio.charset=ALL-UNNAMED --add-opens=java.base/java.net=ALL-UNNAMED --add-opens=java.base/java.util.concurrent.atomic=ALL-UNNAMED -XX:MaxMetaspaceSize=256m -XX:+HeapDumpOnOutOfMemoryError -Xms256m -Xmx512m -Dfile.encoding=windows-1252 -Duser.country=IN -Duser.language=en -Duser.variant 
java_command: org.gradle.launcher.daemon.bootstrap.GradleDaemon 7.3.2
java_class_path (initial): C:\Users\shivam\.gradle\wrapper\dists\gradle-7.3.2-bin\4k4cn06q0rruwh9dpndf9gmi8\gradle-7.3.2\lib\gradle-launcher-7.3.2.jar
Launcher Type: SUN_STANDARD

[Global flags]
     intx CICompilerCount                          = 3                                         {product} {ergonomic}
   size_t CompressedClassSpaceSize                 = 218103808                                 {product} {ergonomic}
     uint ConcGCThreads                            = 1                                         {product} {ergonomic}
     uint G1ConcRefinementThreads                  = 4                                         {product} {ergonomic}
   size_t G1HeapRegionSize                         = 1048576                                   {product} {ergonomic}
    uintx GCDrainStackTargetSize                   = 64                                        {product} {ergonomic}
     bool HeapDumpOnOutOfMemoryError               = true                                   {manageable} {command line}
   size_t InitialHeapSize                          = 268435456                                 {product} {command line}
   size_t MarkStackSize                            = 4194304                                   {product} {ergonomic}
   size_t MaxHeapSize                              = 536870912                                 {product} {command line}
   size_t MaxMetaspaceSize                         = 268435456                                 {product} {command line}
   size_t MaxNewSize                               = 321912832                                 {product} {ergonomic}
   size_t MinHeapDeltaBytes                        = 1048576                                   {product} {ergonomic}
   size_t MinHeapSize                              = 268435456                                 {product} {command line}
    uintx NonNMethodCodeHeapSize                   = 5832780                                {pd product} {ergonomic}
    uintx NonProfiledCodeHeapSize                  = 122912730                              {pd product} {ergonomic}
    uintx ProfiledCodeHeapSize                     = 122912730                              {pd product} {ergonomic}
    uintx ReservedCodeCacheSize                    = 251658240                              {pd product} {ergonomic}
     bool SegmentedCodeCache                       = true                                      {product} {ergonomic}
   size_t SoftMaxHeapSize                          = 536870912                              {manageable} {ergonomic}
     bool UseCompressedClassPointers               = true                           {product lp64_product} {ergonomic}
     bool UseCompressedOops                        = true                           {product lp64_product} {ergonomic}
     bool UseG1GC                                  = true                                      {product} {ergonomic}
     bool UseLargePagesIndividualAllocation        = false                                  {pd product} {ergonomic}

Logging:
Log output configuration:
 #0: stdout all=warning uptime,level,tags
 #1: stderr all=off uptime,level,tags

Environment Variables:
PATH=C:\Program Files\Common Files\Oracle\Java\javapath;C:\Program Files (x86)\NVIDIA Corporation\PhysX\Common;C:\WINDOWS\system32;C:\WINDOWS;C:\WINDOWS\System32\Wbem;C:\WINDOWS\System32\WindowsPowerShell\v1.0\;C:\WINDOWS\System32\OpenSSH\;C:\Program Files\Git\cmd;C:\msys64\mingw64\bin;C:\Program Files\MySQL\MySQL Shell 8.0\bin\;C:\Users\shivam\AppData\Local\Microsoft\WindowsApps;C:\Users\shivam\AppData\Local\Programs\Microsoft VS Code\bin;C:\Program Files\Java\jdk-17\bin;C:\Users\shivam\AppData\Local\GitHubDesktop\bin;C:\Program Files\Git\bin
USERNAME=shivam
OS=Windows_NT
PROCESSOR_IDENTIFIER=Intel64 Family 6 Model 37 Stepping 5, GenuineIntel



---------------  S Y S T E M  ---------------

OS:
 Windows 10 , 64 bit Build 19041 (10.0.19041.1348)
OS uptime: 1 days 19:22 hours

CPU: total 4 (initial active 4) (2 cores per cpu, 2 threads per core) family 6 model 37 stepping 5 microcode 0x7, cx8, cmov, fxsr, ht, mmx, sse, sse2, sse3, ssse3, sse4.1, sse4.2, popcnt, tsc, tscinvbit, clflush

Memory: 4k page, system-wide physical 3958M (53M free)
TotalPageFile size 16246M (AvailPageFile size 0M)
current process WorkingSet (physical memory assigned to process): 219M, peak: 223M
current process commit charge ("private bytes"): 439M, peak: 439M

vm_info: OpenJDK 64-Bit Server VM (16.0.2+7) for windows-amd64 JRE (16.0.2+7), built on Jul 22 2021 01:11:46 by "Administrator" with MS VC++ 15.9 (VS2017)

END.
