#
# There is insufficient memory for the Java Runtime Environment to continue.
# Native memory allocation (malloc) failed to allocate 1121136 bytes for Chunk::new
# Possible reasons:
#   The system is out of physical RAM or swap space
#   The process is running with CompressedOops enabled, and the Java Heap may be blocking the growth of the native heap
# Possible solutions:
#   Reduce memory load on the system
#   Increase physical memory or swap space
#   Check if swap backing store is full
#   Decrease Java heap size (-Xmx/-Xms)
#   Decrease number of Java threads
#   Decrease Java thread stack sizes (-Xss)
#   Set larger code cache with -XX:ReservedCodeCacheSize=
#   JVM is running with Unscaled Compressed Oops mode in which the Java heap is
#     placed in the first 4GB address space. The Java Heap base address is the
#     maximum limit for the native heap growth. Please use -XX:HeapBaseMinAddress
#     to set the Java Heap base and to place the Java Heap above 4GB virtual address.
# This output file may be truncated or incomplete.
#
#  Out of Memory Error (arena.cpp:195), pid=9984, tid=4308
#
# JRE version: OpenJDK Runtime Environment Corretto-16.0.2.7.1 (16.0.2+7) (build 16.0.2+7)
# Java VM: OpenJDK 64-Bit Server VM Corretto-16.0.2.7.1 (16.0.2+7, mixed mode, sharing, tiered, compressed oops, compressed class ptrs, g1 gc, windows-amd64)
# No core dump will be written. Minidumps are not enabled by default on client versions of Windows
#

---------------  S U M M A R Y ------------

Command Line: --add-opens=java.base/java.util=ALL-UNNAMED --add-opens=java.base/java.lang=ALL-UNNAMED --add-opens=java.base/java.lang.invoke=ALL-UNNAMED --add-opens=java.base/java.util=ALL-UNNAMED --add-opens=java.prefs/java.util.prefs=ALL-UNNAMED --add-opens=java.prefs/java.util.prefs=ALL-UNNAMED --add-opens=java.base/java.nio.charset=ALL-UNNAMED --add-opens=java.base/java.net=ALL-UNNAMED --add-opens=java.base/java.util.concurrent.atomic=ALL-UNNAMED -XX:MaxMetaspaceSize=256m -XX:+HeapDumpOnOutOfMemoryError -Xms256m -Xmx512m -Dfile.encoding=windows-1252 -Duser.country=IN -Duser.language=en -Duser.variant org.gradle.launcher.daemon.bootstrap.GradleDaemon 7.3.2

Host: Intel(R) Core(TM) i5 CPU       M 480  @ 2.67GHz, 4 cores, 3G,  Windows 10 , 64 bit Build 19041 (10.0.19041.1348)
Time: Wed Jan 12 13:53:53 2022 India Standard Time elapsed time: 217.283514 seconds (0d 0h 3m 37s)

---------------  T H R E A D  ---------------

Current thread (0x0000029ad4757f90):  JavaThread "C2 CompilerThread0" daemon [_thread_in_native, id=4308, stack(0x000000afd4600000,0x000000afd4700000)]


Current CompileTask:
C2: 217507 3071  s!   4       jdk.internal.loader.URLClassPath::getLoader (194 bytes)

Stack: [0x000000afd4600000,0x000000afd4700000]
Native frames: (J=compiled Java code, j=interpreted, Vv=VM code, C=native code)
V  [jvm.dll+0x647e0a]
V  [jvm.dll+0x7f0549]
V  [jvm.dll+0x7f1cfe]
V  [jvm.dll+0x7f2343]
V  [jvm.dll+0x23dd88]
V  [jvm.dll+0xc879a]
V  [jvm.dll+0xc8d4c]
V  [jvm.dll+0x351627]
V  [jvm.dll+0x1b750c]
V  [jvm.dll+0x210a7f]
V  [jvm.dll+0x20ff17]
V  [jvm.dll+0x1a0d9b]
V  [jvm.dll+0x21f909]
V  [jvm.dll+0x21da9b]
V  [jvm.dll+0x7a8662]
V  [jvm.dll+0x7a223a]
V  [jvm.dll+0x646c46]
C  [ucrtbase.dll+0x21bb2]
C  [KERNEL32.DLL+0x17034]
C  [ntdll.dll+0x52651]


---------------  P R O C E S S  ---------------

Threads class SMR info:
_java_thread_list=0x0000029ad56c5ce0, length=34, elements={
0x0000029ab8e66b80, 0x0000029ad4730b80, 0x0000029ad4732190, 0x0000029ad4741ea0,
0x0000029ad4745b30, 0x0000029ad4748450, 0x0000029ad4748d60, 0x0000029ad4757f90,
0x0000029ad47860a0, 0x0000029ad479ca00, 0x0000029ad51c12f0, 0x0000029ad51c9820,
0x0000029ad602fb70, 0x0000029ad5762830, 0x0000029ad5b3c090, 0x0000029ad53ae530,
0x0000029ad52bf030, 0x0000029ad52bfcf0, 0x0000029ad5cc2760, 0x0000029ad6642070,
0x0000029ad6644af0, 0x0000029ad6644050, 0x0000029ad66445a0, 0x0000029ad6645040,
0x0000029ad6641b20, 0x0000029ad66435b0, 0x0000029ad66425c0, 0x0000029ad6642b10,
0x0000029ad6643060, 0x0000029ad6643b00, 0x0000029ad7c2cb40, 0x0000029ad7c28b80,
0x0000029ad7c2ab60, 0x0000029ad7c28630
}

Java Threads: ( => current thread )
  0x0000029ab8e66b80 JavaThread "main" [_thread_blocked, id=8812, stack(0x000000afd3900000,0x000000afd3a00000)]
  0x0000029ad4730b80 JavaThread "Reference Handler" daemon [_thread_blocked, id=13940, stack(0x000000afd4000000,0x000000afd4100000)]
  0x0000029ad4732190 JavaThread "Finalizer" daemon [_thread_blocked, id=13708, stack(0x000000afd4100000,0x000000afd4200000)]
  0x0000029ad4741ea0 JavaThread "Signal Dispatcher" daemon [_thread_blocked, id=6236, stack(0x000000afd4200000,0x000000afd4300000)]
  0x0000029ad4745b30 JavaThread "Attach Listener" daemon [_thread_blocked, id=2828, stack(0x000000afd4300000,0x000000afd4400000)]
  0x0000029ad4748450 JavaThread "Service Thread" daemon [_thread_blocked, id=2580, stack(0x000000afd4400000,0x000000afd4500000)]
  0x0000029ad4748d60 JavaThread "Monitor Deflation Thread" daemon [_thread_blocked, id=8396, stack(0x000000afd4500000,0x000000afd4600000)]
=>0x0000029ad4757f90 JavaThread "C2 CompilerThread0" daemon [_thread_in_native, id=4308, stack(0x000000afd4600000,0x000000afd4700000)]
  0x0000029ad47860a0 JavaThread "C1 CompilerThread0" daemon [_thread_blocked, id=12576, stack(0x000000afd4700000,0x000000afd4800000)]
  0x0000029ad479ca00 JavaThread "Sweeper thread" daemon [_thread_blocked, id=7180, stack(0x000000afd4800000,0x000000afd4900000)]
  0x0000029ad51c12f0 JavaThread "Common-Cleaner" daemon [_thread_blocked, id=12884, stack(0x000000afd4900000,0x000000afd4a00000)]
  0x0000029ad51c9820 JavaThread "Notification Thread" daemon [_thread_blocked, id=5300, stack(0x000000afd4a00000,0x000000afd4b00000)]
  0x0000029ad602fb70 JavaThread "Daemon health stats" [_thread_blocked, id=14024, stack(0x000000afd4f00000,0x000000afd5000000)]
  0x0000029ad5762830 JavaThread "Incoming local TCP Connector on port 55792" [_thread_in_native, id=13488, stack(0x000000afd3700000,0x000000afd3800000)]
  0x0000029ad5b3c090 JavaThread "Daemon periodic checks" [_thread_blocked, id=3836, stack(0x000000afd3800000,0x000000afd3900000)]
  0x0000029ad53ae530 JavaThread "Daemon" [_thread_blocked, id=12820, stack(0x000000afd5100000,0x000000afd5200000)]
  0x0000029ad52bf030 JavaThread "Handler for socket connection from /127.0.0.1:55792 to /127.0.0.1:55793" [_thread_in_native, id=8460, stack(0x000000afd5200000,0x000000afd5300000)]
  0x0000029ad52bfcf0 JavaThread "Cancel handler" [_thread_blocked, id=11876, stack(0x000000afd5300000,0x000000afd5400000)]
  0x0000029ad5cc2760 JavaThread "Daemon worker" [_thread_in_native, id=10160, stack(0x000000afd5400000,0x000000afd5500000)]
  0x0000029ad6642070 JavaThread "Asynchronous log dispatcher for DefaultDaemonConnection: socket connection from /127.0.0.1:55792 to /127.0.0.1:55793" [_thread_blocked, id=2816, stack(0x000000afd5500000,0x000000afd5600000)]
  0x0000029ad6644af0 JavaThread "Stdin handler" [_thread_blocked, id=3544, stack(0x000000afd5800000,0x000000afd5900000)]
  0x0000029ad6644050 JavaThread "Daemon client event forwarder" [_thread_blocked, id=10256, stack(0x000000afd5900000,0x000000afd5a00000)]
  0x0000029ad66445a0 JavaThread "Cache worker for journal cache (C:\Users\shivam\.gradle\caches\journal-1)" [_thread_blocked, id=2400, stack(0x000000afd5a00000,0x000000afd5b00000)]
  0x0000029ad6645040 JavaThread "File lock request listener" [_thread_in_native, id=8848, stack(0x000000afd5b00000,0x000000afd5c00000)]
  0x0000029ad6641b20 JavaThread "Cache worker for file hash cache (C:\Users\shivam\.gradle\caches\7.3.2\fileHashes)" [_thread_blocked, id=3824, stack(0x000000afd5c00000,0x000000afd5d00000)]
  0x0000029ad66435b0 JavaThread "Cache worker for file hash cache (C:\Users\shivam\Downloads\JavaSpring\JavaSpring\.gradle\7.3.2\fileHashes)" [_thread_blocked, id=14064, stack(0x000000afd3600000,0x000000afd3700000)]
  0x0000029ad66425c0 JavaThread "File watcher server" daemon [_thread_in_native, id=11036, stack(0x000000afd5000000,0x000000afd5100000)]
  0x0000029ad6642b10 JavaThread "File watcher consumer" daemon [_thread_blocked, id=7464, stack(0x000000afd5d00000,0x000000afd5e00000)]
  0x0000029ad6643060 JavaThread "Cache worker for checksums cache (C:\Users\shivam\Downloads\JavaSpring\JavaSpring\.gradle\7.3.2\checksums)" [_thread_blocked, id=9428, stack(0x000000afd5e00000,0x000000afd5f00000)]
  0x0000029ad6643b00 JavaThread "Cache worker for cache directory md-supplier (C:\Users\shivam\.gradle\caches\7.3.2\md-supplier)" [_thread_blocked, id=11820, stack(0x000000afd5f00000,0x000000afd6000000)]
  0x0000029ad7c2cb40 JavaThread "Cache worker for cache directory md-rule (C:\Users\shivam\.gradle\caches\7.3.2\md-rule)" [_thread_blocked, id=6648, stack(0x000000afd6000000,0x000000afd6100000)]
  0x0000029ad7c28b80 JavaThread "Cache worker for execution history cache (C:\Users\shivam\.gradle\caches\7.3.2\executionHistory)" [_thread_blocked, id=12568, stack(0x000000afd6100000,0x000000afd6200000)]
  0x0000029ad7c2ab60 JavaThread "jar transforms" [_thread_blocked, id=14000, stack(0x000000afd5600000,0x000000afd5700000)]
  0x0000029ad7c28630 JavaThread "jar transforms Thread 2" [_thread_blocked, id=9160, stack(0x000000afd5700000,0x000000afd5800000)]

Other Threads:
  0x0000029ad4728720 VMThread "VM Thread" [stack: 0x000000afd3f00000,0x000000afd4000000] [id=13872]
  0x0000029ad51c9d40 WatcherThread [stack: 0x000000afd4b00000,0x000000afd4c00000] [id=11184]
  0x0000029ab8e917d0 GCTaskThread "GC Thread#0" [stack: 0x000000afd3a00000,0x000000afd3b00000] [id=6680]
  0x0000029ad516d550 GCTaskThread "GC Thread#1" [stack: 0x000000afd4c00000,0x000000afd4d00000] [id=11496]
  0x0000029ad54f7a80 GCTaskThread "GC Thread#2" [stack: 0x000000afd4d00000,0x000000afd4e00000] [id=12656]
  0x0000029ad599d320 GCTaskThread "GC Thread#3" [stack: 0x000000afd4e00000,0x000000afd4f00000] [id=6924]
  0x0000029ab8e96f60 ConcurrentGCThread "G1 Main Marker" [stack: 0x000000afd3b00000,0x000000afd3c00000] [id=14316]
  0x0000029ab8e978e0 ConcurrentGCThread "G1 Conc#0" [stack: 0x000000afd3c00000,0x000000afd3d00000] [id=11384]
  0x0000029ab8f4d120 ConcurrentGCThread "G1 Refine#0" [stack: 0x000000afd3d00000,0x000000afd3e00000] [id=7860]
  0x0000029ab8f4dab0 ConcurrentGCThread "G1 Service" [stack: 0x000000afd3e00000,0x000000afd3f00000] [id=13764]

Threads with active compile tasks:
C2 CompilerThread0   226912 3071  s!   4       jdk.internal.loader.URLClassPath::getLoader (194 bytes)

VM state: not at safepoint (normal execution)

VM Mutex/Monitor currently owned by a thread: None

Heap address: 0x00000000e0000000, size: 512 MB, Compressed Oops mode: 32-bit

CDS archive(s) mapped at: [0x0000000800000000-0x0000000800be0000-0x0000000800be0000), size 12451840, SharedBaseAddress: 0x0000000800000000, ArchiveRelocationMode: 0.
Compressed class space mapped at: 0x0000000800c00000-0x000000080dc00000, reserved size: 218103808
Narrow klass base: 0x0000000800000000, Narrow klass shift: 3, Narrow klass range: 0x100000000

GC Precious Log:
 CPUs: 4 total, 4 available
 Memory: 3958M
 Large Page Support: Disabled
 NUMA Support: Disabled
 Compressed Oops: Enabled (32-bit)
 Heap Region Size: 1M
 Heap Min Capacity: 256M
 Heap Initial Capacity: 256M
 Heap Max Capacity: 512M
 Pre-touch: Disabled
 Parallel Workers: 4
 Concurrent Workers: 1
 Concurrent Refinement Workers: 4
 Periodic GC: Disabled

Heap:
 garbage-first heap   total 262144K, used 40454K [0x00000000e0000000, 0x0000000100000000)
  region size 1024K, 21 young (21504K), 1 survivors (1024K)
 Metaspace       used 25771K, committed 26176K, reserved 237568K
  class space    used 3652K, committed 3840K, reserved 212992K

Heap Regions: E=young(eden), S=young(survivor), O=old, HS=humongous(starts), HC=humongous(continues), CS=collection set, F=free, OA=open archive, CA=closed archive, TAMS=top-at-mark-start (previous, next)
|   0|0x00000000e0000000, 0x00000000e0100000, 0x00000000e0100000|100%|HS|  |TAMS 0x00000000e0100000, 0x00000000e0000000| Complete 
|   1|0x00000000e0100000, 0x00000000e0200000, 0x00000000e0200000|100%|HC|  |TAMS 0x00000000e0200000, 0x00000000e0100000| Complete 
|   2|0x00000000e0200000, 0x00000000e0300000, 0x00000000e0300000|100%|HC|  |TAMS 0x00000000e0300000, 0x00000000e0200000| Complete 
|   3|0x00000000e0300000, 0x00000000e0400000, 0x00000000e0400000|100%| O|  |TAMS 0x00000000e0400000, 0x00000000e0300000| Untracked 
|   4|0x00000000e0400000, 0x00000000e0500000, 0x00000000e0500000|100%| O|  |TAMS 0x00000000e0500000, 0x00000000e0400000| Untracked 
|   5|0x00000000e0500000, 0x00000000e0600000, 0x00000000e0600000|100%| O|  |TAMS 0x00000000e0600000, 0x00000000e0500000| Untracked 
|   6|0x00000000e0600000, 0x00000000e0700000, 0x00000000e0700000|100%| O|  |TAMS 0x00000000e0700000, 0x00000000e0600000| Untracked 
|   7|0x00000000e0700000, 0x00000000e0800000, 0x00000000e0800000|100%| O|  |TAMS 0x00000000e0800000, 0x00000000e0700000| Untracked 
|   8|0x00000000e0800000, 0x00000000e0900000, 0x00000000e0900000|100%| O|  |TAMS 0x00000000e0900000, 0x00000000e0800000| Untracked 
|   9|0x00000000e0900000, 0x00000000e0a00000, 0x00000000e0a00000|100%| O|  |TAMS 0x00000000e0920800, 0x00000000e0900000| Untracked 
|  10|0x00000000e0a00000, 0x00000000e0b00000, 0x00000000e0b00000|100%| O|  |TAMS 0x00000000e0a00000, 0x00000000e0a00000| Untracked 
|  11|0x00000000e0b00000, 0x00000000e0c00000, 0x00000000e0c00000|100%| O|  |TAMS 0x00000000e0b00000, 0x00000000e0b00000| Untracked 
|  12|0x00000000e0c00000, 0x00000000e0d00000, 0x00000000e0d00000|100%| O|  |TAMS 0x00000000e0c00000, 0x00000000e0c00000| Untracked 
|  13|0x00000000e0d00000, 0x00000000e0e00000, 0x00000000e0e00000|100%| O|  |TAMS 0x00000000e0d00000, 0x00000000e0d00000| Untracked 
|  14|0x00000000e0e00000, 0x00000000e0f00000, 0x00000000e0f00000|100%| O|  |TAMS 0x00000000e0e00000, 0x00000000e0e00000| Untracked 
|  15|0x00000000e0f00000, 0x00000000e1000000, 0x00000000e1000000|100%| O|  |TAMS 0x00000000e0f00000, 0x00000000e0f00000| Untracked 
|  16|0x00000000e1000000, 0x00000000e1100000, 0x00000000e1100000|100%| O|  |TAMS 0x00000000e1000000, 0x00000000e1000000| Untracked 
|  17|0x00000000e1100000, 0x00000000e1200000, 0x00000000e1200000|100%| O|  |TAMS 0x00000000e1100000, 0x00000000e1100000| Untracked 
|  18|0x00000000e1200000, 0x00000000e1300000, 0x00000000e1300000|100%| O|  |TAMS 0x00000000e1200000, 0x00000000e1200000| Untracked 
|  19|0x00000000e1300000, 0x00000000e1381800, 0x00000000e1400000| 50%| O|  |TAMS 0x00000000e1300000, 0x00000000e1300000| Untracked 
|  20|0x00000000e1400000, 0x00000000e1400000, 0x00000000e1500000|  0%| F|  |TAMS 0x00000000e1400000, 0x00000000e1400000| Untracked 
|  21|0x00000000e1500000, 0x00000000e1500000, 0x00000000e1600000|  0%| F|  |TAMS 0x00000000e1500000, 0x00000000e1500000| Untracked 
|  22|0x00000000e1600000, 0x00000000e1600000, 0x00000000e1700000|  0%| F|  |TAMS 0x00000000e1600000, 0x00000000e1600000| Untracked 
|  23|0x00000000e1700000, 0x00000000e1700000, 0x00000000e1800000|  0%| F|  |TAMS 0x00000000e1700000, 0x00000000e1700000| Untracked 
|  24|0x00000000e1800000, 0x00000000e1800000, 0x00000000e1900000|  0%| F|  |TAMS 0x00000000e1800000, 0x00000000e1800000| Untracked 
|  25|0x00000000e1900000, 0x00000000e1900000, 0x00000000e1a00000|  0%| F|  |TAMS 0x00000000e1900000, 0x00000000e1900000| Untracked 
|  26|0x00000000e1a00000, 0x00000000e1a00000, 0x00000000e1b00000|  0%| F|  |TAMS 0x00000000e1a00000, 0x00000000e1a00000| Untracked 
|  27|0x00000000e1b00000, 0x00000000e1b00000, 0x00000000e1c00000|  0%| F|  |TAMS 0x00000000e1b00000, 0x00000000e1b00000| Untracked 
|  28|0x00000000e1c00000, 0x00000000e1c00000, 0x00000000e1d00000|  0%| F|  |TAMS 0x00000000e1c00000, 0x00000000e1c00000| Untracked 
|  29|0x00000000e1d00000, 0x00000000e1d00000, 0x00000000e1e00000|  0%| F|  |TAMS 0x00000000e1d00000, 0x00000000e1d00000| Untracked 
|  30|0x00000000e1e00000, 0x00000000e1e00000, 0x00000000e1f00000|  0%| F|  |TAMS 0x00000000e1e00000, 0x00000000e1e00000| Untracked 
|  31|0x00000000e1f00000, 0x00000000e1f00000, 0x00000000e2000000|  0%| F|  |TAMS 0x00000000e1f00000, 0x00000000e1f00000| Untracked 
|  32|0x00000000e2000000, 0x00000000e2000000, 0x00000000e2100000|  0%| F|  |TAMS 0x00000000e2000000, 0x00000000e2000000| Untracked 
|  33|0x00000000e2100000, 0x00000000e2100000, 0x00000000e2200000|  0%| F|  |TAMS 0x00000000e2100000, 0x00000000e2100000| Untracked 
|  34|0x00000000e2200000, 0x00000000e2200000, 0x00000000e2300000|  0%| F|  |TAMS 0x00000000e2200000, 0x00000000e2200000| Untracked 
|  35|0x00000000e2300000, 0x00000000e2300000, 0x00000000e2400000|  0%| F|  |TAMS 0x00000000e2300000, 0x00000000e2300000| Untracked 
|  36|0x00000000e2400000, 0x00000000e2400000, 0x00000000e2500000|  0%| F|  |TAMS 0x00000000e2400000, 0x00000000e2400000| Untracked 
|  37|0x00000000e2500000, 0x00000000e2500000, 0x00000000e2600000|  0%| F|  |TAMS 0x00000000e2500000, 0x00000000e2500000| Untracked 
|  38|0x00000000e2600000, 0x00000000e2600000, 0x00000000e2700000|  0%| F|  |TAMS 0x00000000e2600000, 0x00000000e2600000| Untracked 
|  39|0x00000000e2700000, 0x00000000e2700000, 0x00000000e2800000|  0%| F|  |TAMS 0x00000000e2700000, 0x00000000e2700000| Untracked 
|  40|0x00000000e2800000, 0x00000000e2800000, 0x00000000e2900000|  0%| F|  |TAMS 0x00000000e2800000, 0x00000000e2800000| Untracked 
|  41|0x00000000e2900000, 0x00000000e2900000, 0x00000000e2a00000|  0%| F|  |TAMS 0x00000000e2900000, 0x00000000e2900000| Untracked 
|  42|0x00000000e2a00000, 0x00000000e2a00000, 0x00000000e2b00000|  0%| F|  |TAMS 0x00000000e2a00000, 0x00000000e2a00000| Untracked 
|  43|0x00000000e2b00000, 0x00000000e2b00000, 0x00000000e2c00000|  0%| F|  |TAMS 0x00000000e2b00000, 0x00000000e2b00000| Untracked 
|  44|0x00000000e2c00000, 0x00000000e2c00000, 0x00000000e2d00000|  0%| F|  |TAMS 0x00000000e2c00000, 0x00000000e2c00000| Untracked 
|  45|0x00000000e2d00000, 0x00000000e2d00000, 0x00000000e2e00000|  0%| F|  |TAMS 0x00000000e2d00000, 0x00000000e2d00000| Untracked 
|  46|0x00000000e2e00000, 0x00000000e2e00000, 0x00000000e2f00000|  0%| F|  |TAMS 0x00000000e2e00000, 0x00000000e2e00000| Untracked 
|  47|0x00000000e2f00000, 0x00000000e2f00000, 0x00000000e3000000|  0%| F|  |TAMS 0x00000000e2f00000, 0x00000000e2f00000| Untracked 
|  48|0x00000000e3000000, 0x00000000e3000000, 0x00000000e3100000|  0%| F|  |TAMS 0x00000000e3000000, 0x00000000e3000000| Untracked 
|  49|0x00000000e3100000, 0x00000000e3100000, 0x00000000e3200000|  0%| F|  |TAMS 0x00000000e3100000, 0x00000000e3100000| Untracked 
|  50|0x00000000e3200000, 0x00000000e3200000, 0x00000000e3300000|  0%| F|  |TAMS 0x00000000e3200000, 0x00000000e3200000| Untracked 
|  51|0x00000000e3300000, 0x00000000e3300000, 0x00000000e3400000|  0%| F|  |TAMS 0x00000000e3300000, 0x00000000e3300000| Untracked 
|  52|0x00000000e3400000, 0x00000000e3400000, 0x00000000e3500000|  0%| F|  |TAMS 0x00000000e3400000, 0x00000000e3400000| Untracked 
|  53|0x00000000e3500000, 0x00000000e3500000, 0x00000000e3600000|  0%| F|  |TAMS 0x00000000e3500000, 0x00000000e3500000| Untracked 
|  54|0x00000000e3600000, 0x00000000e3600000, 0x00000000e3700000|  0%| F|  |TAMS 0x00000000e3600000, 0x00000000e3600000| Untracked 
|  55|0x00000000e3700000, 0x00000000e3700000, 0x00000000e3800000|  0%| F|  |TAMS 0x00000000e3700000, 0x00000000e3700000| Untracked 
|  56|0x00000000e3800000, 0x00000000e3800000, 0x00000000e3900000|  0%| F|  |TAMS 0x00000000e3800000, 0x00000000e3800000| Untracked 
|  57|0x00000000e3900000, 0x00000000e3900000, 0x00000000e3a00000|  0%| F|  |TAMS 0x00000000e3900000, 0x00000000e3900000| Untracked 
|  58|0x00000000e3a00000, 0x00000000e3a00000, 0x00000000e3b00000|  0%| F|  |TAMS 0x00000000e3a00000, 0x00000000e3a00000| Untracked 
|  59|0x00000000e3b00000, 0x00000000e3b00000, 0x00000000e3c00000|  0%| F|  |TAMS 0x00000000e3b00000, 0x00000000e3b00000| Untracked 
|  60|0x00000000e3c00000, 0x00000000e3c00000, 0x00000000e3d00000|  0%| F|  |TAMS 0x00000000e3c00000, 0x00000000e3c00000| Untracked 
|  61|0x00000000e3d00000, 0x00000000e3d00000, 0x00000000e3e00000|  0%| F|  |TAMS 0x00000000e3d00000, 0x00000000e3d00000| Untracked 
|  62|0x00000000e3e00000, 0x00000000e3e00000, 0x00000000e3f00000|  0%| F|  |TAMS 0x00000000e3e00000, 0x00000000e3e00000| Untracked 
|  63|0x00000000e3f00000, 0x00000000e3f00000, 0x00000000e4000000|  0%| F|  |TAMS 0x00000000e3f00000, 0x00000000e3f00000| Untracked 
|  64|0x00000000e4000000, 0x00000000e4000000, 0x00000000e4100000|  0%| F|  |TAMS 0x00000000e4000000, 0x00000000e4000000| Untracked 
|  65|0x00000000e4100000, 0x00000000e4100000, 0x00000000e4200000|  0%| F|  |TAMS 0x00000000e4100000, 0x00000000e4100000| Untracked 
|  66|0x00000000e4200000, 0x00000000e4200000, 0x00000000e4300000|  0%| F|  |TAMS 0x00000000e4200000, 0x00000000e4200000| Untracked 
|  67|0x00000000e4300000, 0x00000000e4300000, 0x00000000e4400000|  0%| F|  |TAMS 0x00000000e4300000, 0x00000000e4300000| Untracked 
|  68|0x00000000e4400000, 0x00000000e4400000, 0x00000000e4500000|  0%| F|  |TAMS 0x00000000e4400000, 0x00000000e4400000| Untracked 
|  69|0x00000000e4500000, 0x00000000e4500000, 0x00000000e4600000|  0%| F|  |TAMS 0x00000000e4500000, 0x00000000e4500000| Untracked 
|  70|0x00000000e4600000, 0x00000000e4600000, 0x00000000e4700000|  0%| F|  |TAMS 0x00000000e4600000, 0x00000000e4600000| Untracked 
|  71|0x00000000e4700000, 0x00000000e4700000, 0x00000000e4800000|  0%| F|  |TAMS 0x00000000e4700000, 0x00000000e4700000| Untracked 
|  72|0x00000000e4800000, 0x00000000e4800000, 0x00000000e4900000|  0%| F|  |TAMS 0x00000000e4800000, 0x00000000e4800000| Untracked 
|  73|0x00000000e4900000, 0x00000000e4900000, 0x00000000e4a00000|  0%| F|  |TAMS 0x00000000e4900000, 0x00000000e4900000| Untracked 
|  74|0x00000000e4a00000, 0x00000000e4a00000, 0x00000000e4b00000|  0%| F|  |TAMS 0x00000000e4a00000, 0x00000000e4a00000| Untracked 
|  75|0x00000000e4b00000, 0x00000000e4b00000, 0x00000000e4c00000|  0%| F|  |TAMS 0x00000000e4b00000, 0x00000000e4b00000| Untracked 
|  76|0x00000000e4c00000, 0x00000000e4c00000, 0x00000000e4d00000|  0%| F|  |TAMS 0x00000000e4c00000, 0x00000000e4c00000| Untracked 
|  77|0x00000000e4d00000, 0x00000000e4d00000, 0x00000000e4e00000|  0%| F|  |TAMS 0x00000000e4d00000, 0x00000000e4d00000| Untracked 
|  78|0x00000000e4e00000, 0x00000000e4e00000, 0x00000000e4f00000|  0%| F|  |TAMS 0x00000000e4e00000, 0x00000000e4e00000| Untracked 
|  79|0x00000000e4f00000, 0x00000000e4f00000, 0x00000000e5000000|  0%| F|  |TAMS 0x00000000e4f00000, 0x00000000e4f00000| Untracked 
|  80|0x00000000e5000000, 0x00000000e5000000, 0x00000000e5100000|  0%| F|  |TAMS 0x00000000e5000000, 0x00000000e5000000| Untracked 
|  81|0x00000000e5100000, 0x00000000e5100000, 0x00000000e5200000|  0%| F|  |TAMS 0x00000000e5100000, 0x00000000e5100000| Untracked 
|  82|0x00000000e5200000, 0x00000000e5200000, 0x00000000e5300000|  0%| F|  |TAMS 0x00000000e5200000, 0x00000000e5200000| Untracked 
|  83|0x00000000e5300000, 0x00000000e5300000, 0x00000000e5400000|  0%| F|  |TAMS 0x00000000e5300000, 0x00000000e5300000| Untracked 
|  84|0x00000000e5400000, 0x00000000e5400000, 0x00000000e5500000|  0%| F|  |TAMS 0x00000000e5400000, 0x00000000e5400000| Untracked 
|  85|0x00000000e5500000, 0x00000000e5500000, 0x00000000e5600000|  0%| F|  |TAMS 0x00000000e5500000, 0x00000000e5500000| Untracked 
|  86|0x00000000e5600000, 0x00000000e5600000, 0x00000000e5700000|  0%| F|  |TAMS 0x00000000e5600000, 0x00000000e5600000| Untracked 
|  87|0x00000000e5700000, 0x00000000e5700000, 0x00000000e5800000|  0%| F|  |TAMS 0x00000000e5700000, 0x00000000e5700000| Untracked 
|  88|0x00000000e5800000, 0x00000000e5800000, 0x00000000e5900000|  0%| F|  |TAMS 0x00000000e5800000, 0x00000000e5800000| Untracked 
|  89|0x00000000e5900000, 0x00000000e5900000, 0x00000000e5a00000|  0%| F|  |TAMS 0x00000000e5900000, 0x00000000e5900000| Untracked 
|  90|0x00000000e5a00000, 0x00000000e5a00000, 0x00000000e5b00000|  0%| F|  |TAMS 0x00000000e5a00000, 0x00000000e5a00000| Untracked 
|  91|0x00000000e5b00000, 0x00000000e5b00000, 0x00000000e5c00000|  0%| F|  |TAMS 0x00000000e5b00000, 0x00000000e5b00000| Untracked 
|  92|0x00000000e5c00000, 0x00000000e5c00000, 0x00000000e5d00000|  0%| F|  |TAMS 0x00000000e5c00000, 0x00000000e5c00000| Untracked 
|  93|0x00000000e5d00000, 0x00000000e5d00000, 0x00000000e5e00000|  0%| F|  |TAMS 0x00000000e5d00000, 0x00000000e5d00000| Untracked 
|  94|0x00000000e5e00000, 0x00000000e5e00000, 0x00000000e5f00000|  0%| F|  |TAMS 0x00000000e5e00000, 0x00000000e5e00000| Untracked 
|  95|0x00000000e5f00000, 0x00000000e5f00000, 0x00000000e6000000|  0%| F|  |TAMS 0x00000000e5f00000, 0x00000000e5f00000| Untracked 
|  96|0x00000000e6000000, 0x00000000e6000000, 0x00000000e6100000|  0%| F|  |TAMS 0x00000000e6000000, 0x00000000e6000000| Untracked 
|  97|0x00000000e6100000, 0x00000000e6100000, 0x00000000e6200000|  0%| F|  |TAMS 0x00000000e6100000, 0x00000000e6100000| Untracked 
|  98|0x00000000e6200000, 0x00000000e6200000, 0x00000000e6300000|  0%| F|  |TAMS 0x00000000e6200000, 0x00000000e6200000| Untracked 
|  99|0x00000000e6300000, 0x00000000e6300000, 0x00000000e6400000|  0%| F|  |TAMS 0x00000000e6300000, 0x00000000e6300000| Untracked 
| 100|0x00000000e6400000, 0x00000000e6400000, 0x00000000e6500000|  0%| F|  |TAMS 0x00000000e6400000, 0x00000000e6400000| Untracked 
| 101|0x00000000e6500000, 0x00000000e6500000, 0x00000000e6600000|  0%| F|  |TAMS 0x00000000e6500000, 0x00000000e6500000| Untracked 
| 102|0x00000000e6600000, 0x00000000e6600000, 0x00000000e6700000|  0%| F|  |TAMS 0x00000000e6600000, 0x00000000e6600000| Untracked 
| 103|0x00000000e6700000, 0x00000000e6700000, 0x00000000e6800000|  0%| F|  |TAMS 0x00000000e6700000, 0x00000000e6700000| Untracked 
| 104|0x00000000e6800000, 0x00000000e6800000, 0x00000000e6900000|  0%| F|  |TAMS 0x00000000e6800000, 0x00000000e6800000| Untracked 
| 105|0x00000000e6900000, 0x00000000e6900000, 0x00000000e6a00000|  0%| F|  |TAMS 0x00000000e6900000, 0x00000000e6900000| Untracked 
| 106|0x00000000e6a00000, 0x00000000e6a00000, 0x00000000e6b00000|  0%| F|  |TAMS 0x00000000e6a00000, 0x00000000e6a00000| Untracked 
| 107|0x00000000e6b00000, 0x00000000e6b00000, 0x00000000e6c00000|  0%| F|  |TAMS 0x00000000e6b00000, 0x00000000e6b00000| Untracked 
| 108|0x00000000e6c00000, 0x00000000e6c00000, 0x00000000e6d00000|  0%| F|  |TAMS 0x00000000e6c00000, 0x00000000e6c00000| Untracked 
| 109|0x00000000e6d00000, 0x00000000e6d00000, 0x00000000e6e00000|  0%| F|  |TAMS 0x00000000e6d00000, 0x00000000e6d00000| Untracked 
| 110|0x00000000e6e00000, 0x00000000e6e00000, 0x00000000e6f00000|  0%| F|  |TAMS 0x00000000e6e00000, 0x00000000e6e00000| Untracked 
| 111|0x00000000e6f00000, 0x00000000e6f00000, 0x00000000e7000000|  0%| F|  |TAMS 0x00000000e6f00000, 0x00000000e6f00000| Untracked 
| 112|0x00000000e7000000, 0x00000000e7000000, 0x00000000e7100000|  0%| F|  |TAMS 0x00000000e7000000, 0x00000000e7000000| Untracked 
| 113|0x00000000e7100000, 0x00000000e7100000, 0x00000000e7200000|  0%| F|  |TAMS 0x00000000e7100000, 0x00000000e7100000| Untracked 
| 114|0x00000000e7200000, 0x00000000e7200000, 0x00000000e7300000|  0%| F|  |TAMS 0x00000000e7200000, 0x00000000e7200000| Untracked 
| 115|0x00000000e7300000, 0x00000000e7300000, 0x00000000e7400000|  0%| F|  |TAMS 0x00000000e7300000, 0x00000000e7300000| Untracked 
| 116|0x00000000e7400000, 0x00000000e7400000, 0x00000000e7500000|  0%| F|  |TAMS 0x00000000e7400000, 0x00000000e7400000| Untracked 
| 117|0x00000000e7500000, 0x00000000e7500000, 0x00000000e7600000|  0%| F|  |TAMS 0x00000000e7500000, 0x00000000e7500000| Untracked 
| 118|0x00000000e7600000, 0x00000000e7600000, 0x00000000e7700000|  0%| F|  |TAMS 0x00000000e7600000, 0x00000000e7600000| Untracked 
| 119|0x00000000e7700000, 0x00000000e7700000, 0x00000000e7800000|  0%| F|  |TAMS 0x00000000e7700000, 0x00000000e7700000| Untracked 
| 120|0x00000000e7800000, 0x00000000e7800000, 0x00000000e7900000|  0%| F|  |TAMS 0x00000000e7800000, 0x00000000e7800000| Untracked 
| 121|0x00000000e7900000, 0x00000000e7900000, 0x00000000e7a00000|  0%| F|  |TAMS 0x00000000e7900000, 0x00000000e7900000| Untracked 
| 122|0x00000000e7a00000, 0x00000000e7a00000, 0x00000000e7b00000|  0%| F|  |TAMS 0x00000000e7a00000, 0x00000000e7a00000| Untracked 
| 123|0x00000000e7b00000, 0x00000000e7b00000, 0x00000000e7c00000|  0%| F|  |TAMS 0x00000000e7b00000, 0x00000000e7b00000| Untracked 
| 124|0x00000000e7c00000, 0x00000000e7c00000, 0x00000000e7d00000|  0%| F|  |TAMS 0x00000000e7c00000, 0x00000000e7c00000| Untracked 
| 125|0x00000000e7d00000, 0x00000000e7d00000, 0x00000000e7e00000|  0%| F|  |TAMS 0x00000000e7d00000, 0x00000000e7d00000| Untracked 
| 126|0x00000000e7e00000, 0x00000000e7e00000, 0x00000000e7f00000|  0%| F|  |TAMS 0x00000000e7e00000, 0x00000000e7e00000| Untracked 
| 127|0x00000000e7f00000, 0x00000000e7f00000, 0x00000000e8000000|  0%| F|  |TAMS 0x00000000e7f00000, 0x00000000e7f00000| Untracked 
| 128|0x00000000e8000000, 0x00000000e8000000, 0x00000000e8100000|  0%| F|  |TAMS 0x00000000e8000000, 0x00000000e8000000| Untracked 
| 129|0x00000000e8100000, 0x00000000e8100000, 0x00000000e8200000|  0%| F|  |TAMS 0x00000000e8100000, 0x00000000e8100000| Untracked 
| 130|0x00000000e8200000, 0x00000000e8200000, 0x00000000e8300000|  0%| F|  |TAMS 0x00000000e8200000, 0x00000000e8200000| Untracked 
| 131|0x00000000e8300000, 0x00000000e8300000, 0x00000000e8400000|  0%| F|  |TAMS 0x00000000e8300000, 0x00000000e8300000| Untracked 
| 132|0x00000000e8400000, 0x00000000e8400000, 0x00000000e8500000|  0%| F|  |TAMS 0x00000000e8400000, 0x00000000e8400000| Untracked 
| 133|0x00000000e8500000, 0x00000000e8500000, 0x00000000e8600000|  0%| F|  |TAMS 0x00000000e8500000, 0x00000000e8500000| Untracked 
| 134|0x00000000e8600000, 0x00000000e8600000, 0x00000000e8700000|  0%| F|  |TAMS 0x00000000e8600000, 0x00000000e8600000| Untracked 
| 135|0x00000000e8700000, 0x00000000e8700000, 0x00000000e8800000|  0%| F|  |TAMS 0x00000000e8700000, 0x00000000e8700000| Untracked 
| 136|0x00000000e8800000, 0x00000000e8800000, 0x00000000e8900000|  0%| F|  |TAMS 0x00000000e8800000, 0x00000000e8800000| Untracked 
| 137|0x00000000e8900000, 0x00000000e8900000, 0x00000000e8a00000|  0%| F|  |TAMS 0x00000000e8900000, 0x00000000e8900000| Untracked 
| 138|0x00000000e8a00000, 0x00000000e8a00000, 0x00000000e8b00000|  0%| F|  |TAMS 0x00000000e8a00000, 0x00000000e8a00000| Untracked 
| 139|0x00000000e8b00000, 0x00000000e8b00000, 0x00000000e8c00000|  0%| F|  |TAMS 0x00000000e8b00000, 0x00000000e8b00000| Untracked 
| 140|0x00000000e8c00000, 0x00000000e8c00000, 0x00000000e8d00000|  0%| F|  |TAMS 0x00000000e8c00000, 0x00000000e8c00000| Untracked 
| 141|0x00000000e8d00000, 0x00000000e8d00000, 0x00000000e8e00000|  0%| F|  |TAMS 0x00000000e8d00000, 0x00000000e8d00000| Untracked 
| 142|0x00000000e8e00000, 0x00000000e8e00000, 0x00000000e8f00000|  0%| F|  |TAMS 0x00000000e8e00000, 0x00000000e8e00000| Untracked 
| 143|0x00000000e8f00000, 0x00000000e8f00000, 0x00000000e9000000|  0%| F|  |TAMS 0x00000000e8f00000, 0x00000000e8f00000| Untracked 
| 144|0x00000000e9000000, 0x00000000e9000000, 0x00000000e9100000|  0%| F|  |TAMS 0x00000000e9000000, 0x00000000e9000000| Untracked 
| 145|0x00000000e9100000, 0x00000000e9100000, 0x00000000e9200000|  0%| F|  |TAMS 0x00000000e9100000, 0x00000000e9100000| Untracked 
| 146|0x00000000e9200000, 0x00000000e9200000, 0x00000000e9300000|  0%| F|  |TAMS 0x00000000e9200000, 0x00000000e9200000| Untracked 
| 147|0x00000000e9300000, 0x00000000e9300000, 0x00000000e9400000|  0%| F|  |TAMS 0x00000000e9300000, 0x00000000e9300000| Untracked 
| 148|0x00000000e9400000, 0x00000000e9400000, 0x00000000e9500000|  0%| F|  |TAMS 0x00000000e9400000, 0x00000000e9400000| Untracked 
| 149|0x00000000e9500000, 0x00000000e9500000, 0x00000000e9600000|  0%| F|  |TAMS 0x00000000e9500000, 0x00000000e9500000| Untracked 
| 150|0x00000000e9600000, 0x00000000e9600000, 0x00000000e9700000|  0%| F|  |TAMS 0x00000000e9600000, 0x00000000e9600000| Untracked 
| 151|0x00000000e9700000, 0x00000000e9700000, 0x00000000e9800000|  0%| F|  |TAMS 0x00000000e9700000, 0x00000000e9700000| Untracked 
| 152|0x00000000e9800000, 0x00000000e9800000, 0x00000000e9900000|  0%| F|  |TAMS 0x00000000e9800000, 0x00000000e9800000| Untracked 
| 153|0x00000000e9900000, 0x00000000e9900000, 0x00000000e9a00000|  0%| F|  |TAMS 0x00000000e9900000, 0x00000000e9900000| Untracked 
| 154|0x00000000e9a00000, 0x00000000e9a00000, 0x00000000e9b00000|  0%| F|  |TAMS 0x00000000e9a00000, 0x00000000e9a00000| Untracked 
| 155|0x00000000e9b00000, 0x00000000e9b00000, 0x00000000e9c00000|  0%| F|  |TAMS 0x00000000e9b00000, 0x00000000e9b00000| Untracked 
| 156|0x00000000e9c00000, 0x00000000e9c00000, 0x00000000e9d00000|  0%| F|  |TAMS 0x00000000e9c00000, 0x00000000e9c00000| Untracked 
| 157|0x00000000e9d00000, 0x00000000e9d00000, 0x00000000e9e00000|  0%| F|  |TAMS 0x00000000e9d00000, 0x00000000e9d00000| Untracked 
| 158|0x00000000e9e00000, 0x00000000e9e00000, 0x00000000e9f00000|  0%| F|  |TAMS 0x00000000e9e00000, 0x00000000e9e00000| Untracked 
| 159|0x00000000e9f00000, 0x00000000e9f00000, 0x00000000ea000000|  0%| F|  |TAMS 0x00000000e9f00000, 0x00000000e9f00000| Untracked 
| 160|0x00000000ea000000, 0x00000000ea000000, 0x00000000ea100000|  0%| F|  |TAMS 0x00000000ea000000, 0x00000000ea000000| Untracked 
| 161|0x00000000ea100000, 0x00000000ea100000, 0x00000000ea200000|  0%| F|  |TAMS 0x00000000ea100000, 0x00000000ea100000| Untracked 
| 162|0x00000000ea200000, 0x00000000ea200000, 0x00000000ea300000|  0%| F|  |TAMS 0x00000000ea200000, 0x00000000ea200000| Untracked 
| 163|0x00000000ea300000, 0x00000000ea300000, 0x00000000ea400000|  0%| F|  |TAMS 0x00000000ea300000, 0x00000000ea300000| Untracked 
| 164|0x00000000ea400000, 0x00000000ea400000, 0x00000000ea500000|  0%| F|  |TAMS 0x00000000ea400000, 0x00000000ea400000| Untracked 
| 165|0x00000000ea500000, 0x00000000ea500000, 0x00000000ea600000|  0%| F|  |TAMS 0x00000000ea500000, 0x00000000ea500000| Untracked 
| 166|0x00000000ea600000, 0x00000000ea600000, 0x00000000ea700000|  0%| F|  |TAMS 0x00000000ea600000, 0x00000000ea600000| Untracked 
| 167|0x00000000ea700000, 0x00000000ea700000, 0x00000000ea800000|  0%| F|  |TAMS 0x00000000ea700000, 0x00000000ea700000| Untracked 
| 168|0x00000000ea800000, 0x00000000ea800000, 0x00000000ea900000|  0%| F|  |TAMS 0x00000000ea800000, 0x00000000ea800000| Untracked 
| 169|0x00000000ea900000, 0x00000000ea900000, 0x00000000eaa00000|  0%| F|  |TAMS 0x00000000ea900000, 0x00000000ea900000| Untracked 
| 170|0x00000000eaa00000, 0x00000000eaa00000, 0x00000000eab00000|  0%| F|  |TAMS 0x00000000eaa00000, 0x00000000eaa00000| Untracked 
| 171|0x00000000eab00000, 0x00000000eab00000, 0x00000000eac00000|  0%| F|  |TAMS 0x00000000eab00000, 0x00000000eab00000| Untracked 
| 172|0x00000000eac00000, 0x00000000eac00000, 0x00000000ead00000|  0%| F|  |TAMS 0x00000000eac00000, 0x00000000eac00000| Untracked 
| 173|0x00000000ead00000, 0x00000000ead00000, 0x00000000eae00000|  0%| F|  |TAMS 0x00000000ead00000, 0x00000000ead00000| Untracked 
| 174|0x00000000eae00000, 0x00000000eae00000, 0x00000000eaf00000|  0%| F|  |TAMS 0x00000000eae00000, 0x00000000eae00000| Untracked 
| 175|0x00000000eaf00000, 0x00000000eaf00000, 0x00000000eb000000|  0%| F|  |TAMS 0x00000000eaf00000, 0x00000000eaf00000| Untracked 
| 176|0x00000000eb000000, 0x00000000eb000000, 0x00000000eb100000|  0%| F|  |TAMS 0x00000000eb000000, 0x00000000eb000000| Untracked 
| 177|0x00000000eb100000, 0x00000000eb100000, 0x00000000eb200000|  0%| F|  |TAMS 0x00000000eb100000, 0x00000000eb100000| Untracked 
| 178|0x00000000eb200000, 0x00000000eb200000, 0x00000000eb300000|  0%| F|  |TAMS 0x00000000eb200000, 0x00000000eb200000| Untracked 
| 179|0x00000000eb300000, 0x00000000eb300000, 0x00000000eb400000|  0%| F|  |TAMS 0x00000000eb300000, 0x00000000eb300000| Untracked 
| 180|0x00000000eb400000, 0x00000000eb400000, 0x00000000eb500000|  0%| F|  |TAMS 0x00000000eb400000, 0x00000000eb400000| Untracked 
| 181|0x00000000eb500000, 0x00000000eb500000, 0x00000000eb600000|  0%| F|  |TAMS 0x00000000eb500000, 0x00000000eb500000| Untracked 
| 182|0x00000000eb600000, 0x00000000eb600000, 0x00000000eb700000|  0%| F|  |TAMS 0x00000000eb600000, 0x00000000eb600000| Untracked 
| 183|0x00000000eb700000, 0x00000000eb700000, 0x00000000eb800000|  0%| F|  |TAMS 0x00000000eb700000, 0x00000000eb700000| Untracked 
| 184|0x00000000eb800000, 0x00000000eb800000, 0x00000000eb900000|  0%| F|  |TAMS 0x00000000eb800000, 0x00000000eb800000| Untracked 
| 185|0x00000000eb900000, 0x00000000eb900000, 0x00000000eba00000|  0%| F|  |TAMS 0x00000000eb900000, 0x00000000eb900000| Untracked 
| 186|0x00000000eba00000, 0x00000000eba00000, 0x00000000ebb00000|  0%| F|  |TAMS 0x00000000eba00000, 0x00000000eba00000| Untracked 
| 187|0x00000000ebb00000, 0x00000000ebb00000, 0x00000000ebc00000|  0%| F|  |TAMS 0x00000000ebb00000, 0x00000000ebb00000| Untracked 
| 188|0x00000000ebc00000, 0x00000000ebc00000, 0x00000000ebd00000|  0%| F|  |TAMS 0x00000000ebc00000, 0x00000000ebc00000| Untracked 
| 189|0x00000000ebd00000, 0x00000000ebd00000, 0x00000000ebe00000|  0%| F|  |TAMS 0x00000000ebd00000, 0x00000000ebd00000| Untracked 
| 190|0x00000000ebe00000, 0x00000000ebe00000, 0x00000000ebf00000|  0%| F|  |TAMS 0x00000000ebe00000, 0x00000000ebe00000| Untracked 
| 191|0x00000000ebf00000, 0x00000000ebf00000, 0x00000000ec000000|  0%| F|  |TAMS 0x00000000ebf00000, 0x00000000ebf00000| Untracked 
| 192|0x00000000ec000000, 0x00000000ec000000, 0x00000000ec100000|  0%| F|  |TAMS 0x00000000ec000000, 0x00000000ec000000| Untracked 
| 193|0x00000000ec100000, 0x00000000ec100000, 0x00000000ec200000|  0%| F|  |TAMS 0x00000000ec100000, 0x00000000ec100000| Untracked 
| 194|0x00000000ec200000, 0x00000000ec200000, 0x00000000ec300000|  0%| F|  |TAMS 0x00000000ec200000, 0x00000000ec200000| Untracked 
| 195|0x00000000ec300000, 0x00000000ec300000, 0x00000000ec400000|  0%| F|  |TAMS 0x00000000ec300000, 0x00000000ec300000| Untracked 
| 196|0x00000000ec400000, 0x00000000ec400000, 0x00000000ec500000|  0%| F|  |TAMS 0x00000000ec400000, 0x00000000ec400000| Untracked 
| 197|0x00000000ec500000, 0x00000000ec500000, 0x00000000ec600000|  0%| F|  |TAMS 0x00000000ec500000, 0x00000000ec500000| Untracked 
| 198|0x00000000ec600000, 0x00000000ec600000, 0x00000000ec700000|  0%| F|  |TAMS 0x00000000ec600000, 0x00000000ec600000| Untracked 
| 199|0x00000000ec700000, 0x00000000ec700000, 0x00000000ec800000|  0%| F|  |TAMS 0x00000000ec700000, 0x00000000ec700000| Untracked 
| 200|0x00000000ec800000, 0x00000000ec800000, 0x00000000ec900000|  0%| F|  |TAMS 0x00000000ec800000, 0x00000000ec800000| Untracked 
| 201|0x00000000ec900000, 0x00000000ec900000, 0x00000000eca00000|  0%| F|  |TAMS 0x00000000ec900000, 0x00000000ec900000| Untracked 
| 202|0x00000000eca00000, 0x00000000eca00000, 0x00000000ecb00000|  0%| F|  |TAMS 0x00000000eca00000, 0x00000000eca00000| Untracked 
| 203|0x00000000ecb00000, 0x00000000ecb00000, 0x00000000ecc00000|  0%| F|  |TAMS 0x00000000ecb00000, 0x00000000ecb00000| Untracked 
| 204|0x00000000ecc00000, 0x00000000ecc00000, 0x00000000ecd00000|  0%| F|  |TAMS 0x00000000ecc00000, 0x00000000ecc00000| Untracked 
| 205|0x00000000ecd00000, 0x00000000ecd00000, 0x00000000ece00000|  0%| F|  |TAMS 0x00000000ecd00000, 0x00000000ecd00000| Untracked 
| 206|0x00000000ece00000, 0x00000000ece00000, 0x00000000ecf00000|  0%| F|  |TAMS 0x00000000ece00000, 0x00000000ece00000| Untracked 
| 207|0x00000000ecf00000, 0x00000000ecf00000, 0x00000000ed000000|  0%| F|  |TAMS 0x00000000ecf00000, 0x00000000ecf00000| Untracked 
| 208|0x00000000ed000000, 0x00000000ed000000, 0x00000000ed100000|  0%| F|  |TAMS 0x00000000ed000000, 0x00000000ed000000| Untracked 
| 209|0x00000000ed100000, 0x00000000ed100000, 0x00000000ed200000|  0%| F|  |TAMS 0x00000000ed100000, 0x00000000ed100000| Untracked 
| 210|0x00000000ed200000, 0x00000000ed200000, 0x00000000ed300000|  0%| F|  |TAMS 0x00000000ed200000, 0x00000000ed200000| Untracked 
| 211|0x00000000ed300000, 0x00000000ed300000, 0x00000000ed400000|  0%| F|  |TAMS 0x00000000ed300000, 0x00000000ed300000| Untracked 
| 212|0x00000000ed400000, 0x00000000ed400000, 0x00000000ed500000|  0%| F|  |TAMS 0x00000000ed400000, 0x00000000ed400000| Untracked 
| 213|0x00000000ed500000, 0x00000000ed500000, 0x00000000ed600000|  0%| F|  |TAMS 0x00000000ed500000, 0x00000000ed500000| Untracked 
| 214|0x00000000ed600000, 0x00000000ed600000, 0x00000000ed700000|  0%| F|  |TAMS 0x00000000ed600000, 0x00000000ed600000| Untracked 
| 215|0x00000000ed700000, 0x00000000ed700000, 0x00000000ed800000|  0%| F|  |TAMS 0x00000000ed700000, 0x00000000ed700000| Untracked 
| 216|0x00000000ed800000, 0x00000000ed800000, 0x00000000ed900000|  0%| F|  |TAMS 0x00000000ed800000, 0x00000000ed800000| Untracked 
| 217|0x00000000ed900000, 0x00000000ed900000, 0x00000000eda00000|  0%| F|  |TAMS 0x00000000ed900000, 0x00000000ed900000| Untracked 
| 218|0x00000000eda00000, 0x00000000eda00000, 0x00000000edb00000|  0%| F|  |TAMS 0x00000000eda00000, 0x00000000eda00000| Untracked 
| 219|0x00000000edb00000, 0x00000000edb00000, 0x00000000edc00000|  0%| F|  |TAMS 0x00000000edb00000, 0x00000000edb00000| Untracked 
| 220|0x00000000edc00000, 0x00000000edc00000, 0x00000000edd00000|  0%| F|  |TAMS 0x00000000edc00000, 0x00000000edc00000| Untracked 
| 221|0x00000000edd00000, 0x00000000edd00000, 0x00000000ede00000|  0%| F|  |TAMS 0x00000000edd00000, 0x00000000edd00000| Untracked 
| 222|0x00000000ede00000, 0x00000000ede00000, 0x00000000edf00000|  0%| F|  |TAMS 0x00000000ede00000, 0x00000000ede00000| Untracked 
| 223|0x00000000edf00000, 0x00000000edf00000, 0x00000000ee000000|  0%| F|  |TAMS 0x00000000edf00000, 0x00000000edf00000| Untracked 
| 224|0x00000000ee000000, 0x00000000ee000000, 0x00000000ee100000|  0%| F|  |TAMS 0x00000000ee000000, 0x00000000ee000000| Untracked 
| 225|0x00000000ee100000, 0x00000000ee100000, 0x00000000ee200000|  0%| F|  |TAMS 0x00000000ee100000, 0x00000000ee100000| Untracked 
| 226|0x00000000ee200000, 0x00000000ee200000, 0x00000000ee300000|  0%| F|  |TAMS 0x00000000ee200000, 0x00000000ee200000| Untracked 
| 227|0x00000000ee300000, 0x00000000ee300000, 0x00000000ee400000|  0%| F|  |TAMS 0x00000000ee300000, 0x00000000ee300000| Untracked 
| 228|0x00000000ee400000, 0x00000000ee400000, 0x00000000ee500000|  0%| F|  |TAMS 0x00000000ee400000, 0x00000000ee400000| Untracked 
| 229|0x00000000ee500000, 0x00000000ee500000, 0x00000000ee600000|  0%| F|  |TAMS 0x00000000ee500000, 0x00000000ee500000| Untracked 
| 230|0x00000000ee600000, 0x00000000ee600000, 0x00000000ee700000|  0%| F|  |TAMS 0x00000000ee600000, 0x00000000ee600000| Untracked 
| 231|0x00000000ee700000, 0x00000000ee700000, 0x00000000ee800000|  0%| F|  |TAMS 0x00000000ee700000, 0x00000000ee700000| Untracked 
| 232|0x00000000ee800000, 0x00000000ee800000, 0x00000000ee900000|  0%| F|  |TAMS 0x00000000ee800000, 0x00000000ee800000| Untracked 
| 233|0x00000000ee900000, 0x00000000ee900000, 0x00000000eea00000|  0%| F|  |TAMS 0x00000000ee900000, 0x00000000ee900000| Untracked 
| 234|0x00000000eea00000, 0x00000000eea00000, 0x00000000eeb00000|  0%| F|  |TAMS 0x00000000eea00000, 0x00000000eea00000| Untracked 
| 235|0x00000000eeb00000, 0x00000000eeb0bbf8, 0x00000000eec00000|  4%| E|  |TAMS 0x00000000eeb00000, 0x00000000eeb00000| Complete 
| 236|0x00000000eec00000, 0x00000000eed00000, 0x00000000eed00000|100%| E|CS|TAMS 0x00000000eec00000, 0x00000000eec00000| Complete 
| 237|0x00000000eed00000, 0x00000000eee00000, 0x00000000eee00000|100%| E|CS|TAMS 0x00000000eed00000, 0x00000000eed00000| Complete 
| 238|0x00000000eee00000, 0x00000000eef00000, 0x00000000eef00000|100%| E|CS|TAMS 0x00000000eee00000, 0x00000000eee00000| Complete 
| 239|0x00000000eef00000, 0x00000000ef000000, 0x00000000ef000000|100%| E|CS|TAMS 0x00000000eef00000, 0x00000000eef00000| Complete 
| 240|0x00000000ef000000, 0x00000000ef100000, 0x00000000ef100000|100%| E|CS|TAMS 0x00000000ef000000, 0x00000000ef000000| Complete 
| 241|0x00000000ef100000, 0x00000000ef200000, 0x00000000ef200000|100%| E|CS|TAMS 0x00000000ef100000, 0x00000000ef100000| Complete 
| 242|0x00000000ef200000, 0x00000000ef300000, 0x00000000ef300000|100%| E|CS|TAMS 0x00000000ef200000, 0x00000000ef200000| Complete 
| 243|0x00000000ef300000, 0x00000000ef400000, 0x00000000ef400000|100%| E|CS|TAMS 0x00000000ef300000, 0x00000000ef300000| Complete 
| 244|0x00000000ef400000, 0x00000000ef500000, 0x00000000ef500000|100%| E|CS|TAMS 0x00000000ef400000, 0x00000000ef400000| Complete 
| 245|0x00000000ef500000, 0x00000000ef600000, 0x00000000ef600000|100%| S|CS|TAMS 0x00000000ef500000, 0x00000000ef500000| Complete 
| 246|0x00000000ef600000, 0x00000000ef700000, 0x00000000ef700000|100%| E|CS|TAMS 0x00000000ef600000, 0x00000000ef600000| Complete 
| 247|0x00000000ef700000, 0x00000000ef800000, 0x00000000ef800000|100%| E|CS|TAMS 0x00000000ef700000, 0x00000000ef700000| Complete 
| 248|0x00000000ef800000, 0x00000000ef900000, 0x00000000ef900000|100%| E|CS|TAMS 0x00000000ef800000, 0x00000000ef800000| Complete 
| 249|0x00000000ef900000, 0x00000000efa00000, 0x00000000efa00000|100%| E|CS|TAMS 0x00000000ef900000, 0x00000000ef900000| Complete 
| 250|0x00000000efa00000, 0x00000000efb00000, 0x00000000efb00000|100%| E|CS|TAMS 0x00000000efa00000, 0x00000000efa00000| Complete 
| 251|0x00000000efb00000, 0x00000000efc00000, 0x00000000efc00000|100%| E|CS|TAMS 0x00000000efb00000, 0x00000000efb00000| Complete 
| 252|0x00000000efc00000, 0x00000000efd00000, 0x00000000efd00000|100%| E|CS|TAMS 0x00000000efc00000, 0x00000000efc00000| Complete 
| 253|0x00000000efd00000, 0x00000000efe00000, 0x00000000efe00000|100%| E|CS|TAMS 0x00000000efd00000, 0x00000000efd00000| Complete 
| 254|0x00000000efe00000, 0x00000000eff00000, 0x00000000eff00000|100%| E|CS|TAMS 0x00000000efe00000, 0x00000000efe00000| Complete 
| 255|0x00000000eff00000, 0x00000000f0000000, 0x00000000f0000000|100%| E|CS|TAMS 0x00000000eff00000, 0x00000000eff00000| Complete 

Card table byte_map: [0x0000029ad0f70000,0x0000029ad1070000] _byte_map_base: 0x0000029ad0870000

Marking Bits (Prev, Next): (CMBitMap*) 0x0000029ab8e91d90, (CMBitMap*) 0x0000029ab8e91d50
 Prev Bits: [0x0000029ad1970000, 0x0000029ad2170000)
 Next Bits: [0x0000029ad1170000, 0x0000029ad1970000)

Polling page: 0x0000029ab7680000

Metaspace:

Usage:
  Non-class:     21.60 MB used.
      Class:      3.57 MB used.
       Both:     25.17 MB used.

Virtual space:
  Non-class space:       24.00 MB reserved,      21.81 MB ( 91%) committed,  3 nodes.
      Class space:      208.00 MB reserved,       3.75 MB (  2%) committed,  1 nodes.
              Both:      232.00 MB reserved,      25.56 MB ( 11%) committed. 

Chunk freelists:
   Non-Class:  1.42 MB
       Class:  293.00 KB
        Both:  1.71 MB

MaxMetaspaceSize: 256.00 MB
CompressedClassSpaceSize: 208.00 MB
 - commit_granule_bytes: 65536.
 - commit_granule_words: 8192.
 - virtual_space_node_default_size: 1048576.
 - enlarge_chunks_in_place: 1.
 - new_chunks_are_fully_committed: 0.
 - uncommit_free_chunks: 1.
 - use_allocation_guard: 0.
 - handle_deallocations: 1.


Internal statistics:

num_allocs_failed_limit: 3.
num_arena_births: 258.
num_arena_deaths: 0.
num_vsnodes_births: 4.
num_vsnodes_deaths: 0.
num_space_committed: 409.
num_space_uncommitted: 0.
num_chunks_returned_to_freelist: 3.
num_chunks_taken_from_freelist: 1190.
num_chunk_merges: 3.
num_chunk_splits: 800.
num_chunks_enlarged: 583.
num_purges: 0.

CodeHeap 'non-profiled nmethods': size=120000Kb used=1598Kb max_used=1598Kb free=118402Kb
 bounds [0x0000029ac9310000, 0x0000029ac9580000, 0x0000029ad0840000]
CodeHeap 'profiled nmethods': size=120000Kb used=6305Kb max_used=6305Kb free=113694Kb
 bounds [0x0000029ac1de0000, 0x0000029ac2410000, 0x0000029ac9310000]
CodeHeap 'non-nmethods': size=5760Kb used=1242Kb max_used=1271Kb free=4517Kb
 bounds [0x0000029ac1840000, 0x0000029ac1ab0000, 0x0000029ac1de0000]
 total_blobs=3705 nmethods=3156 adapters=462
 compilation: enabled
              stopped_count=0, restarted_count=0
 full_count=0

Compilation events (20 events):
Event: 213.772 Thread 0x0000029ad47860a0 3062       3       org.codehaus.groovy.util.LazyReference::get (44 bytes)
Event: 213.773 Thread 0x0000029ad47860a0 nmethod 3062 0x0000029ac23e4790 code [0x0000029ac23e4980, 0x0000029ac23e4d88]
Event: 213.773 Thread 0x0000029ad47860a0 3063       3       org.codehaus.groovy.util.LockableObject::<init> (5 bytes)
Event: 213.773 Thread 0x0000029ad47860a0 nmethod 3063 0x0000029ac23e4f10 code [0x0000029ac23e50c0, 0x0000029ac23e52f8]
Event: 213.774 Thread 0x0000029ad47860a0 3064       1       org.codehaus.groovy.util.ReferenceManager::getReferenceQueue (5 bytes)
Event: 213.774 Thread 0x0000029ad47860a0 nmethod 3064 0x0000029ac949b890 code [0x0000029ac949ba20, 0x0000029ac949baf8]
Event: 213.774 Thread 0x0000029ad47860a0 3065       1       org.codehaus.groovy.util.ReferenceBundle::getType (5 bytes)
Event: 213.775 Thread 0x0000029ad47860a0 nmethod 3065 0x0000029ac949bb90 code [0x0000029ac949bd20, 0x0000029ac949bdf8]
Event: 213.775 Thread 0x0000029ad47860a0 3066       1       org.codehaus.groovy.util.ReferenceBundle::getManager (5 bytes)
Event: 213.775 Thread 0x0000029ad47860a0 nmethod 3066 0x0000029ac949be90 code [0x0000029ac949c020, 0x0000029ac949c0f8]
Event: 213.778 Thread 0x0000029ad4757f90 nmethod 3059 0x0000029ac949c190 code [0x0000029ac949c320, 0x0000029ac949c658]
Event: 213.780 Thread 0x0000029ad47860a0 3067       3       java.lang.invoke.LambdaFormBuffer::ownedCount (7 bytes)
Event: 213.780 Thread 0x0000029ad47860a0 nmethod 3067 0x0000029ac23e5410 code [0x0000029ac23e55a0, 0x0000029ac23e56b8]
Event: 213.780 Thread 0x0000029ad47860a0 3068       3       java.lang.invoke.LambdaFormBuffer::changeName (149 bytes)
Event: 213.781 Thread 0x0000029ad47860a0 nmethod 3068 0x0000029ac23e5790 code [0x0000029ac23e5960, 0x0000029ac23e5ea8]
Event: 213.782 Thread 0x0000029ad47860a0 3069       3       java.lang.Class::getDeclaredMethods (27 bytes)
Event: 213.783 Thread 0x0000029ad47860a0 nmethod 3069 0x0000029ac23e6090 code [0x0000029ac23e6280, 0x0000029ac23e6598]
Event: 213.784 Thread 0x0000029ad47860a0 3070       3       org.codehaus.groovy.util.LazyReference::<init> (17 bytes)
Event: 213.785 Thread 0x0000029ad47860a0 nmethod 3070 0x0000029ac23e6710 code [0x0000029ac23e68e0, 0x0000029ac23e6c38]
Event: 214.020 Thread 0x0000029ad4757f90 3071  s!   4       jdk.internal.loader.URLClassPath::getLoader (194 bytes)

GC Heap History (10 events):
Event: 26.520 GC heap before
{Heap before GC invocations=0 (full 0):
 garbage-first heap   total 262144K, used 15360K [0x00000000e0000000, 0x0000000100000000)
  region size 1024K, 13 young (13312K), 0 survivors (0K)
 Metaspace       used 1089K, committed 1216K, reserved 221184K
  class space    used 73K, committed 128K, reserved 212992K
}
Event: 26.575 GC heap after
{Heap after GC invocations=1 (full 0):
 garbage-first heap   total 262144K, used 3961K [0x00000000e0000000, 0x0000000100000000)
  region size 1024K, 2 young (2048K), 2 survivors (2048K)
 Metaspace       used 1089K, committed 1216K, reserved 221184K
  class space    used 73K, committed 128K, reserved 212992K
}
Event: 41.766 GC heap before
{Heap before GC invocations=1 (full 0):
 garbage-first heap   total 262144K, used 19321K [0x00000000e0000000, 0x0000000100000000)
  region size 1024K, 15 young (15360K), 2 survivors (2048K)
 Metaspace       used 3480K, committed 3648K, reserved 221184K
  class space    used 405K, committed 512K, reserved 212992K
}
Event: 41.779 GC heap after
{Heap after GC invocations=2 (full 0):
 garbage-first heap   total 262144K, used 9251K [0x00000000e0000000, 0x0000000100000000)
  region size 1024K, 2 young (2048K), 2 survivors (2048K)
 Metaspace       used 3480K, committed 3648K, reserved 221184K
  class space    used 405K, committed 512K, reserved 212992K
}
Event: 43.405 GC heap before
{Heap before GC invocations=2 (full 0):
 garbage-first heap   total 262144K, used 28707K [0x00000000e0000000, 0x0000000100000000)
  region size 1024K, 21 young (21504K), 2 survivors (2048K)
 Metaspace       used 4220K, committed 4416K, reserved 221184K
  class space    used 488K, committed 576K, reserved 212992K
}
Event: 43.409 GC heap after
{Heap after GC invocations=3 (full 0):
 garbage-first heap   total 262144K, used 9879K [0x00000000e0000000, 0x0000000100000000)
  region size 1024K, 1 young (1024K), 1 survivors (1024K)
 Metaspace       used 4220K, committed 4416K, reserved 221184K
  class space    used 488K, committed 576K, reserved 212992K
}
Event: 175.283 GC heap before
{Heap before GC invocations=3 (full 0):
 garbage-first heap   total 262144K, used 123543K [0x00000000e0000000, 0x0000000100000000)
  region size 1024K, 112 young (114688K), 1 survivors (1024K)
 Metaspace       used 20993K, committed 21248K, reserved 237568K
  class space    used 2975K, committed 3136K, reserved 212992K
}
Event: 175.825 GC heap after
{Heap after GC invocations=4 (full 0):
 garbage-first heap   total 262144K, used 20058K [0x00000000e0000000, 0x0000000100000000)
  region size 1024K, 11 young (11264K), 11 survivors (11264K)
 Metaspace       used 20993K, committed 21248K, reserved 237568K
  class space    used 2975K, committed 3136K, reserved 212992K
}
Event: 186.435 GC heap before
{Heap before GC invocations=5 (full 0):
 garbage-first heap   total 262144K, used 29274K [0x00000000e0000000, 0x0000000100000000)
  region size 1024K, 21 young (21504K), 11 survivors (11264K)
 Metaspace       used 22331K, committed 22592K, reserved 237568K
  class space    used 3204K, committed 3328K, reserved 212992K
}
Event: 186.485 GC heap after
{Heap after GC invocations=6 (full 0):
 garbage-first heap   total 262144K, used 20998K [0x00000000e0000000, 0x0000000100000000)
  region size 1024K, 1 young (1024K), 1 survivors (1024K)
 Metaspace       used 22331K, committed 22592K, reserved 237568K
  class space    used 3204K, committed 3328K, reserved 212992K
}

Deoptimization events (20 events):
Event: 211.771 Thread 0x0000029ad5cc2760 Uncommon trap: trap_request=0xffffffde fr.pc=0x0000029ac93cc774 relative=0x0000000000001814
Event: 211.771 Thread 0x0000029ad5cc2760 Uncommon trap: reason=class_check action=maybe_recompile pc=0x0000029ac93cc774 method=java.io.BufferedInputStream.read([BII)I @ 101 c2
Event: 211.771 Thread 0x0000029ad5cc2760 DEOPT PACKING pc=0x0000029ac93cc774 sp=0x000000afd54f8310
Event: 211.771 Thread 0x0000029ad5cc2760 DEOPT UNPACKING pc=0x0000029ac188d728 sp=0x000000afd54f81d0 mode 2
Event: 211.772 Thread 0x0000029ad5cc2760 Uncommon trap: trap_request=0xffffffde fr.pc=0x0000029ac93cc774 relative=0x0000000000001814
Event: 211.772 Thread 0x0000029ad5cc2760 Uncommon trap: reason=class_check action=maybe_recompile pc=0x0000029ac93cc774 method=java.io.BufferedInputStream.read([BII)I @ 101 c2
Event: 211.772 Thread 0x0000029ad5cc2760 DEOPT PACKING pc=0x0000029ac93cc774 sp=0x000000afd54f8310
Event: 211.772 Thread 0x0000029ad5cc2760 DEOPT UNPACKING pc=0x0000029ac188d728 sp=0x000000afd54f81d0 mode 2
Event: 211.773 Thread 0x0000029ad5cc2760 Uncommon trap: trap_request=0xffffffde fr.pc=0x0000029ac93cc774 relative=0x0000000000001814
Event: 211.773 Thread 0x0000029ad5cc2760 Uncommon trap: reason=class_check action=maybe_recompile pc=0x0000029ac93cc774 method=java.io.BufferedInputStream.read([BII)I @ 101 c2
Event: 211.773 Thread 0x0000029ad5cc2760 DEOPT PACKING pc=0x0000029ac93cc774 sp=0x000000afd54f8330
Event: 211.773 Thread 0x0000029ad5cc2760 DEOPT UNPACKING pc=0x0000029ac188d728 sp=0x000000afd54f81f0 mode 2
Event: 211.778 Thread 0x0000029ad5cc2760 Uncommon trap: trap_request=0xffffffde fr.pc=0x0000029ac948c0b4 relative=0x0000000000000e94
Event: 211.778 Thread 0x0000029ad5cc2760 Uncommon trap: reason=class_check action=maybe_recompile pc=0x0000029ac948c0b4 method=java.io.BufferedInputStream.read([BII)I @ 101 c2
Event: 211.778 Thread 0x0000029ad5cc2760 DEOPT PACKING pc=0x0000029ac948c0b4 sp=0x000000afd54f8270
Event: 211.778 Thread 0x0000029ad5cc2760 DEOPT UNPACKING pc=0x0000029ac188d728 sp=0x000000afd54f81e0 mode 2
Event: 211.832 Thread 0x0000029ad5cc2760 Uncommon trap: trap_request=0xffffffde fr.pc=0x0000029ac948d9a8 relative=0x0000000000000908
Event: 211.832 Thread 0x0000029ad5cc2760 Uncommon trap: reason=class_check action=maybe_recompile pc=0x0000029ac948d9a8 method=java.io.BufferedInputStream.read([BII)I @ 101 c2
Event: 211.832 Thread 0x0000029ad5cc2760 DEOPT PACKING pc=0x0000029ac948d9a8 sp=0x000000afd54f81d0
Event: 211.832 Thread 0x0000029ad5cc2760 DEOPT UNPACKING pc=0x0000029ac188d728 sp=0x000000afd54f8188 mode 2

Classes unloaded (0 events):
No events

Classes redefined (0 events):
No events

Internal exceptions (20 events):
Event: 162.170 Thread 0x0000029ad5cc2760 Exception <a 'java/lang/NoSuchMethodError'{0x00000000e99564a0}: 'java.lang.Object java.lang.invoke.DirectMethodHandle$Holder.invokeSpecialIFC(java.lang.Object, java.lang.Object, java.lang.Object, java.lang.Object)'> (0x00000000e99564a0) 
thrown [c:\wsjdk\correttojdksrc\installers\windows\zip\corretto-build\buildroot\src\hotspot\share\interpreter\linkResolver.cpp, line 790]
Event: 162.473 Thread 0x0000029ad5cc2760 Exception <a 'java/lang/NoSuchMethodError'{0x00000000e98516a8}: 'java.lang.Object java.lang.invoke.DirectMethodHandle$Holder.invokeSpecial(java.lang.Object, java.lang.Object, java.lang.Object, java.lang.Object, java.lang.Object, java.lang.Object, java.lang.Object, java.lang.Object, java.lang.Object, java.lang.Object, java.lang.Object, java.lang.Object, java.lang.Object)'> (0x00000000e98516a8) 
thrown [c:\wsjdk\correttojdksrc\installers\windows\zip\corretto-build\buildroot\src\hotspot\share\interpreter\link
Event: 162.476 Thread 0x0000029ad5cc2760 Exception <a 'java/lang/NoSuchMethodError'{0x00000000e9864ca8}: 'java.lang.Object java.lang.invoke.DirectMethodHandle$Holder.newInvokeSpecial(java.lang.Object, java.lang.Object, java.lang.Object, java.lang.Object, java.lang.Object, java.lang.Object, java.lang.Object, java.lang.Object, java.lang.Object, java.lang.Object, java.lang.Object)'> (0x00000000e9864ca8) 
thrown [c:\wsjdk\correttojdksrc\installers\windows\zip\corretto-build\buildroot\src\hotspot\share\interpreter\linkResolver.cpp, line 790]
Event: 162.478 Thread 0x0000029ad5cc2760 Exception <a 'java/lang/NoSuchMethodError'{0x00000000e986a9e8}: 'java.lang.Object java.lang.invoke.DirectMethodHandle$Holder.invokeSpecial(java.lang.Object, java.lang.Object, java.lang.Object, java.lang.Object, java.lang.Object, java.lang.Object, java.lang.Object, java.lang.Object, java.lang.Object, java.lang.Object, java.lang.Object, java.lang.Object)'> (0x00000000e986a9e8) 
thrown [c:\wsjdk\correttojdksrc\installers\windows\zip\corretto-build\buildroot\src\hotspot\share\interpreter\linkResolver.cpp, line
Event: 162.478 Thread 0x0000029ad5cc2760 Exception <a 'java/lang/NoSuchMethodError'{0x00000000e986ffd8}: 'java.lang.Object java.lang.invoke.Invokers$Holder.linkToTargetMethod(java.lang.Object, java.lang.Object, java.lang.Object, java.lang.Object, java.lang.Object, java.lang.Object, java.lang.Object, java.lang.Object, java.lang.Object, java.lang.Object, java.lang.Object)'> (0x00000000e986ffd8) 
thrown [c:\wsjdk\correttojdksrc\installers\windows\zip\corretto-build\buildroot\src\hotspot\share\interpreter\linkResolver.cpp, line 790]
Event: 164.160 Thread 0x0000029ad5cc2760 Exception <a 'java/lang/NoSuchMethodError'{0x00000000e970d8c8}: 'java.lang.Object java.lang.invoke.DirectMethodHandle$Holder.invokeSpecial(java.lang.Object, java.lang.Object, java.lang.Object, java.lang.Object, java.lang.Object, java.lang.Object, java.lang.Object, java.lang.Object, java.lang.Object, java.lang.Object, java.lang.Object, java.lang.Object, java.lang.Object, java.lang.Object)'> (0x00000000e970d8c8) 
thrown [c:\wsjdk\correttojdksrc\installers\windows\zip\corretto-build\buildroot\src\hotspot\shar
Event: 164.162 Thread 0x0000029ad5cc2760 Exception <a 'java/lang/NoSuchMethodError'{0x00000000e9721c18}: 'java.lang.Object java.lang.invoke.DirectMethodHandle$Holder.newInvokeSpecial(java.lang.Object, java.lang.Object, java.lang.Object, java.lang.Object, java.lang.Object, java.lang.Object, java.lang.Object, java.lang.Object, java.lang.Object, java.lang.Object, java.lang.Object, java.lang.Object)'> (0x00000000e9721c18) 
thrown [c:\wsjdk\correttojdksrc\installers\windows\zip\corretto-build\buildroot\src\hotspot\share\interpreter\linkResolver.cpp, l
Event: 164.163 Thread 0x0000029ad5cc2760 Exception <a 'java/lang/NoSuchMethodError'{0x00000000e9727418}: 'java.lang.Object java.lang.invoke.Invokers$Holder.linkToTargetMethod(java.lang.Object, java.lang.Object, java.lang.Object, java.lang.Object, java.lang.Object, java.lang.Object, java.lang.Object, java.lang.Object, java.lang.Object, java.lang.Object, java.lang.Object, java.lang.Object)'> (0x00000000e9727418) 
thrown [c:\wsjdk\correttojdksrc\installers\windows\zip\corretto-build\buildroot\src\hotspot\share\interpreter\linkResolver.cpp, line 790]
Event: 165.020 Thread 0x0000029ad5cc2760 Exception <a 'java/lang/NoSuchMethodError'{0x00000000e97bd350}: 'java.lang.Object java.lang.invoke.DirectMethodHandle$Holder.invokeStaticInit(java.lang.Object, java.lang.Object, java.lang.Object, java.lang.Object)'> (0x00000000e97bd350) 
thrown [c:\wsjdk\correttojdksrc\installers\windows\zip\corretto-build\buildroot\src\hotspot\share\interpreter\linkResolver.cpp, line 790]
Event: 173.544 Thread 0x0000029ad5cc2760 Implicit null exception at 0x0000029ac935de93 to 0x0000029ac935e298
Event: 181.327 Thread 0x0000029ad5cc2760 Exception <a 'java/lang/NoSuchMethodError'{0x00000000efa8a2e8}: 'java.lang.Object java.lang.invoke.DirectMethodHandle$Holder.newInvokeSpecial(java.lang.Object, java.lang.Object, java.lang.Object, java.lang.Object, java.lang.Object, java.lang.Object, java.lang.Object, java.lang.Object)'> (0x00000000efa8a2e8) 
thrown [c:\wsjdk\correttojdksrc\installers\windows\zip\corretto-build\buildroot\src\hotspot\share\interpreter\linkResolver.cpp, line 790]
Event: 181.328 Thread 0x0000029ad5cc2760 Exception <a 'java/lang/NoSuchMethodError'{0x00000000efa901d8}: 'java.lang.Object java.lang.invoke.Invokers$Holder.linkToTargetMethod(java.lang.Object, java.lang.Object, java.lang.Object, java.lang.Object, java.lang.Object, java.lang.Object, java.lang.Object, java.lang.Object)'> (0x00000000efa901d8) 
thrown [c:\wsjdk\correttojdksrc\installers\windows\zip\corretto-build\buildroot\src\hotspot\share\interpreter\linkResolver.cpp, line 790]
Event: 181.556 Thread 0x0000029ad5cc2760 Exception <a 'java/lang/NoSuchMethodError'{0x00000000efac0cd0}: 'java.lang.Object java.lang.invoke.DirectMethodHandle$Holder.newInvokeSpecial(java.lang.Object, java.lang.Object, java.lang.Object, java.lang.Object, java.lang.Object, java.lang.Object, java.lang.Object)'> (0x00000000efac0cd0) 
thrown [c:\wsjdk\correttojdksrc\installers\windows\zip\corretto-build\buildroot\src\hotspot\share\interpreter\linkResolver.cpp, line 790]
Event: 181.557 Thread 0x0000029ad5cc2760 Exception <a 'java/lang/NoSuchMethodError'{0x00000000efac60c8}: 'java.lang.Object java.lang.invoke.Invokers$Holder.linkToTargetMethod(java.lang.Object, java.lang.Object, java.lang.Object, java.lang.Object, java.lang.Object, java.lang.Object, java.lang.Object)'> (0x00000000efac60c8) 
thrown [c:\wsjdk\correttojdksrc\installers\windows\zip\corretto-build\buildroot\src\hotspot\share\interpreter\linkResolver.cpp, line 790]
Event: 181.649 Thread 0x0000029ad5cc2760 Exception <a 'java/lang/IncompatibleClassChangeError'{0x00000000efaf60e8}: Found class java.lang.Object, but interface was expected> (0x00000000efaf60e8) 
thrown [c:\wsjdk\correttojdksrc\installers\windows\zip\corretto-build\buildroot\src\hotspot\share\interpreter\linkResolver.cpp, line 857]
Event: 197.671 Thread 0x0000029ad5cc2760 Exception <a 'java/lang/NoSuchMethodError'{0x00000000ef8ae408}: 'void java.lang.invoke.DirectMethodHandle$Holder.invokeSpecial(java.lang.Object, java.lang.Object, java.lang.Object, java.lang.Object, java.lang.Object)'> (0x00000000ef8ae408) 
thrown [c:\wsjdk\correttojdksrc\installers\windows\zip\corretto-build\buildroot\src\hotspot\share\interpreter\linkResolver.cpp, line 790]
Event: 197.683 Thread 0x0000029ad5cc2760 Exception <a 'java/lang/NoSuchMethodError'{0x00000000ef8ef350}: 'java.lang.Object java.lang.invoke.DirectMethodHandle$Holder.invokeStatic(java.lang.Object, java.lang.Object, int, java.lang.Object)'> (0x00000000ef8ef350) 
thrown [c:\wsjdk\correttojdksrc\installers\windows\zip\corretto-build\buildroot\src\hotspot\share\interpreter\linkResolver.cpp, line 790]
Event: 197.685 Thread 0x0000029ad5cc2760 Exception <a 'java/lang/NoSuchMethodError'{0x00000000ef8f72a0}: 'java.lang.Object java.lang.invoke.DirectMethodHandle$Holder.newInvokeSpecial(java.lang.Object, java.lang.Object, int, java.lang.Object)'> (0x00000000ef8f72a0) 
thrown [c:\wsjdk\correttojdksrc\installers\windows\zip\corretto-build\buildroot\src\hotspot\share\interpreter\linkResolver.cpp, line 790]
Event: 197.685 Thread 0x0000029ad5cc2760 Exception <a 'java/lang/NoSuchMethodError'{0x00000000ef8fbc78}: 'java.lang.Object java.lang.invoke.DirectMethodHandle$Holder.invokeSpecial(java.lang.Object, java.lang.Object, java.lang.Object, int, java.lang.Object)'> (0x00000000ef8fbc78) 
thrown [c:\wsjdk\correttojdksrc\installers\windows\zip\corretto-build\buildroot\src\hotspot\share\interpreter\linkResolver.cpp, line 790]
Event: 206.945 Thread 0x0000029ad5cc2760 Exception <a 'java/lang/NoSuchMethodError'{0x00000000ef32a590}: 'void java.lang.invoke.DirectMethodHandle$Holder.invokeStaticInit(java.lang.Object, java.lang.Object, java.lang.Object, java.lang.Object)'> (0x00000000ef32a590) 
thrown [c:\wsjdk\correttojdksrc\installers\windows\zip\corretto-build\buildroot\src\hotspot\share\interpreter\linkResolver.cpp, line 790]

Events (20 events):
Event: 210.276 loading class java/util/BitSet
Event: 210.480 loading class java/util/BitSet done
Event: 210.568 Executing  VM operation: Cleanup
Event: 210.568 Executing  VM operation: Cleanup done
Event: 211.250 loading class java/util/TimerTask
Event: 211.330 loading class java/util/TimerTask done
Event: 211.330 loading class java/util/Timer
Event: 211.413 loading class java/util/Timer done
Event: 211.457 loading class java/lang/Process
Event: 211.577 loading class java/lang/Process done
Event: 211.584 Executing  VM operation: Cleanup
Event: 211.584 Executing  VM operation: Cleanup done
Event: 212.599 Executing  VM operation: Cleanup
Event: 212.599 Executing  VM operation: Cleanup done
Event: 213.481 loading class java/security/AccessControlException
Event: 213.522 loading class java/security/AccessControlException done
Event: 213.523 Executing  VM operation: HandshakeAllThreads
Event: 213.523 Executing  VM operation: HandshakeAllThreads done
Event: 214.537 Executing  VM operation: Cleanup
Event: 214.537 Executing  VM operation: Cleanup done


Dynamic libraries:
0x00007ff7e0cf0000 - 0x00007ff7e0cfd000 	C:\Users\shivam\.jdks\corretto-16.0.2\bin\java.exe
0x00007ffe346f0000 - 0x00007ffe348e5000 	C:\WINDOWS\SYSTEM32\ntdll.dll
0x00007ffe330e0000 - 0x00007ffe3319e000 	C:\WINDOWS\System32\KERNEL32.DLL
0x00007ffe323d0000 - 0x00007ffe32698000 	C:\WINDOWS\System32\KERNELBASE.dll
0x00007ffe322d0000 - 0x00007ffe323d0000 	C:\WINDOWS\System32\ucrtbase.dll
0x00007ffe2e6c0000 - 0x00007ffe2e6d8000 	C:\Users\shivam\.jdks\corretto-16.0.2\bin\jli.dll
0x00007ffe2ab00000 - 0x00007ffe2ab15000 	C:\Users\shivam\.jdks\corretto-16.0.2\bin\VCRUNTIME140.dll
0x00007ffe34440000 - 0x00007ffe345e1000 	C:\WINDOWS\System32\USER32.dll
0x00007ffe32070000 - 0x00007ffe32092000 	C:\WINDOWS\System32\win32u.dll
0x00007ffe2a380000 - 0x00007ffe2a61a000 	C:\WINDOWS\WinSxS\amd64_microsoft.windows.common-controls_6595b64144ccf1df_6.0.19041.1110_none_60b5254171f9507e\COMCTL32.dll
0x00007ffe33310000 - 0x00007ffe3333b000 	C:\WINDOWS\System32\GDI32.dll
0x00007ffe32730000 - 0x00007ffe327ce000 	C:\WINDOWS\System32\msvcrt.dll
0x00007ffe31e00000 - 0x00007ffe31f0d000 	C:\WINDOWS\System32\gdi32full.dll
0x00007ffe32230000 - 0x00007ffe322cd000 	C:\WINDOWS\System32\msvcp_win.dll
0x00007ffe331a0000 - 0x00007ffe331d0000 	C:\WINDOWS\System32\IMM32.DLL
0x00007ffe1a700000 - 0x00007ffe1a79b000 	C:\Users\shivam\.jdks\corretto-16.0.2\bin\msvcp140.dll
0x00007ffdd5940000 - 0x00007ffdd6549000 	C:\Users\shivam\.jdks\corretto-16.0.2\bin\server\jvm.dll
0x00007ffe331d0000 - 0x00007ffe3327c000 	C:\WINDOWS\System32\ADVAPI32.dll
0x00007ffe33340000 - 0x00007ffe333db000 	C:\WINDOWS\System32\sechost.dll
0x00007ffe32b90000 - 0x00007ffe32cba000 	C:\WINDOWS\System32\RPCRT4.dll
0x00007ffe33300000 - 0x00007ffe33308000 	C:\WINDOWS\System32\PSAPI.DLL
0x00007ffe2ebf0000 - 0x00007ffe2ebf9000 	C:\WINDOWS\SYSTEM32\WSOCK32.dll
0x00007ffe2a6d0000 - 0x00007ffe2a6f7000 	C:\WINDOWS\SYSTEM32\WINMM.dll
0x00007ffe2a780000 - 0x00007ffe2a78a000 	C:\WINDOWS\SYSTEM32\VERSION.dll
0x00007ffe32b00000 - 0x00007ffe32b6b000 	C:\WINDOWS\System32\WS2_32.dll
0x00007ffe2fc10000 - 0x00007ffe2fc22000 	C:\WINDOWS\SYSTEM32\kernel.appcore.dll
0x00007ffe2f540000 - 0x00007ffe2f54a000 	C:\Users\shivam\.jdks\corretto-16.0.2\bin\jimage.dll
0x00007ffe1de10000 - 0x00007ffe1dff4000 	C:\WINDOWS\SYSTEM32\DBGHELP.DLL
0x00007ffe1dad0000 - 0x00007ffe1dafc000 	C:\WINDOWS\SYSTEM32\dbgcore.DLL
0x00007ffe321a0000 - 0x00007ffe32222000 	C:\WINDOWS\System32\bcryptPrimitives.dll
0x00007ffe1a6d0000 - 0x00007ffe1a6f5000 	C:\Users\shivam\.jdks\corretto-16.0.2\bin\java.dll
0x00007ffe33b30000 - 0x00007ffe34274000 	C:\WINDOWS\System32\SHELL32.dll
0x00007ffe2fef0000 - 0x00007ffe30684000 	C:\WINDOWS\SYSTEM32\windows.storage.dll
0x00007ffe32cc0000 - 0x00007ffe33015000 	C:\WINDOWS\System32\combase.dll
0x00007ffe31780000 - 0x00007ffe317ae000 	C:\WINDOWS\SYSTEM32\Wldp.dll
0x00007ffe33030000 - 0x00007ffe330dd000 	C:\WINDOWS\System32\SHCORE.dll
0x00007ffe338c0000 - 0x00007ffe33915000 	C:\WINDOWS\System32\shlwapi.dll
0x00007ffe31d40000 - 0x00007ffe31d5f000 	C:\WINDOWS\SYSTEM32\profapi.dll
0x00007ffe262c0000 - 0x00007ffe262d9000 	C:\Users\shivam\.jdks\corretto-16.0.2\bin\net.dll
0x00007ffe28b70000 - 0x00007ffe28c7c000 	C:\WINDOWS\SYSTEM32\WINHTTP.dll
0x00007ffe314e0000 - 0x00007ffe3154a000 	C:\WINDOWS\system32\mswsock.dll
0x00007ffe241d0000 - 0x00007ffe241e3000 	C:\Users\shivam\.jdks\corretto-16.0.2\bin\nio.dll
0x00007ffe1b2c0000 - 0x00007ffe1b2d8000 	C:\Users\shivam\.jdks\corretto-16.0.2\bin\zip.dll
0x00007ffe2f550000 - 0x00007ffe2f560000 	C:\Users\shivam\.jdks\corretto-16.0.2\bin\verify.dll
0x00007ffe2e790000 - 0x00007ffe2e7b7000 	C:\Users\shivam\.gradle\native\e1d6ef7f7dcc3fd88c89a11ec53ec762bb8ba0a96d01ffa2cd45eb1d1d8dd5c5\windows-amd64\native-platform.dll
0x00007ffe12dc0000 - 0x00007ffe12f04000 	C:\Users\shivam\.gradle\native\5664cfc778a61ccfe75a443a1ab52a65af34e5dc3c78e0209fed803814484fcb\windows-amd64\native-platform-file-events.dll
0x00007ffe2e770000 - 0x00007ffe2e779000 	C:\Users\shivam\.jdks\corretto-16.0.2\bin\management.dll
0x00007ffe2aad0000 - 0x00007ffe2aadb000 	C:\Users\shivam\.jdks\corretto-16.0.2\bin\management_ext.dll
0x00007ffe316d0000 - 0x00007ffe316e8000 	C:\WINDOWS\SYSTEM32\CRYPTSP.dll
0x00007ffe30e60000 - 0x00007ffe30e94000 	C:\WINDOWS\system32\rsaenh.dll
0x00007ffe32700000 - 0x00007ffe32727000 	C:\WINDOWS\System32\bcrypt.dll
0x00007ffe31cc0000 - 0x00007ffe31cee000 	C:\WINDOWS\SYSTEM32\USERENV.dll
0x00007ffe316f0000 - 0x00007ffe316fc000 	C:\WINDOWS\SYSTEM32\CRYPTBASE.dll
0x00007ffe311d0000 - 0x00007ffe3120b000 	C:\WINDOWS\SYSTEM32\IPHLPAPI.DLL
0x00007ffe346a0000 - 0x00007ffe346a8000 	C:\WINDOWS\System32\NSI.dll
0x00007ffe29630000 - 0x00007ffe29647000 	C:\WINDOWS\SYSTEM32\dhcpcsvc6.DLL
0x00007ffe2a0b0000 - 0x00007ffe2a0cd000 	C:\WINDOWS\SYSTEM32\dhcpcsvc.DLL
0x00007ffe31210000 - 0x00007ffe312db000 	C:\WINDOWS\SYSTEM32\DNSAPI.dll
0x00007ffe2f580000 - 0x00007ffe2f58e000 	C:\Users\shivam\.jdks\corretto-16.0.2\bin\sunmscapi.dll
0x00007ffe31f10000 - 0x00007ffe32066000 	C:\WINDOWS\System32\CRYPT32.dll
0x00007ffe317f0000 - 0x00007ffe31817000 	C:\WINDOWS\SYSTEM32\ncrypt.dll
0x00007ffe317b0000 - 0x00007ffe317eb000 	C:\WINDOWS\SYSTEM32\NTASN1.dll
0x00007ffe2e7d0000 - 0x00007ffe2e7d7000 	C:\WINDOWS\system32\wshunix.dll

dbghelp: loaded successfully - version: 4.0.5 - missing functions: none
symbol engine: initialized successfully - sym options: 0x614 - pdb path: .;C:\Users\shivam\.jdks\corretto-16.0.2\bin;C:\WINDOWS\SYSTEM32;C:\WINDOWS\WinSxS\amd64_microsoft.windows.common-controls_6595b64144ccf1df_6.0.19041.1110_none_60b5254171f9507e;C:\Users\shivam\.jdks\corretto-16.0.2\bin\server;C:\Users\shivam\.gradle\native\e1d6ef7f7dcc3fd88c89a11ec53ec762bb8ba0a96d01ffa2cd45eb1d1d8dd5c5\windows-amd64;C:\Users\shivam\.gradle\native\5664cfc778a61ccfe75a443a1ab52a65af34e5dc3c78e0209fed803814484fcb\windows-amd64

VM Arguments:
jvm_args: --add-opens=java.base/java.util=ALL-UNNAMED --add-opens=java.base/java.lang=ALL-UNNAMED --add-opens=java.base/java.lang.invoke=ALL-UNNAMED --add-opens=java.base/java.util=ALL-UNNAMED --add-opens=java.prefs/java.util.prefs=ALL-UNNAMED --add-opens=java.prefs/java.util.prefs=ALL-UNNAMED --add-opens=java.base/java.nio.charset=ALL-UNNAMED --add-opens=java.base/java.net=ALL-UNNAMED --add-opens=java.base/java.util.concurrent.atomic=ALL-UNNAMED -XX:MaxMetaspaceSize=256m -XX:+HeapDumpOnOutOfMemoryError -Xms256m -Xmx512m -Dfile.encoding=windows-1252 -Duser.country=IN -Duser.language=en -Duser.variant 
java_command: org.gradle.launcher.daemon.bootstrap.GradleDaemon 7.3.2
java_class_path (initial): C:\Users\shivam\.gradle\wrapper\dists\gradle-7.3.2-bin\4k4cn06q0rruwh9dpndf9gmi8\gradle-7.3.2\lib\gradle-launcher-7.3.2.jar
Launcher Type: SUN_STANDARD

[Global flags]
     intx CICompilerCount                          = 3                                         {product} {ergonomic}
   size_t CompressedClassSpaceSize                 = 218103808                                 {product} {ergonomic}
     uint ConcGCThreads                            = 1                                         {product} {ergonomic}
     uint G1ConcRefinementThreads                  = 4                                         {product} {ergonomic}
   size_t G1HeapRegionSize                         = 1048576                                   {product} {ergonomic}
    uintx GCDrainStackTargetSize                   = 64                                        {product} {ergonomic}
     bool HeapDumpOnOutOfMemoryError               = true                                   {manageable} {command line}
   size_t InitialHeapSize                          = 268435456                                 {product} {command line}
   size_t MarkStackSize                            = 4194304                                   {product} {ergonomic}
   size_t MaxHeapSize                              = 536870912                                 {product} {command line}
   size_t MaxMetaspaceSize                         = 268435456                                 {product} {command line}
   size_t MaxNewSize                               = 321912832                                 {product} {ergonomic}
   size_t MinHeapDeltaBytes                        = 1048576                                   {product} {ergonomic}
   size_t MinHeapSize                              = 268435456                                 {product} {command line}
    uintx NonNMethodCodeHeapSize                   = 5832780                                {pd product} {ergonomic}
    uintx NonProfiledCodeHeapSize                  = 122912730                              {pd product} {ergonomic}
    uintx ProfiledCodeHeapSize                     = 122912730                              {pd product} {ergonomic}
    uintx ReservedCodeCacheSize                    = 251658240                              {pd product} {ergonomic}
     bool SegmentedCodeCache                       = true                                      {product} {ergonomic}
   size_t SoftMaxHeapSize                          = 536870912                              {manageable} {ergonomic}
     bool UseCompressedClassPointers               = true                           {product lp64_product} {ergonomic}
     bool UseCompressedOops                        = true                           {product lp64_product} {ergonomic}
     bool UseG1GC                                  = true                                      {product} {ergonomic}
     bool UseLargePagesIndividualAllocation        = false                                  {pd product} {ergonomic}

Logging:
Log output configuration:
 #0: stdout all=warning uptime,level,tags
 #1: stderr all=off uptime,level,tags

Environment Variables:
PATH=C:\Program Files\Common Files\Oracle\Java\javapath;C:\Program Files (x86)\NVIDIA Corporation\PhysX\Common;C:\WINDOWS\system32;C:\WINDOWS;C:\WINDOWS\System32\Wbem;C:\WINDOWS\System32\WindowsPowerShell\v1.0\;C:\WINDOWS\System32\OpenSSH\;C:\Program Files\Git\cmd;C:\msys64\mingw64\bin;C:\Program Files\MySQL\MySQL Shell 8.0\bin\;C:\Users\shivam\AppData\Local\Microsoft\WindowsApps;C:\Users\shivam\AppData\Local\Programs\Microsoft VS Code\bin;C:\Program Files\Java\jdk-17\bin;C:\Users\shivam\AppData\Local\GitHubDesktop\bin;C:\Program Files\Git\bin
USERNAME=shivam
OS=Windows_NT
PROCESSOR_IDENTIFIER=Intel64 Family 6 Model 37 Stepping 5, GenuineIntel



---------------  S Y S T E M  ---------------

OS:
 Windows 10 , 64 bit Build 19041 (10.0.19041.1348)
OS uptime: 1 days 19:40 hours

CPU: total 4 (initial active 4) (2 cores per cpu, 2 threads per core) family 6 model 37 stepping 5 microcode 0x7, cx8, cmov, fxsr, ht, mmx, sse, sse2, sse3, ssse3, sse4.1, sse4.2, popcnt, tsc, tscinvbit, clflush

Memory: 4k page, system-wide physical 3958M (103M free)
TotalPageFile size 16246M (AvailPageFile size 5M)
current process WorkingSet (physical memory assigned to process): 180M, peak: 210M
current process commit charge ("private bytes"): 405M, peak: 405M

vm_info: OpenJDK 64-Bit Server VM (16.0.2+7) for windows-amd64 JRE (16.0.2+7), built on Jul 22 2021 01:11:46 by "Administrator" with MS VC++ 15.9 (VS2017)

END.
