#
# There is insufficient memory for the Java Runtime Environment to continue.
# Native memory allocation (malloc) failed to allocate 1765936 bytes for Chunk::new
# Possible reasons:
#   The system is out of physical RAM or swap space
#   The process is running with CompressedOops enabled, and the Java Heap may be blocking the growth of the native heap
# Possible solutions:
#   Reduce memory load on the system
#   Increase physical memory or swap space
#   Check if swap backing store is full
#   Decrease Java heap size (-Xmx/-Xms)
#   Decrease number of Java threads
#   Decrease Java thread stack sizes (-Xss)
#   Set larger code cache with -XX:ReservedCodeCacheSize=
#   JVM is running with Unscaled Compressed Oops mode in which the Java heap is
#     placed in the first 4GB address space. The Java Heap base address is the
#     maximum limit for the native heap growth. Please use -XX:HeapBaseMinAddress
#     to set the Java Heap base and to place the Java Heap above 4GB virtual address.
# This output file may be truncated or incomplete.
#
#  Out of Memory Error (arena.cpp:195), pid=7436, tid=13708
#
# JRE version: OpenJDK Runtime Environment Corretto-16.0.2.7.1 (16.0.2+7) (build 16.0.2+7)
# Java VM: OpenJDK 64-Bit Server VM Corretto-16.0.2.7.1 (16.0.2+7, mixed mode, sharing, tiered, compressed oops, compressed class ptrs, g1 gc, windows-amd64)
# No core dump will be written. Minidumps are not enabled by default on client versions of Windows
#

---------------  S U M M A R Y ------------

Command Line: --add-opens=java.base/java.util=ALL-UNNAMED --add-opens=java.base/java.lang=ALL-UNNAMED --add-opens=java.base/java.lang.invoke=ALL-UNNAMED --add-opens=java.base/java.util=ALL-UNNAMED --add-opens=java.prefs/java.util.prefs=ALL-UNNAMED --add-opens=java.prefs/java.util.prefs=ALL-UNNAMED --add-opens=java.base/java.nio.charset=ALL-UNNAMED --add-opens=java.base/java.net=ALL-UNNAMED --add-opens=java.base/java.util.concurrent.atomic=ALL-UNNAMED -XX:MaxMetaspaceSize=256m -XX:+HeapDumpOnOutOfMemoryError -Xms256m -Xmx512m -Dfile.encoding=windows-1252 -Duser.country=IN -Duser.language=en -Duser.variant org.gradle.launcher.daemon.bootstrap.GradleDaemon 7.3.2

Host: Intel(R) Core(TM) i5 CPU       M 480  @ 2.67GHz, 4 cores, 3G,  Windows 10 , 64 bit Build 19041 (10.0.19041.1348)
Time: Wed Jan 12 13:37:22 2022 India Standard Time elapsed time: 51.862658 seconds (0d 0h 0m 51s)

---------------  T H R E A D  ---------------

Current thread (0x000002174f3097d0):  JavaThread "C2 CompilerThread0" daemon [_thread_in_native, id=13708, stack(0x00000062cfe00000,0x00000062cff00000)]


Current CompileTask:
C2:  51897 3728       4       org.objectweb.asm.Frame::execute (2318 bytes)

Stack: [0x00000062cfe00000,0x00000062cff00000]
Native frames: (J=compiled Java code, j=interpreted, Vv=VM code, C=native code)
V  [jvm.dll+0x647e0a]
V  [jvm.dll+0x7f0549]
V  [jvm.dll+0x7f1cfe]
V  [jvm.dll+0x7f2343]
V  [jvm.dll+0x23dd88]
V  [jvm.dll+0xc879a]
V  [jvm.dll+0xc8d4c]
V  [jvm.dll+0x3515d2]
V  [jvm.dll+0x31b53f]
V  [jvm.dll+0x31a97a]
V  [jvm.dll+0x210990]
V  [jvm.dll+0x20ff17]
V  [jvm.dll+0x1a0d9b]
V  [jvm.dll+0x21f909]
V  [jvm.dll+0x21da9b]
V  [jvm.dll+0x7a8662]
V  [jvm.dll+0x7a223a]
V  [jvm.dll+0x646c46]
C  [ucrtbase.dll+0x21bb2]
C  [KERNEL32.DLL+0x17034]
C  [ntdll.dll+0x52651]


---------------  P R O C E S S  ---------------

Threads class SMR info:
_java_thread_list=0x000002175129df60, length=38, elements={
0x00000217321b9fd0, 0x000002174f2ec4c0, 0x000002174f2ed810, 0x000002174f2fe950,
0x000002174f2ff460, 0x000002174f304530, 0x000002174f304e40, 0x000002174f3097d0,
0x000002174f315160, 0x000002174f321e70, 0x000002174fdbbf50, 0x000002174fdc4480,
0x00000217512f86c0, 0x00000217506db420, 0x0000021750537bd0, 0x000002174f330bf0,
0x000002174fe7b020, 0x000002175094f910, 0x000002174f38a5a0, 0x000002174f3875d0,
0x000002174f387b20, 0x000002174f389060, 0x000002174f38a050, 0x000002174f387080,
0x000002174f388070, 0x000002174f3885c0, 0x000002174f388b10, 0x000002174f3895b0,
0x000002174f389b00, 0x00000217521ae030, 0x00000217521b1550, 0x00000217521b0560,
0x00000217521afac0, 0x00000217521b0010, 0x00000217521b2fe0, 0x00000217521b1ff0,
0x00000217521ac5a0, 0x00000217521b3530
}

Java Threads: ( => current thread )
  0x00000217321b9fd0 JavaThread "main" [_thread_blocked, id=6236, stack(0x00000062cf100000,0x00000062cf200000)]
  0x000002174f2ec4c0 JavaThread "Reference Handler" daemon [_thread_blocked, id=13624, stack(0x00000062cf800000,0x00000062cf900000)]
  0x000002174f2ed810 JavaThread "Finalizer" daemon [_thread_blocked, id=5300, stack(0x00000062cf900000,0x00000062cfa00000)]
  0x000002174f2fe950 JavaThread "Signal Dispatcher" daemon [_thread_blocked, id=472, stack(0x00000062cfa00000,0x00000062cfb00000)]
  0x000002174f2ff460 JavaThread "Attach Listener" daemon [_thread_blocked, id=8780, stack(0x00000062cfb00000,0x00000062cfc00000)]
  0x000002174f304530 JavaThread "Service Thread" daemon [_thread_blocked, id=7304, stack(0x00000062cfc00000,0x00000062cfd00000)]
  0x000002174f304e40 JavaThread "Monitor Deflation Thread" daemon [_thread_blocked, id=13280, stack(0x00000062cfd00000,0x00000062cfe00000)]
=>0x000002174f3097d0 JavaThread "C2 CompilerThread0" daemon [_thread_in_native, id=13708, stack(0x00000062cfe00000,0x00000062cff00000)]
  0x000002174f315160 JavaThread "C1 CompilerThread0" daemon [_thread_blocked, id=3580, stack(0x00000062cff00000,0x00000062d0000000)]
  0x000002174f321e70 JavaThread "Sweeper thread" daemon [_thread_blocked, id=4168, stack(0x00000062d0000000,0x00000062d0100000)]
  0x000002174fdbbf50 JavaThread "Common-Cleaner" daemon [_thread_blocked, id=8156, stack(0x00000062d0100000,0x00000062d0200000)]
  0x000002174fdc4480 JavaThread "Notification Thread" daemon [_thread_blocked, id=8596, stack(0x00000062d0200000,0x00000062d0300000)]
  0x00000217512f86c0 JavaThread "Daemon health stats" [_thread_blocked, id=9800, stack(0x00000062d0700000,0x00000062d0800000)]
  0x00000217506db420 JavaThread "Incoming local TCP Connector on port 52117" [_thread_in_native, id=13632, stack(0x00000062d0800000,0x00000062d0900000)]
  0x0000021750537bd0 JavaThread "Daemon periodic checks" [_thread_blocked, id=2380, stack(0x00000062d0900000,0x00000062d0a00000)]
  0x000002174f330bf0 JavaThread "Daemon" [_thread_blocked, id=8872, stack(0x00000062d0a00000,0x00000062d0b00000)]
  0x000002174fe7b020 JavaThread "Handler for socket connection from /127.0.0.1:52117 to /127.0.0.1:52118" [_thread_in_native, id=6732, stack(0x00000062d0b00000,0x00000062d0c00000)]
  0x000002175094f910 JavaThread "Cancel handler" [_thread_blocked, id=3336, stack(0x00000062d0c00000,0x00000062d0d00000)]
  0x000002174f38a5a0 JavaThread "Daemon worker" [_thread_in_native, id=7524, stack(0x00000062d0d00000,0x00000062d0e00000)]
  0x000002174f3875d0 JavaThread "Asynchronous log dispatcher for DefaultDaemonConnection: socket connection from /127.0.0.1:52117 to /127.0.0.1:52118" [_thread_blocked, id=388, stack(0x00000062d0e00000,0x00000062d0f00000)]
  0x000002174f387b20 JavaThread "Stdin handler" [_thread_blocked, id=11280, stack(0x00000062d0f00000,0x00000062d1000000)]
  0x000002174f389060 JavaThread "Daemon client event forwarder" [_thread_blocked, id=10504, stack(0x00000062d1000000,0x00000062d1100000)]
  0x000002174f38a050 JavaThread "Cache worker for journal cache (C:\Users\shivam\.gradle\caches\journal-1)" [_thread_blocked, id=5312, stack(0x00000062d1100000,0x00000062d1200000)]
  0x000002174f387080 JavaThread "File lock request listener" [_thread_in_native, id=12204, stack(0x00000062d1200000,0x00000062d1300000)]
  0x000002174f388070 JavaThread "Cache worker for file hash cache (C:\Users\shivam\.gradle\caches\7.3.2\fileHashes)" [_thread_blocked, id=13968, stack(0x00000062d1300000,0x00000062d1400000)]
  0x000002174f3885c0 JavaThread "Cache worker for file hash cache (C:\Users\shivam\Downloads\JavaSpring\JavaSpring\.gradle\7.3.2\fileHashes)" [_thread_blocked, id=7192, stack(0x00000062d1400000,0x00000062d1500000)]
  0x000002174f388b10 JavaThread "File watcher server" daemon [_thread_in_native, id=9464, stack(0x00000062d1500000,0x00000062d1600000)]
  0x000002174f3895b0 JavaThread "File watcher consumer" daemon [_thread_blocked, id=4268, stack(0x00000062d1600000,0x00000062d1700000)]
  0x000002174f389b00 JavaThread "Cache worker for checksums cache (C:\Users\shivam\Downloads\JavaSpring\JavaSpring\.gradle\7.3.2\checksums)" [_thread_blocked, id=13476, stack(0x00000062d1700000,0x00000062d1800000)]
  0x00000217521ae030 JavaThread "Cache worker for cache directory md-supplier (C:\Users\shivam\.gradle\caches\7.3.2\md-supplier)" [_thread_blocked, id=3044, stack(0x00000062d1800000,0x00000062d1900000)]
  0x00000217521b1550 JavaThread "Cache worker for cache directory md-rule (C:\Users\shivam\.gradle\caches\7.3.2\md-rule)" [_thread_blocked, id=10920, stack(0x00000062d1900000,0x00000062d1a00000)]
  0x00000217521b0560 JavaThread "Cache worker for execution history cache (C:\Users\shivam\.gradle\caches\7.3.2\executionHistory)" [_thread_blocked, id=2648, stack(0x00000062d1a00000,0x00000062d1b00000)]
  0x00000217521afac0 JavaThread "jar transforms" [_thread_blocked, id=7716, stack(0x00000062d1b00000,0x00000062d1c00000)]
  0x00000217521b0010 JavaThread "jar transforms Thread 2" [_thread_blocked, id=1548, stack(0x00000062d1c00000,0x00000062d1d00000)]
  0x00000217521b2fe0 JavaThread "Cache worker for file content cache (C:\Users\shivam\.gradle\caches\7.3.2\fileContent)" [_thread_blocked, id=9332, stack(0x00000062d1f00000,0x00000062d2000000)]
  0x00000217521b1ff0 JavaThread "jar transforms Thread 3" [_thread_blocked, id=9652, stack(0x00000062d2000000,0x00000062d2100000)]
  0x00000217521ac5a0 JavaThread "jar transforms Thread 4" [_thread_blocked, id=13736, stack(0x00000062d2100000,0x00000062d2200000)]
  0x00000217521b3530 JavaThread "Cache worker for dependencies-accessors (C:\Users\shivam\Downloads\JavaSpring\JavaSpring\.gradle\7.3.2\dependencies-accessors)" [_thread_blocked, id=1912, stack(0x00000062d2200000,0x00000062d2300000)]

Other Threads:
  0x000002174f2e4260 VMThread "VM Thread" [stack: 0x00000062cf700000,0x00000062cf800000] [id=9312]
  0x000002174f2c9960 WatcherThread [stack: 0x00000062d0300000,0x00000062d0400000] [id=9836]
  0x000002173429e740 GCTaskThread "GC Thread#0" [stack: 0x00000062cf200000,0x00000062cf300000] [id=3332]
  0x00000217500b6960 GCTaskThread "GC Thread#1" [stack: 0x00000062d0400000,0x00000062d0500000] [id=13068]
  0x00000217500b6c70 GCTaskThread "GC Thread#2" [stack: 0x00000062d0500000,0x00000062d0600000] [id=9440]
  0x00000217500fe640 GCTaskThread "GC Thread#3" [stack: 0x00000062d0600000,0x00000062d0700000] [id=5504]
  0x00000217342a3530 ConcurrentGCThread "G1 Main Marker" [stack: 0x00000062cf300000,0x00000062cf400000] [id=1108]
  0x00000217342a4590 ConcurrentGCThread "G1 Conc#0" [stack: 0x00000062cf400000,0x00000062cf500000] [id=14236]
  0x000002173435c420 ConcurrentGCThread "G1 Refine#0" [stack: 0x00000062cf500000,0x00000062cf600000] [id=10812]
  0x0000021751cdde30 ConcurrentGCThread "G1 Refine#1" [stack: 0x00000062d2300000,0x00000062d2400000] [id=13744]
  0x000002173435cc50 ConcurrentGCThread "G1 Service" [stack: 0x00000062cf600000,0x00000062cf700000] [id=12304]

Threads with active compile tasks:
C2 CompilerThread0    53295 3728       4       org.objectweb.asm.Frame::execute (2318 bytes)

VM state: not at safepoint (normal execution)

VM Mutex/Monitor currently owned by a thread: None

Heap address: 0x00000000e0000000, size: 512 MB, Compressed Oops mode: 32-bit

CDS archive(s) mapped at: [0x0000000800000000-0x0000000800be0000-0x0000000800be0000), size 12451840, SharedBaseAddress: 0x0000000800000000, ArchiveRelocationMode: 0.
Compressed class space mapped at: 0x0000000800c00000-0x000000080dc00000, reserved size: 218103808
Narrow klass base: 0x0000000800000000, Narrow klass shift: 3, Narrow klass range: 0x100000000

GC Precious Log:
 CPUs: 4 total, 4 available
 Memory: 3958M
 Large Page Support: Disabled
 NUMA Support: Disabled
 Compressed Oops: Enabled (32-bit)
 Heap Region Size: 1M
 Heap Min Capacity: 256M
 Heap Initial Capacity: 256M
 Heap Max Capacity: 512M
 Pre-touch: Disabled
 Parallel Workers: 4
 Concurrent Workers: 1
 Concurrent Refinement Workers: 4
 Periodic GC: Disabled

Heap:
 garbage-first heap   total 262144K, used 32216K [0x00000000e0000000, 0x0000000100000000)
  region size 1024K, 13 young (13312K), 8 survivors (8192K)
 Metaspace       used 32568K, committed 32960K, reserved 245760K
  class space    used 4325K, committed 4480K, reserved 212992K

Heap Regions: E=young(eden), S=young(survivor), O=old, HS=humongous(starts), HC=humongous(continues), CS=collection set, F=free, OA=open archive, CA=closed archive, TAMS=top-at-mark-start (previous, next)
|   0|0x00000000e0000000, 0x00000000e0100000, 0x00000000e0100000|100%|HS|  |TAMS 0x00000000e0100000, 0x00000000e0000000| Complete 
|   1|0x00000000e0100000, 0x00000000e0200000, 0x00000000e0200000|100%|HC|  |TAMS 0x00000000e0200000, 0x00000000e0100000| Complete 
|   2|0x00000000e0200000, 0x00000000e0300000, 0x00000000e0300000|100%|HC|  |TAMS 0x00000000e0300000, 0x00000000e0200000| Complete 
|   3|0x00000000e0300000, 0x00000000e0400000, 0x00000000e0400000|100%| O|  |TAMS 0x00000000e0400000, 0x00000000e0300000| Untracked 
|   4|0x00000000e0400000, 0x00000000e0500000, 0x00000000e0500000|100%| O|  |TAMS 0x00000000e0500000, 0x00000000e0400000| Untracked 
|   5|0x00000000e0500000, 0x00000000e0600000, 0x00000000e0600000|100%| O|  |TAMS 0x00000000e0600000, 0x00000000e0500000| Untracked 
|   6|0x00000000e0600000, 0x00000000e0700000, 0x00000000e0700000|100%| O|  |TAMS 0x00000000e0700000, 0x00000000e0600000| Untracked 
|   7|0x00000000e0700000, 0x00000000e0800000, 0x00000000e0800000|100%| O|  |TAMS 0x00000000e0800000, 0x00000000e0700000| Untracked 
|   8|0x00000000e0800000, 0x00000000e0900000, 0x00000000e0900000|100%| O|  |TAMS 0x00000000e0900000, 0x00000000e0800000| Untracked 
|   9|0x00000000e0900000, 0x00000000e0a00000, 0x00000000e0a00000|100%| O|  |TAMS 0x00000000e0952000, 0x00000000e0900000| Untracked 
|  10|0x00000000e0a00000, 0x00000000e0a00000, 0x00000000e0b00000|  0%| F|  |TAMS 0x00000000e0a00000, 0x00000000e0a00000| Untracked 
|  11|0x00000000e0b00000, 0x00000000e0b00000, 0x00000000e0c00000|  0%| F|  |TAMS 0x00000000e0b00000, 0x00000000e0b00000| Untracked 
|  12|0x00000000e0c00000, 0x00000000e0c00000, 0x00000000e0d00000|  0%| F|  |TAMS 0x00000000e0c00000, 0x00000000e0c00000| Untracked 
|  13|0x00000000e0d00000, 0x00000000e0e00000, 0x00000000e0e00000|100%| O|  |TAMS 0x00000000e0d00000, 0x00000000e0d00000| Untracked 
|  14|0x00000000e0e00000, 0x00000000e0f00000, 0x00000000e0f00000|100%| O|  |TAMS 0x00000000e0e00000, 0x00000000e0e00000| Untracked 
|  15|0x00000000e0f00000, 0x00000000e1000000, 0x00000000e1000000|100%| O|  |TAMS 0x00000000e0f00000, 0x00000000e0f00000| Untracked 
|  16|0x00000000e1000000, 0x00000000e1100000, 0x00000000e1100000|100%| O|  |TAMS 0x00000000e1000000, 0x00000000e1000000| Untracked 
|  17|0x00000000e1100000, 0x00000000e1200000, 0x00000000e1200000|100%| O|  |TAMS 0x00000000e1100000, 0x00000000e1100000| Untracked 
|  18|0x00000000e1200000, 0x00000000e1300000, 0x00000000e1300000|100%| O|  |TAMS 0x00000000e1200000, 0x00000000e1200000| Untracked 
|  19|0x00000000e1300000, 0x00000000e1400000, 0x00000000e1400000|100%| O|  |TAMS 0x00000000e1300000, 0x00000000e1300000| Untracked 
|  20|0x00000000e1400000, 0x00000000e1500000, 0x00000000e1500000|100%| O|  |TAMS 0x00000000e1400000, 0x00000000e1400000| Untracked 
|  21|0x00000000e1500000, 0x00000000e1600000, 0x00000000e1600000|100%| O|  |TAMS 0x00000000e1500000, 0x00000000e1500000| Untracked 
|  22|0x00000000e1600000, 0x00000000e16bb200, 0x00000000e1700000| 73%| O|  |TAMS 0x00000000e1600000, 0x00000000e1600000| Untracked 
|  23|0x00000000e1700000, 0x00000000e1700000, 0x00000000e1800000|  0%| F|  |TAMS 0x00000000e1700000, 0x00000000e1700000| Untracked 
|  24|0x00000000e1800000, 0x00000000e1800000, 0x00000000e1900000|  0%| F|  |TAMS 0x00000000e1800000, 0x00000000e1800000| Untracked 
|  25|0x00000000e1900000, 0x00000000e1900000, 0x00000000e1a00000|  0%| F|  |TAMS 0x00000000e1900000, 0x00000000e1900000| Untracked 
|  26|0x00000000e1a00000, 0x00000000e1a00000, 0x00000000e1b00000|  0%| F|  |TAMS 0x00000000e1a00000, 0x00000000e1a00000| Untracked 
|  27|0x00000000e1b00000, 0x00000000e1b00000, 0x00000000e1c00000|  0%| F|  |TAMS 0x00000000e1b00000, 0x00000000e1b00000| Untracked 
|  28|0x00000000e1c00000, 0x00000000e1c00000, 0x00000000e1d00000|  0%| F|  |TAMS 0x00000000e1c00000, 0x00000000e1c00000| Untracked 
|  29|0x00000000e1d00000, 0x00000000e1d00000, 0x00000000e1e00000|  0%| F|  |TAMS 0x00000000e1d00000, 0x00000000e1d00000| Untracked 
|  30|0x00000000e1e00000, 0x00000000e1e00000, 0x00000000e1f00000|  0%| F|  |TAMS 0x00000000e1e00000, 0x00000000e1e00000| Untracked 
|  31|0x00000000e1f00000, 0x00000000e1f00000, 0x00000000e2000000|  0%| F|  |TAMS 0x00000000e1f00000, 0x00000000e1f00000| Untracked 
|  32|0x00000000e2000000, 0x00000000e2000000, 0x00000000e2100000|  0%| F|  |TAMS 0x00000000e2000000, 0x00000000e2000000| Untracked 
|  33|0x00000000e2100000, 0x00000000e2100000, 0x00000000e2200000|  0%| F|  |TAMS 0x00000000e2100000, 0x00000000e2100000| Untracked 
|  34|0x00000000e2200000, 0x00000000e2200000, 0x00000000e2300000|  0%| F|  |TAMS 0x00000000e2200000, 0x00000000e2200000| Untracked 
|  35|0x00000000e2300000, 0x00000000e2300000, 0x00000000e2400000|  0%| F|  |TAMS 0x00000000e2300000, 0x00000000e2300000| Untracked 
|  36|0x00000000e2400000, 0x00000000e2400000, 0x00000000e2500000|  0%| F|  |TAMS 0x00000000e2400000, 0x00000000e2400000| Untracked 
|  37|0x00000000e2500000, 0x00000000e2500000, 0x00000000e2600000|  0%| F|  |TAMS 0x00000000e2500000, 0x00000000e2500000| Untracked 
|  38|0x00000000e2600000, 0x00000000e2600000, 0x00000000e2700000|  0%| F|  |TAMS 0x00000000e2600000, 0x00000000e2600000| Untracked 
|  39|0x00000000e2700000, 0x00000000e2700000, 0x00000000e2800000|  0%| F|  |TAMS 0x00000000e2700000, 0x00000000e2700000| Untracked 
|  40|0x00000000e2800000, 0x00000000e2800000, 0x00000000e2900000|  0%| F|  |TAMS 0x00000000e2800000, 0x00000000e2800000| Untracked 
|  41|0x00000000e2900000, 0x00000000e2900000, 0x00000000e2a00000|  0%| F|  |TAMS 0x00000000e2900000, 0x00000000e2900000| Untracked 
|  42|0x00000000e2a00000, 0x00000000e2a00000, 0x00000000e2b00000|  0%| F|  |TAMS 0x00000000e2a00000, 0x00000000e2a00000| Untracked 
|  43|0x00000000e2b00000, 0x00000000e2b00000, 0x00000000e2c00000|  0%| F|  |TAMS 0x00000000e2b00000, 0x00000000e2b00000| Untracked 
|  44|0x00000000e2c00000, 0x00000000e2c00000, 0x00000000e2d00000|  0%| F|  |TAMS 0x00000000e2c00000, 0x00000000e2c00000| Untracked 
|  45|0x00000000e2d00000, 0x00000000e2d00000, 0x00000000e2e00000|  0%| F|  |TAMS 0x00000000e2d00000, 0x00000000e2d00000| Untracked 
|  46|0x00000000e2e00000, 0x00000000e2e00000, 0x00000000e2f00000|  0%| F|  |TAMS 0x00000000e2e00000, 0x00000000e2e00000| Untracked 
|  47|0x00000000e2f00000, 0x00000000e2f00000, 0x00000000e3000000|  0%| F|  |TAMS 0x00000000e2f00000, 0x00000000e2f00000| Untracked 
|  48|0x00000000e3000000, 0x00000000e3000000, 0x00000000e3100000|  0%| F|  |TAMS 0x00000000e3000000, 0x00000000e3000000| Untracked 
|  49|0x00000000e3100000, 0x00000000e3100000, 0x00000000e3200000|  0%| F|  |TAMS 0x00000000e3100000, 0x00000000e3100000| Untracked 
|  50|0x00000000e3200000, 0x00000000e3200000, 0x00000000e3300000|  0%| F|  |TAMS 0x00000000e3200000, 0x00000000e3200000| Untracked 
|  51|0x00000000e3300000, 0x00000000e3300000, 0x00000000e3400000|  0%| F|  |TAMS 0x00000000e3300000, 0x00000000e3300000| Untracked 
|  52|0x00000000e3400000, 0x00000000e3400000, 0x00000000e3500000|  0%| F|  |TAMS 0x00000000e3400000, 0x00000000e3400000| Untracked 
|  53|0x00000000e3500000, 0x00000000e3500000, 0x00000000e3600000|  0%| F|  |TAMS 0x00000000e3500000, 0x00000000e3500000| Untracked 
|  54|0x00000000e3600000, 0x00000000e3600000, 0x00000000e3700000|  0%| F|  |TAMS 0x00000000e3600000, 0x00000000e3600000| Untracked 
|  55|0x00000000e3700000, 0x00000000e3700000, 0x00000000e3800000|  0%| F|  |TAMS 0x00000000e3700000, 0x00000000e3700000| Untracked 
|  56|0x00000000e3800000, 0x00000000e3800000, 0x00000000e3900000|  0%| F|  |TAMS 0x00000000e3800000, 0x00000000e3800000| Untracked 
|  57|0x00000000e3900000, 0x00000000e3900000, 0x00000000e3a00000|  0%| F|  |TAMS 0x00000000e3900000, 0x00000000e3900000| Untracked 
|  58|0x00000000e3a00000, 0x00000000e3a00000, 0x00000000e3b00000|  0%| F|  |TAMS 0x00000000e3a00000, 0x00000000e3a00000| Untracked 
|  59|0x00000000e3b00000, 0x00000000e3b00000, 0x00000000e3c00000|  0%| F|  |TAMS 0x00000000e3b00000, 0x00000000e3b00000| Untracked 
|  60|0x00000000e3c00000, 0x00000000e3c00000, 0x00000000e3d00000|  0%| F|  |TAMS 0x00000000e3c00000, 0x00000000e3c00000| Untracked 
|  61|0x00000000e3d00000, 0x00000000e3d00000, 0x00000000e3e00000|  0%| F|  |TAMS 0x00000000e3d00000, 0x00000000e3d00000| Untracked 
|  62|0x00000000e3e00000, 0x00000000e3e00000, 0x00000000e3f00000|  0%| F|  |TAMS 0x00000000e3e00000, 0x00000000e3e00000| Untracked 
|  63|0x00000000e3f00000, 0x00000000e3f00000, 0x00000000e4000000|  0%| F|  |TAMS 0x00000000e3f00000, 0x00000000e3f00000| Untracked 
|  64|0x00000000e4000000, 0x00000000e4000000, 0x00000000e4100000|  0%| F|  |TAMS 0x00000000e4000000, 0x00000000e4000000| Untracked 
|  65|0x00000000e4100000, 0x00000000e4100000, 0x00000000e4200000|  0%| F|  |TAMS 0x00000000e4100000, 0x00000000e4100000| Untracked 
|  66|0x00000000e4200000, 0x00000000e4200000, 0x00000000e4300000|  0%| F|  |TAMS 0x00000000e4200000, 0x00000000e4200000| Untracked 
|  67|0x00000000e4300000, 0x00000000e4300000, 0x00000000e4400000|  0%| F|  |TAMS 0x00000000e4300000, 0x00000000e4300000| Untracked 
|  68|0x00000000e4400000, 0x00000000e4400000, 0x00000000e4500000|  0%| F|  |TAMS 0x00000000e4400000, 0x00000000e4400000| Untracked 
|  69|0x00000000e4500000, 0x00000000e4500000, 0x00000000e4600000|  0%| F|  |TAMS 0x00000000e4500000, 0x00000000e4500000| Untracked 
|  70|0x00000000e4600000, 0x00000000e4600000, 0x00000000e4700000|  0%| F|  |TAMS 0x00000000e4600000, 0x00000000e4600000| Untracked 
|  71|0x00000000e4700000, 0x00000000e4700000, 0x00000000e4800000|  0%| F|  |TAMS 0x00000000e4700000, 0x00000000e4700000| Untracked 
|  72|0x00000000e4800000, 0x00000000e4800000, 0x00000000e4900000|  0%| F|  |TAMS 0x00000000e4800000, 0x00000000e4800000| Untracked 
|  73|0x00000000e4900000, 0x00000000e4900000, 0x00000000e4a00000|  0%| F|  |TAMS 0x00000000e4900000, 0x00000000e4900000| Untracked 
|  74|0x00000000e4a00000, 0x00000000e4a00000, 0x00000000e4b00000|  0%| F|  |TAMS 0x00000000e4a00000, 0x00000000e4a00000| Untracked 
|  75|0x00000000e4b00000, 0x00000000e4b00000, 0x00000000e4c00000|  0%| F|  |TAMS 0x00000000e4b00000, 0x00000000e4b00000| Untracked 
|  76|0x00000000e4c00000, 0x00000000e4c00000, 0x00000000e4d00000|  0%| F|  |TAMS 0x00000000e4c00000, 0x00000000e4c00000| Untracked 
|  77|0x00000000e4d00000, 0x00000000e4d00000, 0x00000000e4e00000|  0%| F|  |TAMS 0x00000000e4d00000, 0x00000000e4d00000| Untracked 
|  78|0x00000000e4e00000, 0x00000000e4e00000, 0x00000000e4f00000|  0%| F|  |TAMS 0x00000000e4e00000, 0x00000000e4e00000| Untracked 
|  79|0x00000000e4f00000, 0x00000000e4f00000, 0x00000000e5000000|  0%| F|  |TAMS 0x00000000e4f00000, 0x00000000e4f00000| Untracked 
|  80|0x00000000e5000000, 0x00000000e5000000, 0x00000000e5100000|  0%| F|  |TAMS 0x00000000e5000000, 0x00000000e5000000| Untracked 
|  81|0x00000000e5100000, 0x00000000e5100000, 0x00000000e5200000|  0%| F|  |TAMS 0x00000000e5100000, 0x00000000e5100000| Untracked 
|  82|0x00000000e5200000, 0x00000000e5200000, 0x00000000e5300000|  0%| F|  |TAMS 0x00000000e5200000, 0x00000000e5200000| Untracked 
|  83|0x00000000e5300000, 0x00000000e5300000, 0x00000000e5400000|  0%| F|  |TAMS 0x00000000e5300000, 0x00000000e5300000| Untracked 
|  84|0x00000000e5400000, 0x00000000e5400000, 0x00000000e5500000|  0%| F|  |TAMS 0x00000000e5400000, 0x00000000e5400000| Untracked 
|  85|0x00000000e5500000, 0x00000000e5500000, 0x00000000e5600000|  0%| F|  |TAMS 0x00000000e5500000, 0x00000000e5500000| Untracked 
|  86|0x00000000e5600000, 0x00000000e5600000, 0x00000000e5700000|  0%| F|  |TAMS 0x00000000e5600000, 0x00000000e5600000| Untracked 
|  87|0x00000000e5700000, 0x00000000e5700000, 0x00000000e5800000|  0%| F|  |TAMS 0x00000000e5700000, 0x00000000e5700000| Untracked 
|  88|0x00000000e5800000, 0x00000000e5800000, 0x00000000e5900000|  0%| F|  |TAMS 0x00000000e5800000, 0x00000000e5800000| Untracked 
|  89|0x00000000e5900000, 0x00000000e5900000, 0x00000000e5a00000|  0%| F|  |TAMS 0x00000000e5900000, 0x00000000e5900000| Untracked 
|  90|0x00000000e5a00000, 0x00000000e5a00000, 0x00000000e5b00000|  0%| F|  |TAMS 0x00000000e5a00000, 0x00000000e5a00000| Untracked 
|  91|0x00000000e5b00000, 0x00000000e5b00000, 0x00000000e5c00000|  0%| F|  |TAMS 0x00000000e5b00000, 0x00000000e5b00000| Untracked 
|  92|0x00000000e5c00000, 0x00000000e5c00000, 0x00000000e5d00000|  0%| F|  |TAMS 0x00000000e5c00000, 0x00000000e5c00000| Untracked 
|  93|0x00000000e5d00000, 0x00000000e5d00000, 0x00000000e5e00000|  0%| F|  |TAMS 0x00000000e5d00000, 0x00000000e5d00000| Untracked 
|  94|0x00000000e5e00000, 0x00000000e5e00000, 0x00000000e5f00000|  0%| F|  |TAMS 0x00000000e5e00000, 0x00000000e5e00000| Untracked 
|  95|0x00000000e5f00000, 0x00000000e5f00000, 0x00000000e6000000|  0%| F|  |TAMS 0x00000000e5f00000, 0x00000000e5f00000| Untracked 
|  96|0x00000000e6000000, 0x00000000e6000000, 0x00000000e6100000|  0%| F|  |TAMS 0x00000000e6000000, 0x00000000e6000000| Untracked 
|  97|0x00000000e6100000, 0x00000000e6100000, 0x00000000e6200000|  0%| F|  |TAMS 0x00000000e6100000, 0x00000000e6100000| Untracked 
|  98|0x00000000e6200000, 0x00000000e6200000, 0x00000000e6300000|  0%| F|  |TAMS 0x00000000e6200000, 0x00000000e6200000| Untracked 
|  99|0x00000000e6300000, 0x00000000e6300000, 0x00000000e6400000|  0%| F|  |TAMS 0x00000000e6300000, 0x00000000e6300000| Untracked 
| 100|0x00000000e6400000, 0x00000000e6400000, 0x00000000e6500000|  0%| F|  |TAMS 0x00000000e6400000, 0x00000000e6400000| Untracked 
| 101|0x00000000e6500000, 0x00000000e6500000, 0x00000000e6600000|  0%| F|  |TAMS 0x00000000e6500000, 0x00000000e6500000| Untracked 
| 102|0x00000000e6600000, 0x00000000e6600000, 0x00000000e6700000|  0%| F|  |TAMS 0x00000000e6600000, 0x00000000e6600000| Untracked 
| 103|0x00000000e6700000, 0x00000000e6700000, 0x00000000e6800000|  0%| F|  |TAMS 0x00000000e6700000, 0x00000000e6700000| Untracked 
| 104|0x00000000e6800000, 0x00000000e6800000, 0x00000000e6900000|  0%| F|  |TAMS 0x00000000e6800000, 0x00000000e6800000| Untracked 
| 105|0x00000000e6900000, 0x00000000e6900000, 0x00000000e6a00000|  0%| F|  |TAMS 0x00000000e6900000, 0x00000000e6900000| Untracked 
| 106|0x00000000e6a00000, 0x00000000e6a00000, 0x00000000e6b00000|  0%| F|  |TAMS 0x00000000e6a00000, 0x00000000e6a00000| Untracked 
| 107|0x00000000e6b00000, 0x00000000e6b00000, 0x00000000e6c00000|  0%| F|  |TAMS 0x00000000e6b00000, 0x00000000e6b00000| Untracked 
| 108|0x00000000e6c00000, 0x00000000e6c00000, 0x00000000e6d00000|  0%| F|  |TAMS 0x00000000e6c00000, 0x00000000e6c00000| Untracked 
| 109|0x00000000e6d00000, 0x00000000e6d00000, 0x00000000e6e00000|  0%| F|  |TAMS 0x00000000e6d00000, 0x00000000e6d00000| Untracked 
| 110|0x00000000e6e00000, 0x00000000e6e00000, 0x00000000e6f00000|  0%| F|  |TAMS 0x00000000e6e00000, 0x00000000e6e00000| Untracked 
| 111|0x00000000e6f00000, 0x00000000e6f00000, 0x00000000e7000000|  0%| F|  |TAMS 0x00000000e6f00000, 0x00000000e6f00000| Untracked 
| 112|0x00000000e7000000, 0x00000000e7000000, 0x00000000e7100000|  0%| F|  |TAMS 0x00000000e7000000, 0x00000000e7000000| Untracked 
| 113|0x00000000e7100000, 0x00000000e7100000, 0x00000000e7200000|  0%| F|  |TAMS 0x00000000e7100000, 0x00000000e7100000| Untracked 
| 114|0x00000000e7200000, 0x00000000e7200000, 0x00000000e7300000|  0%| F|  |TAMS 0x00000000e7200000, 0x00000000e7200000| Untracked 
| 115|0x00000000e7300000, 0x00000000e7300000, 0x00000000e7400000|  0%| F|  |TAMS 0x00000000e7300000, 0x00000000e7300000| Untracked 
| 116|0x00000000e7400000, 0x00000000e7400000, 0x00000000e7500000|  0%| F|  |TAMS 0x00000000e7400000, 0x00000000e7400000| Untracked 
| 117|0x00000000e7500000, 0x00000000e7500000, 0x00000000e7600000|  0%| F|  |TAMS 0x00000000e7500000, 0x00000000e7500000| Untracked 
| 118|0x00000000e7600000, 0x00000000e7600000, 0x00000000e7700000|  0%| F|  |TAMS 0x00000000e7600000, 0x00000000e7600000| Untracked 
| 119|0x00000000e7700000, 0x00000000e7700000, 0x00000000e7800000|  0%| F|  |TAMS 0x00000000e7700000, 0x00000000e7700000| Untracked 
| 120|0x00000000e7800000, 0x00000000e7800000, 0x00000000e7900000|  0%| F|  |TAMS 0x00000000e7800000, 0x00000000e7800000| Untracked 
| 121|0x00000000e7900000, 0x00000000e7900000, 0x00000000e7a00000|  0%| F|  |TAMS 0x00000000e7900000, 0x00000000e7900000| Untracked 
| 122|0x00000000e7a00000, 0x00000000e7a00000, 0x00000000e7b00000|  0%| F|  |TAMS 0x00000000e7a00000, 0x00000000e7a00000| Untracked 
| 123|0x00000000e7b00000, 0x00000000e7b00000, 0x00000000e7c00000|  0%| F|  |TAMS 0x00000000e7b00000, 0x00000000e7b00000| Untracked 
| 124|0x00000000e7c00000, 0x00000000e7c00000, 0x00000000e7d00000|  0%| F|  |TAMS 0x00000000e7c00000, 0x00000000e7c00000| Untracked 
| 125|0x00000000e7d00000, 0x00000000e7d00000, 0x00000000e7e00000|  0%| F|  |TAMS 0x00000000e7d00000, 0x00000000e7d00000| Untracked 
| 126|0x00000000e7e00000, 0x00000000e7e00000, 0x00000000e7f00000|  0%| F|  |TAMS 0x00000000e7e00000, 0x00000000e7e00000| Untracked 
| 127|0x00000000e7f00000, 0x00000000e7f00000, 0x00000000e8000000|  0%| F|  |TAMS 0x00000000e7f00000, 0x00000000e7f00000| Untracked 
| 128|0x00000000e8000000, 0x00000000e8000000, 0x00000000e8100000|  0%| F|  |TAMS 0x00000000e8000000, 0x00000000e8000000| Untracked 
| 129|0x00000000e8100000, 0x00000000e8100000, 0x00000000e8200000|  0%| F|  |TAMS 0x00000000e8100000, 0x00000000e8100000| Untracked 
| 130|0x00000000e8200000, 0x00000000e8200000, 0x00000000e8300000|  0%| F|  |TAMS 0x00000000e8200000, 0x00000000e8200000| Untracked 
| 131|0x00000000e8300000, 0x00000000e8300000, 0x00000000e8400000|  0%| F|  |TAMS 0x00000000e8300000, 0x00000000e8300000| Untracked 
| 132|0x00000000e8400000, 0x00000000e8400000, 0x00000000e8500000|  0%| F|  |TAMS 0x00000000e8400000, 0x00000000e8400000| Untracked 
| 133|0x00000000e8500000, 0x00000000e8500000, 0x00000000e8600000|  0%| F|  |TAMS 0x00000000e8500000, 0x00000000e8500000| Untracked 
| 134|0x00000000e8600000, 0x00000000e8600000, 0x00000000e8700000|  0%| F|  |TAMS 0x00000000e8600000, 0x00000000e8600000| Untracked 
| 135|0x00000000e8700000, 0x00000000e8700000, 0x00000000e8800000|  0%| F|  |TAMS 0x00000000e8700000, 0x00000000e8700000| Untracked 
| 136|0x00000000e8800000, 0x00000000e8800000, 0x00000000e8900000|  0%| F|  |TAMS 0x00000000e8800000, 0x00000000e8800000| Untracked 
| 137|0x00000000e8900000, 0x00000000e8900000, 0x00000000e8a00000|  0%| F|  |TAMS 0x00000000e8900000, 0x00000000e8900000| Untracked 
| 138|0x00000000e8a00000, 0x00000000e8a00000, 0x00000000e8b00000|  0%| F|  |TAMS 0x00000000e8a00000, 0x00000000e8a00000| Untracked 
| 139|0x00000000e8b00000, 0x00000000e8b00000, 0x00000000e8c00000|  0%| F|  |TAMS 0x00000000e8b00000, 0x00000000e8b00000| Untracked 
| 140|0x00000000e8c00000, 0x00000000e8c00000, 0x00000000e8d00000|  0%| F|  |TAMS 0x00000000e8c00000, 0x00000000e8c00000| Untracked 
| 141|0x00000000e8d00000, 0x00000000e8d00000, 0x00000000e8e00000|  0%| F|  |TAMS 0x00000000e8d00000, 0x00000000e8d00000| Untracked 
| 142|0x00000000e8e00000, 0x00000000e8e00000, 0x00000000e8f00000|  0%| F|  |TAMS 0x00000000e8e00000, 0x00000000e8e00000| Untracked 
| 143|0x00000000e8f00000, 0x00000000e8f00000, 0x00000000e9000000|  0%| F|  |TAMS 0x00000000e8f00000, 0x00000000e8f00000| Untracked 
| 144|0x00000000e9000000, 0x00000000e9000000, 0x00000000e9100000|  0%| F|  |TAMS 0x00000000e9000000, 0x00000000e9000000| Untracked 
| 145|0x00000000e9100000, 0x00000000e9100000, 0x00000000e9200000|  0%| F|  |TAMS 0x00000000e9100000, 0x00000000e9100000| Untracked 
| 146|0x00000000e9200000, 0x00000000e9200000, 0x00000000e9300000|  0%| F|  |TAMS 0x00000000e9200000, 0x00000000e9200000| Untracked 
| 147|0x00000000e9300000, 0x00000000e9300000, 0x00000000e9400000|  0%| F|  |TAMS 0x00000000e9300000, 0x00000000e9300000| Untracked 
| 148|0x00000000e9400000, 0x00000000e9400000, 0x00000000e9500000|  0%| F|  |TAMS 0x00000000e9400000, 0x00000000e9400000| Untracked 
| 149|0x00000000e9500000, 0x00000000e9500000, 0x00000000e9600000|  0%| F|  |TAMS 0x00000000e9500000, 0x00000000e9500000| Untracked 
| 150|0x00000000e9600000, 0x00000000e9600000, 0x00000000e9700000|  0%| F|  |TAMS 0x00000000e9600000, 0x00000000e9600000| Untracked 
| 151|0x00000000e9700000, 0x00000000e9700000, 0x00000000e9800000|  0%| F|  |TAMS 0x00000000e9700000, 0x00000000e9700000| Untracked 
| 152|0x00000000e9800000, 0x00000000e9800000, 0x00000000e9900000|  0%| F|  |TAMS 0x00000000e9800000, 0x00000000e9800000| Untracked 
| 153|0x00000000e9900000, 0x00000000e9900000, 0x00000000e9a00000|  0%| F|  |TAMS 0x00000000e9900000, 0x00000000e9900000| Untracked 
| 154|0x00000000e9a00000, 0x00000000e9a00000, 0x00000000e9b00000|  0%| F|  |TAMS 0x00000000e9a00000, 0x00000000e9a00000| Untracked 
| 155|0x00000000e9b00000, 0x00000000e9b00000, 0x00000000e9c00000|  0%| F|  |TAMS 0x00000000e9b00000, 0x00000000e9b00000| Untracked 
| 156|0x00000000e9c00000, 0x00000000e9c00000, 0x00000000e9d00000|  0%| F|  |TAMS 0x00000000e9c00000, 0x00000000e9c00000| Untracked 
| 157|0x00000000e9d00000, 0x00000000e9d00000, 0x00000000e9e00000|  0%| F|  |TAMS 0x00000000e9d00000, 0x00000000e9d00000| Untracked 
| 158|0x00000000e9e00000, 0x00000000e9e00000, 0x00000000e9f00000|  0%| F|  |TAMS 0x00000000e9e00000, 0x00000000e9e00000| Untracked 
| 159|0x00000000e9f00000, 0x00000000e9f00000, 0x00000000ea000000|  0%| F|  |TAMS 0x00000000e9f00000, 0x00000000e9f00000| Untracked 
| 160|0x00000000ea000000, 0x00000000ea000000, 0x00000000ea100000|  0%| F|  |TAMS 0x00000000ea000000, 0x00000000ea000000| Untracked 
| 161|0x00000000ea100000, 0x00000000ea100000, 0x00000000ea200000|  0%| F|  |TAMS 0x00000000ea100000, 0x00000000ea100000| Untracked 
| 162|0x00000000ea200000, 0x00000000ea200000, 0x00000000ea300000|  0%| F|  |TAMS 0x00000000ea200000, 0x00000000ea200000| Untracked 
| 163|0x00000000ea300000, 0x00000000ea300000, 0x00000000ea400000|  0%| F|  |TAMS 0x00000000ea300000, 0x00000000ea300000| Untracked 
| 164|0x00000000ea400000, 0x00000000ea400000, 0x00000000ea500000|  0%| F|  |TAMS 0x00000000ea400000, 0x00000000ea400000| Untracked 
| 165|0x00000000ea500000, 0x00000000ea500000, 0x00000000ea600000|  0%| F|  |TAMS 0x00000000ea500000, 0x00000000ea500000| Untracked 
| 166|0x00000000ea600000, 0x00000000ea600000, 0x00000000ea700000|  0%| F|  |TAMS 0x00000000ea600000, 0x00000000ea600000| Untracked 
| 167|0x00000000ea700000, 0x00000000ea700000, 0x00000000ea800000|  0%| F|  |TAMS 0x00000000ea700000, 0x00000000ea700000| Untracked 
| 168|0x00000000ea800000, 0x00000000ea800000, 0x00000000ea900000|  0%| F|  |TAMS 0x00000000ea800000, 0x00000000ea800000| Untracked 
| 169|0x00000000ea900000, 0x00000000ea900000, 0x00000000eaa00000|  0%| F|  |TAMS 0x00000000ea900000, 0x00000000ea900000| Untracked 
| 170|0x00000000eaa00000, 0x00000000eaa00000, 0x00000000eab00000|  0%| F|  |TAMS 0x00000000eaa00000, 0x00000000eaa00000| Untracked 
| 171|0x00000000eab00000, 0x00000000eab00000, 0x00000000eac00000|  0%| F|  |TAMS 0x00000000eab00000, 0x00000000eab00000| Untracked 
| 172|0x00000000eac00000, 0x00000000eac00000, 0x00000000ead00000|  0%| F|  |TAMS 0x00000000eac00000, 0x00000000eac00000| Untracked 
| 173|0x00000000ead00000, 0x00000000eadbae18, 0x00000000eae00000| 73%| S|CS|TAMS 0x00000000ead00000, 0x00000000ead00000| Complete 
| 174|0x00000000eae00000, 0x00000000eaf00000, 0x00000000eaf00000|100%| S|CS|TAMS 0x00000000eae00000, 0x00000000eae00000| Complete 
| 175|0x00000000eaf00000, 0x00000000eb000000, 0x00000000eb000000|100%| S|CS|TAMS 0x00000000eaf00000, 0x00000000eaf00000| Complete 
| 176|0x00000000eb000000, 0x00000000eb100000, 0x00000000eb100000|100%| S|CS|TAMS 0x00000000eb000000, 0x00000000eb000000| Complete 
| 177|0x00000000eb100000, 0x00000000eb200000, 0x00000000eb200000|100%| S|CS|TAMS 0x00000000eb100000, 0x00000000eb100000| Complete 
| 178|0x00000000eb200000, 0x00000000eb300000, 0x00000000eb300000|100%| S|CS|TAMS 0x00000000eb200000, 0x00000000eb200000| Complete 
| 179|0x00000000eb300000, 0x00000000eb400000, 0x00000000eb400000|100%| S|CS|TAMS 0x00000000eb300000, 0x00000000eb300000| Complete 
| 180|0x00000000eb400000, 0x00000000eb500000, 0x00000000eb500000|100%| S|CS|TAMS 0x00000000eb400000, 0x00000000eb400000| Complete 
| 181|0x00000000eb500000, 0x00000000eb500000, 0x00000000eb600000|  0%| F|  |TAMS 0x00000000eb500000, 0x00000000eb500000| Untracked 
| 182|0x00000000eb600000, 0x00000000eb600000, 0x00000000eb700000|  0%| F|  |TAMS 0x00000000eb600000, 0x00000000eb600000| Untracked 
| 183|0x00000000eb700000, 0x00000000eb700000, 0x00000000eb800000|  0%| F|  |TAMS 0x00000000eb700000, 0x00000000eb700000| Untracked 
| 184|0x00000000eb800000, 0x00000000eb800000, 0x00000000eb900000|  0%| F|  |TAMS 0x00000000eb800000, 0x00000000eb800000| Untracked 
| 185|0x00000000eb900000, 0x00000000eb900000, 0x00000000eba00000|  0%| F|  |TAMS 0x00000000eb900000, 0x00000000eb900000| Untracked 
| 186|0x00000000eba00000, 0x00000000eba00000, 0x00000000ebb00000|  0%| F|  |TAMS 0x00000000eba00000, 0x00000000eba00000| Untracked 
| 187|0x00000000ebb00000, 0x00000000ebb00000, 0x00000000ebc00000|  0%| F|  |TAMS 0x00000000ebb00000, 0x00000000ebb00000| Untracked 
| 188|0x00000000ebc00000, 0x00000000ebc00000, 0x00000000ebd00000|  0%| F|  |TAMS 0x00000000ebc00000, 0x00000000ebc00000| Untracked 
| 189|0x00000000ebd00000, 0x00000000ebd00000, 0x00000000ebe00000|  0%| F|  |TAMS 0x00000000ebd00000, 0x00000000ebd00000| Untracked 
| 190|0x00000000ebe00000, 0x00000000ebe00000, 0x00000000ebf00000|  0%| F|  |TAMS 0x00000000ebe00000, 0x00000000ebe00000| Untracked 
| 191|0x00000000ebf00000, 0x00000000ebf00000, 0x00000000ec000000|  0%| F|  |TAMS 0x00000000ebf00000, 0x00000000ebf00000| Untracked 
| 192|0x00000000ec000000, 0x00000000ec000000, 0x00000000ec100000|  0%| F|  |TAMS 0x00000000ec000000, 0x00000000ec000000| Untracked 
| 193|0x00000000ec100000, 0x00000000ec100000, 0x00000000ec200000|  0%| F|  |TAMS 0x00000000ec100000, 0x00000000ec100000| Untracked 
| 194|0x00000000ec200000, 0x00000000ec200000, 0x00000000ec300000|  0%| F|  |TAMS 0x00000000ec200000, 0x00000000ec200000| Untracked 
| 195|0x00000000ec300000, 0x00000000ec300000, 0x00000000ec400000|  0%| F|  |TAMS 0x00000000ec300000, 0x00000000ec300000| Untracked 
| 196|0x00000000ec400000, 0x00000000ec400000, 0x00000000ec500000|  0%| F|  |TAMS 0x00000000ec400000, 0x00000000ec400000| Untracked 
| 197|0x00000000ec500000, 0x00000000ec500000, 0x00000000ec600000|  0%| F|  |TAMS 0x00000000ec500000, 0x00000000ec500000| Untracked 
| 198|0x00000000ec600000, 0x00000000ec600000, 0x00000000ec700000|  0%| F|  |TAMS 0x00000000ec600000, 0x00000000ec600000| Untracked 
| 199|0x00000000ec700000, 0x00000000ec700000, 0x00000000ec800000|  0%| F|  |TAMS 0x00000000ec700000, 0x00000000ec700000| Untracked 
| 200|0x00000000ec800000, 0x00000000ec800000, 0x00000000ec900000|  0%| F|  |TAMS 0x00000000ec800000, 0x00000000ec800000| Untracked 
| 201|0x00000000ec900000, 0x00000000ec900000, 0x00000000eca00000|  0%| F|  |TAMS 0x00000000ec900000, 0x00000000ec900000| Untracked 
| 202|0x00000000eca00000, 0x00000000eca00000, 0x00000000ecb00000|  0%| F|  |TAMS 0x00000000eca00000, 0x00000000eca00000| Untracked 
| 203|0x00000000ecb00000, 0x00000000ecb00000, 0x00000000ecc00000|  0%| F|  |TAMS 0x00000000ecb00000, 0x00000000ecb00000| Untracked 
| 204|0x00000000ecc00000, 0x00000000ecc00000, 0x00000000ecd00000|  0%| F|  |TAMS 0x00000000ecc00000, 0x00000000ecc00000| Untracked 
| 205|0x00000000ecd00000, 0x00000000ecd00000, 0x00000000ece00000|  0%| F|  |TAMS 0x00000000ecd00000, 0x00000000ecd00000| Untracked 
| 206|0x00000000ece00000, 0x00000000ece00000, 0x00000000ecf00000|  0%| F|  |TAMS 0x00000000ece00000, 0x00000000ece00000| Untracked 
| 207|0x00000000ecf00000, 0x00000000ecf00000, 0x00000000ed000000|  0%| F|  |TAMS 0x00000000ecf00000, 0x00000000ecf00000| Untracked 
| 208|0x00000000ed000000, 0x00000000ed000000, 0x00000000ed100000|  0%| F|  |TAMS 0x00000000ed000000, 0x00000000ed000000| Untracked 
| 209|0x00000000ed100000, 0x00000000ed100000, 0x00000000ed200000|  0%| F|  |TAMS 0x00000000ed100000, 0x00000000ed100000| Untracked 
| 210|0x00000000ed200000, 0x00000000ed200000, 0x00000000ed300000|  0%| F|  |TAMS 0x00000000ed200000, 0x00000000ed200000| Untracked 
| 211|0x00000000ed300000, 0x00000000ed300000, 0x00000000ed400000|  0%| F|  |TAMS 0x00000000ed300000, 0x00000000ed300000| Untracked 
| 212|0x00000000ed400000, 0x00000000ed400000, 0x00000000ed500000|  0%| F|  |TAMS 0x00000000ed400000, 0x00000000ed400000| Untracked 
| 213|0x00000000ed500000, 0x00000000ed500000, 0x00000000ed600000|  0%| F|  |TAMS 0x00000000ed500000, 0x00000000ed500000| Untracked 
| 214|0x00000000ed600000, 0x00000000ed600000, 0x00000000ed700000|  0%| F|  |TAMS 0x00000000ed600000, 0x00000000ed600000| Untracked 
| 215|0x00000000ed700000, 0x00000000ed700000, 0x00000000ed800000|  0%| F|  |TAMS 0x00000000ed700000, 0x00000000ed700000| Untracked 
| 216|0x00000000ed800000, 0x00000000ed800000, 0x00000000ed900000|  0%| F|  |TAMS 0x00000000ed800000, 0x00000000ed800000| Untracked 
| 217|0x00000000ed900000, 0x00000000ed900000, 0x00000000eda00000|  0%| F|  |TAMS 0x00000000ed900000, 0x00000000ed900000| Untracked 
| 218|0x00000000eda00000, 0x00000000eda00000, 0x00000000edb00000|  0%| F|  |TAMS 0x00000000eda00000, 0x00000000eda00000| Untracked 
| 219|0x00000000edb00000, 0x00000000edb00000, 0x00000000edc00000|  0%| F|  |TAMS 0x00000000edb00000, 0x00000000edb00000| Untracked 
| 220|0x00000000edc00000, 0x00000000edc00000, 0x00000000edd00000|  0%| F|  |TAMS 0x00000000edc00000, 0x00000000edc00000| Untracked 
| 221|0x00000000edd00000, 0x00000000edd00000, 0x00000000ede00000|  0%| F|  |TAMS 0x00000000edd00000, 0x00000000edd00000| Untracked 
| 222|0x00000000ede00000, 0x00000000ede00000, 0x00000000edf00000|  0%| F|  |TAMS 0x00000000ede00000, 0x00000000ede00000| Untracked 
| 223|0x00000000edf00000, 0x00000000edf00000, 0x00000000ee000000|  0%| F|  |TAMS 0x00000000edf00000, 0x00000000edf00000| Untracked 
| 224|0x00000000ee000000, 0x00000000ee000000, 0x00000000ee100000|  0%| F|  |TAMS 0x00000000ee000000, 0x00000000ee000000| Untracked 
| 225|0x00000000ee100000, 0x00000000ee100000, 0x00000000ee200000|  0%| F|  |TAMS 0x00000000ee100000, 0x00000000ee100000| Untracked 
| 226|0x00000000ee200000, 0x00000000ee200000, 0x00000000ee300000|  0%| F|  |TAMS 0x00000000ee200000, 0x00000000ee200000| Untracked 
| 227|0x00000000ee300000, 0x00000000ee300000, 0x00000000ee400000|  0%| F|  |TAMS 0x00000000ee300000, 0x00000000ee300000| Untracked 
| 228|0x00000000ee400000, 0x00000000ee400000, 0x00000000ee500000|  0%| F|  |TAMS 0x00000000ee400000, 0x00000000ee400000| Untracked 
| 229|0x00000000ee500000, 0x00000000ee500000, 0x00000000ee600000|  0%| F|  |TAMS 0x00000000ee500000, 0x00000000ee500000| Untracked 
| 230|0x00000000ee600000, 0x00000000ee600000, 0x00000000ee700000|  0%| F|  |TAMS 0x00000000ee600000, 0x00000000ee600000| Untracked 
| 231|0x00000000ee700000, 0x00000000ee700000, 0x00000000ee800000|  0%| F|  |TAMS 0x00000000ee700000, 0x00000000ee700000| Untracked 
| 232|0x00000000ee800000, 0x00000000ee800000, 0x00000000ee900000|  0%| F|  |TAMS 0x00000000ee800000, 0x00000000ee800000| Untracked 
| 233|0x00000000ee900000, 0x00000000ee900000, 0x00000000eea00000|  0%| F|  |TAMS 0x00000000ee900000, 0x00000000ee900000| Untracked 
| 234|0x00000000eea00000, 0x00000000eea00000, 0x00000000eeb00000|  0%| F|  |TAMS 0x00000000eea00000, 0x00000000eea00000| Untracked 
| 235|0x00000000eeb00000, 0x00000000eeb00000, 0x00000000eec00000|  0%| F|  |TAMS 0x00000000eeb00000, 0x00000000eeb00000| Untracked 
| 236|0x00000000eec00000, 0x00000000eec00000, 0x00000000eed00000|  0%| F|  |TAMS 0x00000000eec00000, 0x00000000eec00000| Untracked 
| 237|0x00000000eed00000, 0x00000000eed00000, 0x00000000eee00000|  0%| F|  |TAMS 0x00000000eed00000, 0x00000000eed00000| Untracked 
| 238|0x00000000eee00000, 0x00000000eee00000, 0x00000000eef00000|  0%| F|  |TAMS 0x00000000eee00000, 0x00000000eee00000| Untracked 
| 239|0x00000000eef00000, 0x00000000eef00000, 0x00000000ef000000|  0%| F|  |TAMS 0x00000000eef00000, 0x00000000eef00000| Untracked 
| 240|0x00000000ef000000, 0x00000000ef000000, 0x00000000ef100000|  0%| F|  |TAMS 0x00000000ef000000, 0x00000000ef000000| Untracked 
| 241|0x00000000ef100000, 0x00000000ef100000, 0x00000000ef200000|  0%| F|  |TAMS 0x00000000ef100000, 0x00000000ef100000| Untracked 
| 242|0x00000000ef200000, 0x00000000ef200000, 0x00000000ef300000|  0%| F|  |TAMS 0x00000000ef200000, 0x00000000ef200000| Untracked 
| 243|0x00000000ef300000, 0x00000000ef300000, 0x00000000ef400000|  0%| F|  |TAMS 0x00000000ef300000, 0x00000000ef300000| Untracked 
| 244|0x00000000ef400000, 0x00000000ef400000, 0x00000000ef500000|  0%| F|  |TAMS 0x00000000ef400000, 0x00000000ef400000| Untracked 
| 245|0x00000000ef500000, 0x00000000ef500000, 0x00000000ef600000|  0%| F|  |TAMS 0x00000000ef500000, 0x00000000ef500000| Untracked 
| 246|0x00000000ef600000, 0x00000000ef600000, 0x00000000ef700000|  0%| F|  |TAMS 0x00000000ef600000, 0x00000000ef600000| Untracked 
| 247|0x00000000ef700000, 0x00000000ef700000, 0x00000000ef800000|  0%| F|  |TAMS 0x00000000ef700000, 0x00000000ef700000| Untracked 
| 248|0x00000000ef800000, 0x00000000ef800000, 0x00000000ef900000|  0%| F|  |TAMS 0x00000000ef800000, 0x00000000ef800000| Untracked 
| 249|0x00000000ef900000, 0x00000000ef900000, 0x00000000efa00000|  0%| F|  |TAMS 0x00000000ef900000, 0x00000000ef900000| Untracked 
| 250|0x00000000efa00000, 0x00000000efa00000, 0x00000000efb00000|  0%| F|  |TAMS 0x00000000efa00000, 0x00000000efa00000| Untracked 
| 251|0x00000000efb00000, 0x00000000efc00000, 0x00000000efc00000|100%| E|  |TAMS 0x00000000efb00000, 0x00000000efb00000| Complete 
| 252|0x00000000efc00000, 0x00000000efd00000, 0x00000000efd00000|100%| E|CS|TAMS 0x00000000efc00000, 0x00000000efc00000| Complete 
| 253|0x00000000efd00000, 0x00000000efe00000, 0x00000000efe00000|100%| E|CS|TAMS 0x00000000efd00000, 0x00000000efd00000| Complete 
| 254|0x00000000efe00000, 0x00000000eff00000, 0x00000000eff00000|100%| E|CS|TAMS 0x00000000efe00000, 0x00000000efe00000| Complete 
| 255|0x00000000eff00000, 0x00000000f0000000, 0x00000000f0000000|100%| E|CS|TAMS 0x00000000eff00000, 0x00000000eff00000| Complete 

Card table byte_map: [0x0000021734090000,0x0000021734190000] _byte_map_base: 0x0000021733990000

Marking Bits (Prev, Next): (CMBitMap*) 0x000002173429eba0, (CMBitMap*) 0x000002173429eb60
 Prev Bits: [0x000002174c550000, 0x000002174cd50000)
 Next Bits: [0x000002174bd50000, 0x000002174c550000)

Polling page: 0x0000021732070000

Metaspace:

Usage:
  Non-class:     27.61 MB used.
      Class:      4.23 MB used.
       Both:     31.84 MB used.

Virtual space:
  Non-class space:       32.00 MB reserved,      27.81 MB ( 87%) committed,  4 nodes.
      Class space:      208.00 MB reserved,       4.44 MB (  2%) committed,  1 nodes.
              Both:      240.00 MB reserved,      32.25 MB ( 13%) committed. 

Chunk freelists:
   Non-Class:  3.84 MB
       Class:  3.61 MB
        Both:  7.45 MB

MaxMetaspaceSize: 256.00 MB
CompressedClassSpaceSize: 208.00 MB
 - commit_granule_bytes: 65536.
 - commit_granule_words: 8192.
 - virtual_space_node_default_size: 1048576.
 - enlarge_chunks_in_place: 1.
 - new_chunks_are_fully_committed: 0.
 - uncommit_free_chunks: 1.
 - use_allocation_guard: 0.
 - handle_deallocations: 1.


Internal statistics:

num_allocs_failed_limit: 3.
num_arena_births: 284.
num_arena_deaths: 0.
num_vsnodes_births: 5.
num_vsnodes_deaths: 0.
num_space_committed: 516.
num_space_uncommitted: 0.
num_chunks_returned_to_freelist: 3.
num_chunks_taken_from_freelist: 1404.
num_chunk_merges: 3.
num_chunk_splits: 959.
num_chunks_enlarged: 704.
num_purges: 0.

CodeHeap 'non-profiled nmethods': size=120000Kb used=1937Kb max_used=1937Kb free=118062Kb
 bounds [0x0000021744720000, 0x0000021744990000, 0x000002174bc50000]
CodeHeap 'profiled nmethods': size=120000Kb used=7905Kb max_used=7905Kb free=112094Kb
 bounds [0x000002173d1f0000, 0x000002173d9b0000, 0x0000021744720000]
CodeHeap 'non-nmethods': size=5760Kb used=2295Kb max_used=2315Kb free=3464Kb
 bounds [0x000002173cc50000, 0x000002173cec0000, 0x000002173d1f0000]
 total_blobs=4560 nmethods=3761 adapters=712
 compilation: enabled
              stopped_count=0, restarted_count=0
 full_count=0

Compilation events (20 events):
Event: 50.841 Thread 0x000002174f315160 nmethod 3719 0x000002173d97d190 code [0x000002173d97d340, 0x000002173d97d548]
Event: 50.841 Thread 0x000002174f315160 3720       3       jdk.internal.math.FDBigInteger::trimLeadingZeros (57 bytes)
Event: 50.841 Thread 0x000002174f315160 nmethod 3720 0x000002173d97d690 code [0x000002173d97d840, 0x000002173d97db18]
Event: 50.841 Thread 0x000002174f315160 3721       3       com.google.common.collect.ObjectArrays::checkElementNotNull (36 bytes)
Event: 50.842 Thread 0x000002174f315160 nmethod 3721 0x000002173d97dc10 code [0x000002173d97de40, 0x000002173d97e498]
Event: 50.843 Thread 0x000002174f315160 3722       3       org.gradle.internal.service.DefaultServiceRegistry$OwnServices::getAll (46 bytes)
Event: 50.843 Thread 0x000002174f315160 nmethod 3722 0x000002173d97e710 code [0x000002173d97e940, 0x000002173d97f268]
Event: 50.899 Thread 0x000002174f315160 3723       3       org.gradle.internal.instantiation.generator.AbstractClassGenerator$ClassMetadata::property (42 bytes)
Event: 50.899 Thread 0x000002174f315160 nmethod 3723 0x000002173d97f510 code [0x000002173d97f700, 0x000002173d97fc08]
Event: 50.900 Thread 0x000002174f315160 3724       3       org.objectweb.asm.MethodWriter::visitJumpInsn (495 bytes)
Event: 50.900 Thread 0x000002174f3097d0 3727       4       org.objectweb.asm.SymbolTable::addConstantUtf8 (98 bytes)
Event: 50.902 Thread 0x000002174f315160 nmethod 3724 0x000002173d97fd90 code [0x000002173d9800e0, 0x000002173d981188]
Event: 50.902 Thread 0x000002174f315160 3725       3       org.objectweb.asm.Label::put (83 bytes)
Event: 50.903 Thread 0x000002174f315160 nmethod 3725 0x000002173d981810 code [0x000002173d981a20, 0x000002173d981e38]
Event: 50.903 Thread 0x000002174f315160 3726       3       org.objectweb.asm.Label::addForwardReference (102 bytes)
Event: 50.904 Thread 0x000002174f315160 nmethod 3726 0x000002173d982010 code [0x000002173d9821e0, 0x000002173d982708]
Event: 50.955 Thread 0x000002174f3097d0 nmethod 3727 0x0000021744901b10 code [0x0000021744901d20, 0x0000021744902eb0]
Event: 50.955 Thread 0x000002174f3097d0 3728       4       org.objectweb.asm.Frame::execute (2318 bytes)
Event: 51.121 Thread 0x000002174f315160 3729       1       org.gradle.internal.operations.BuildOperationDescriptor::getDetails (5 bytes)
Event: 51.121 Thread 0x000002174f315160 nmethod 3729 0x0000021744903810 code [0x00000217449039a0, 0x0000021744903a78]

GC Heap History (8 events):
Event: 4.003 GC heap before
{Heap before GC invocations=0 (full 0):
 garbage-first heap   total 262144K, used 15360K [0x00000000e0000000, 0x0000000100000000)
  region size 1024K, 13 young (13312K), 0 survivors (0K)
 Metaspace       used 1094K, committed 1216K, reserved 221184K
  class space    used 73K, committed 128K, reserved 212992K
}
Event: 4.014 GC heap after
{Heap after GC invocations=1 (full 0):
 garbage-first heap   total 262144K, used 4066K [0x00000000e0000000, 0x0000000100000000)
  region size 1024K, 2 young (2048K), 2 survivors (2048K)
 Metaspace       used 1094K, committed 1216K, reserved 221184K
  class space    used 73K, committed 128K, reserved 212992K
}
Event: 6.686 GC heap before
{Heap before GC invocations=1 (full 0):
 garbage-first heap   total 262144K, used 20450K [0x00000000e0000000, 0x0000000100000000)
  region size 1024K, 16 young (16384K), 2 survivors (2048K)
 Metaspace       used 3698K, committed 3840K, reserved 221184K
  class space    used 433K, committed 512K, reserved 212992K
}
Event: 6.697 GC heap after
{Heap after GC invocations=2 (full 0):
 garbage-first heap   total 262144K, used 9450K [0x00000000e0000000, 0x0000000100000000)
  region size 1024K, 2 young (2048K), 2 survivors (2048K)
 Metaspace       used 3698K, committed 3840K, reserved 221184K
  class space    used 433K, committed 512K, reserved 212992K
}
Event: 8.037 GC heap before
{Heap before GC invocations=2 (full 0):
 garbage-first heap   total 262144K, used 29930K [0x00000000e0000000, 0x0000000100000000)
  region size 1024K, 22 young (22528K), 2 survivors (2048K)
 Metaspace       used 4234K, committed 4416K, reserved 221184K
  class space    used 488K, committed 576K, reserved 212992K
}
Event: 8.048 GC heap after
{Heap after GC invocations=3 (full 0):
 garbage-first heap   total 262144K, used 10155K [0x00000000e0000000, 0x0000000100000000)
  region size 1024K, 1 young (1024K), 1 survivors (1024K)
 Metaspace       used 4234K, committed 4416K, reserved 221184K
  class space    used 488K, committed 576K, reserved 212992K
}
Event: 33.075 GC heap before
{Heap before GC invocations=3 (full 0):
 garbage-first heap   total 262144K, used 117675K [0x00000000e0000000, 0x0000000100000000)
  region size 1024K, 107 young (109568K), 1 survivors (1024K)
 Metaspace       used 20958K, committed 21248K, reserved 237568K
  class space    used 2978K, committed 3136K, reserved 212992K
}
Event: 33.320 GC heap after
{Heap after GC invocations=4 (full 0):
 garbage-first heap   total 262144K, used 20872K [0x00000000e0000000, 0x0000000100000000)
  region size 1024K, 12 young (12288K), 12 survivors (12288K)
 Metaspace       used 20958K, committed 21248K, reserved 237568K
  class space    used 2978K, committed 3136K, reserved 212992K
}

Deoptimization events (20 events):
Event: 49.460 Thread 0x00000217512f86c0 DEOPT PACKING pc=0x00000217448d90c0 sp=0x00000062d07feef0
Event: 49.460 Thread 0x00000217512f86c0 DEOPT UNPACKING pc=0x000002173cc9d728 sp=0x00000062d07fee90 mode 2
Event: 50.161 Thread 0x000002174f38a5a0 Uncommon trap: trap_request=0xffffffde fr.pc=0x00000217448d75b0 relative=0x0000000000000430
Event: 50.161 Thread 0x000002174f38a5a0 Uncommon trap: reason=class_check action=maybe_recompile pc=0x00000217448d75b0 method=java.util.regex.Pattern$Start.match(Ljava/util/regex/Matcher;ILjava/lang/CharSequence;)Z @ 44 c2
Event: 50.161 Thread 0x000002174f38a5a0 DEOPT PACKING pc=0x00000217448d75b0 sp=0x00000062d0df9080
Event: 50.161 Thread 0x000002174f38a5a0 DEOPT UNPACKING pc=0x000002173cc9d728 sp=0x00000062d0df8fb0 mode 2
Event: 50.161 Thread 0x000002174f38a5a0 Uncommon trap: trap_request=0xffffffde fr.pc=0x00000217448d75b0 relative=0x0000000000000430
Event: 50.161 Thread 0x000002174f38a5a0 Uncommon trap: reason=class_check action=maybe_recompile pc=0x00000217448d75b0 method=java.util.regex.Pattern$Start.match(Ljava/util/regex/Matcher;ILjava/lang/CharSequence;)Z @ 44 c2
Event: 50.161 Thread 0x000002174f38a5a0 DEOPT PACKING pc=0x00000217448d75b0 sp=0x00000062d0df9080
Event: 50.161 Thread 0x000002174f38a5a0 DEOPT UNPACKING pc=0x000002173cc9d728 sp=0x00000062d0df8fb0 mode 2
Event: 50.458 Thread 0x00000217512f86c0 Uncommon trap: trap_request=0xffffffbe fr.pc=0x00000217448d90c0 relative=0x00000000000004c0
Event: 50.458 Thread 0x00000217512f86c0 Uncommon trap: reason=profile_predicate action=maybe_recompile pc=0x00000217448d90c0 method=java.util.stream.ReferencePipeline.forEachWithCancel(Ljava/util/Spliterator;Ljava/util/stream/Sink;)Z @ 8 c2
Event: 50.458 Thread 0x00000217512f86c0 DEOPT PACKING pc=0x00000217448d90c0 sp=0x00000062d07feef0
Event: 50.458 Thread 0x00000217512f86c0 DEOPT UNPACKING pc=0x000002173cc9d728 sp=0x00000062d07fee90 mode 2
Event: 50.534 Thread 0x000002174f38a5a0 DEOPT PACKING pc=0x000002173d2a0f4b sp=0x00000062d0df9900
Event: 50.534 Thread 0x000002174f38a5a0 DEOPT UNPACKING pc=0x000002173cc9deaf sp=0x00000062d0df8e20 mode 0
Event: 51.154 Thread 0x000002174f38a5a0 Uncommon trap: trap_request=0xffffff45 fr.pc=0x00000217448841b8 relative=0x0000000000000118
Event: 51.154 Thread 0x000002174f38a5a0 Uncommon trap: reason=unstable_if action=reinterpret pc=0x00000217448841b8 method=java.util.Arrays.hashCode([Ljava/lang/Object;)I @ 34 c2
Event: 51.155 Thread 0x000002174f38a5a0 DEOPT PACKING pc=0x00000217448841b8 sp=0x00000062d0dfb0d0
Event: 51.155 Thread 0x000002174f38a5a0 DEOPT UNPACKING pc=0x000002173cc9d728 sp=0x00000062d0dfb048 mode 2

Classes unloaded (0 events):
No events

Classes redefined (0 events):
No events

Internal exceptions (20 events):
Event: 48.553 Thread 0x000002174f38a5a0 Exception <a 'java/lang/ClassNotFoundException'{0x00000000ebf27930}: org/gradle/api/internal/project/AbstractPluginAwareCustomizer> (0x00000000ebf27930) 
thrown [c:\wsjdk\correttojdksrc\installers\windows\zip\corretto-build\buildroot\src\hotspot\share\classfile\systemDictionary.cpp, line 256]
Event: 48.556 Thread 0x000002174f38a5a0 Exception <a 'java/lang/ClassNotFoundException'{0x00000000ebf3bb78}: org/gradle/invocation/DefaultGradleCustomizer> (0x00000000ebf3bb78) 
thrown [c:\wsjdk\correttojdksrc\installers\windows\zip\corretto-build\buildroot\src\hotspot\share\classfile\systemDictionary.cpp, line 256]
Event: 48.571 Thread 0x000002174f38a5a0 Exception <a 'java/lang/ClassNotFoundException'{0x00000000ebf7b6a8}: org/gradle/invocation/DefaultGradle_DecoratedCustomizer> (0x00000000ebf7b6a8) 
thrown [c:\wsjdk\correttojdksrc\installers\windows\zip\corretto-build\buildroot\src\hotspot\share\classfile\systemDictionary.cpp, line 256]
Event: 50.156 Thread 0x000002174f38a5a0 Exception <a 'java/lang/ClassNotFoundException'{0x00000000ebcd7bb8}: groovy/lang/Closure$1BeanInfo> (0x00000000ebcd7bb8) 
thrown [c:\wsjdk\correttojdksrc\installers\windows\zip\corretto-build\buildroot\src\hotspot\share\classfile\systemDictionary.cpp, line 256]
Event: 50.157 Thread 0x000002174f38a5a0 Exception <a 'java/lang/ClassNotFoundException'{0x00000000ebcf9df8}: groovy/lang/ClosureBeanInfo> (0x00000000ebcf9df8) 
thrown [c:\wsjdk\correttojdksrc\installers\windows\zip\corretto-build\buildroot\src\hotspot\share\classfile\systemDictionary.cpp, line 256]
Event: 50.159 Thread 0x000002174f38a5a0 Exception <a 'java/lang/ClassNotFoundException'{0x00000000ebb1c460}: groovy/lang/ClosureCustomizer> (0x00000000ebb1c460) 
thrown [c:\wsjdk\correttojdksrc\installers\windows\zip\corretto-build\buildroot\src\hotspot\share\classfile\systemDictionary.cpp, line 256]
Event: 50.168 Thread 0x000002174f38a5a0 Exception <a 'java/lang/ClassNotFoundException'{0x00000000ebb60c58}: groovy/lang/Closure$1Customizer> (0x00000000ebb60c58) 
thrown [c:\wsjdk\correttojdksrc\installers\windows\zip\corretto-build\buildroot\src\hotspot\share\classfile\systemDictionary.cpp, line 256]
Event: 50.573 Thread 0x000002174f38a5a0 Exception <a 'java/lang/ClassNotFoundException'{0x00000000eb8142f0}: settings_7e1t5hkk4vo6rz5ktotzyyfyBeanInfo> (0x00000000eb8142f0) 
thrown [c:\wsjdk\correttojdksrc\installers\windows\zip\corretto-build\buildroot\src\hotspot\share\classfile\systemDictionary.cpp, line 256]
Event: 50.574 Thread 0x000002174f38a5a0 Exception <a 'java/lang/ClassNotFoundException'{0x00000000eb81e310}: org/gradle/initialization/SettingsScriptBeanInfo> (0x00000000eb81e310) 
thrown [c:\wsjdk\correttojdksrc\installers\windows\zip\corretto-build\buildroot\src\hotspot\share\classfile\systemDictionary.cpp, line 256]
Event: 50.575 Thread 0x000002174f38a5a0 Exception <a 'java/lang/ClassNotFoundException'{0x00000000eb828718}: org/gradle/plugin/use/internal/PluginsAwareScriptBeanInfo> (0x00000000eb828718) 
thrown [c:\wsjdk\correttojdksrc\installers\windows\zip\corretto-build\buildroot\src\hotspot\share\classfile\systemDictionary.cpp, line 256]
Event: 50.575 Thread 0x000002174f38a5a0 Exception <a 'java/lang/ClassNotFoundException'{0x00000000eb832dc0}: org/gradle/plugin/use/internal/PluginsAwareScriptCustomizer> (0x00000000eb832dc0) 
thrown [c:\wsjdk\correttojdksrc\installers\windows\zip\corretto-build\buildroot\src\hotspot\share\classfile\systemDictionary.cpp, line 256]
Event: 50.578 Thread 0x000002174f38a5a0 Exception <a 'java/lang/ClassNotFoundException'{0x00000000eb8440d8}: org/gradle/initialization/SettingsScriptCustomizer> (0x00000000eb8440d8) 
thrown [c:\wsjdk\correttojdksrc\installers\windows\zip\corretto-build\buildroot\src\hotspot\share\classfile\systemDictionary.cpp, line 256]
Event: 50.579 Thread 0x000002174f38a5a0 Exception <a 'java/lang/ClassNotFoundException'{0x00000000eb851190}: settings_7e1t5hkk4vo6rz5ktotzyyfyCustomizer> (0x00000000eb851190) 
thrown [c:\wsjdk\correttojdksrc\installers\windows\zip\corretto-build\buildroot\src\hotspot\share\classfile\systemDictionary.cpp, line 256]
Event: 50.592 Thread 0x000002174f38a5a0 Exception <a 'java/lang/ClassNotFoundException'{0x00000000eb8b83b0}: org/gradle/initialization/DefaultSettings_DecoratedBeanInfo> (0x00000000eb8b83b0) 
thrown [c:\wsjdk\correttojdksrc\installers\windows\zip\corretto-build\buildroot\src\hotspot\share\classfile\systemDictionary.cpp, line 256]
Event: 50.593 Thread 0x000002174f38a5a0 Exception <a 'java/lang/ClassNotFoundException'{0x00000000eb8c6898}: org/gradle/initialization/DefaultSettingsBeanInfo> (0x00000000eb8c6898) 
thrown [c:\wsjdk\correttojdksrc\installers\windows\zip\corretto-build\buildroot\src\hotspot\share\classfile\systemDictionary.cpp, line 256]
Event: 50.595 Thread 0x000002174f38a5a0 Exception <a 'java/lang/ClassNotFoundException'{0x00000000eb8d4b58}: org/gradle/initialization/DefaultSettingsCustomizer> (0x00000000eb8d4b58) 
thrown [c:\wsjdk\correttojdksrc\installers\windows\zip\corretto-build\buildroot\src\hotspot\share\classfile\systemDictionary.cpp, line 256]
Event: 50.605 Thread 0x000002174f38a5a0 Exception <a 'java/lang/ClassNotFoundException'{0x00000000eb710898}: org/gradle/initialization/DefaultSettings_DecoratedCustomizer> (0x00000000eb710898) 
thrown [c:\wsjdk\correttojdksrc\installers\windows\zip\corretto-build\buildroot\src\hotspot\share\classfile\systemDictionary.cpp, line 256]
Event: 50.650 Thread 0x000002174f38a5a0 Exception <a 'java/lang/ClassNotFoundException'{0x00000000eb782228}: org/gradle/initialization/DefaultProjectDescriptorBeanInfo> (0x00000000eb782228) 
thrown [c:\wsjdk\correttojdksrc\installers\windows\zip\corretto-build\buildroot\src\hotspot\share\classfile\systemDictionary.cpp, line 256]
Event: 50.651 Thread 0x000002174f38a5a0 Exception <a 'java/lang/ClassNotFoundException'{0x00000000eb790618}: org/gradle/initialization/DefaultProjectDescriptorCustomizer> (0x00000000eb790618) 
thrown [c:\wsjdk\correttojdksrc\installers\windows\zip\corretto-build\buildroot\src\hotspot\share\classfile\systemDictionary.cpp, line 256]
Event: 51.154 Thread 0x000002174f38a5a0 Implicit null exception at 0x00000217448840ec to 0x000002174488419c

Events (20 events):
Event: 48.896 loading class jdk/internal/reflect/UnsafeObjectFieldAccessorImpl
Event: 48.928 loading class jdk/internal/reflect/UnsafeObjectFieldAccessorImpl done
Event: 49.630 loading class sun/reflect/MagicAccessorImpl
Event: 49.630 loading class sun/reflect/MagicAccessorImpl done
Event: 50.053 Executing  VM operation: Cleanup
Event: 50.053 Executing  VM operation: Cleanup done
Event: 50.168 loading class com/sun/beans/finder/MethodFinder
Event: 50.169 loading class com/sun/beans/finder/AbstractFinder
Event: 50.169 loading class com/sun/beans/finder/AbstractFinder done
Event: 50.169 loading class com/sun/beans/finder/MethodFinder done
Event: 50.169 loading class com/sun/beans/finder/MethodFinder$1
Event: 50.169 loading class com/sun/beans/finder/MethodFinder$1 done
Event: 50.169 loading class com/sun/beans/finder/FinderUtils
Event: 50.169 loading class com/sun/beans/finder/FinderUtils done
Event: 50.342 Thread 0x00000217521b1ff0 Thread added: 0x00000217521b1ff0
Event: 50.451 Thread 0x00000217521ac5a0 Thread added: 0x00000217521ac5a0
Event: 50.464 Executing  VM operation: ICBufferFull
Event: 50.464 Executing  VM operation: ICBufferFull done
Event: 50.658 loading class jdk/internal/math/FDBigInteger
Event: 50.839 loading class jdk/internal/math/FDBigInteger done


Dynamic libraries:
0x00007ff7e0cf0000 - 0x00007ff7e0cfd000 	C:\Users\shivam\.jdks\corretto-16.0.2\bin\java.exe
0x00007ffe346f0000 - 0x00007ffe348e5000 	C:\WINDOWS\SYSTEM32\ntdll.dll
0x00007ffe330e0000 - 0x00007ffe3319e000 	C:\WINDOWS\System32\KERNEL32.DLL
0x00007ffe323d0000 - 0x00007ffe32698000 	C:\WINDOWS\System32\KERNELBASE.dll
0x00007ffe322d0000 - 0x00007ffe323d0000 	C:\WINDOWS\System32\ucrtbase.dll
0x00007ffe2ab00000 - 0x00007ffe2ab15000 	C:\Users\shivam\.jdks\corretto-16.0.2\bin\VCRUNTIME140.dll
0x00007ffe2e6c0000 - 0x00007ffe2e6d8000 	C:\Users\shivam\.jdks\corretto-16.0.2\bin\jli.dll
0x00007ffe34440000 - 0x00007ffe345e1000 	C:\WINDOWS\System32\USER32.dll
0x00007ffe32070000 - 0x00007ffe32092000 	C:\WINDOWS\System32\win32u.dll
0x00007ffe33310000 - 0x00007ffe3333b000 	C:\WINDOWS\System32\GDI32.dll
0x00007ffe31e00000 - 0x00007ffe31f0d000 	C:\WINDOWS\System32\gdi32full.dll
0x00007ffe32230000 - 0x00007ffe322cd000 	C:\WINDOWS\System32\msvcp_win.dll
0x00007ffe2a380000 - 0x00007ffe2a61a000 	C:\WINDOWS\WinSxS\amd64_microsoft.windows.common-controls_6595b64144ccf1df_6.0.19041.1110_none_60b5254171f9507e\COMCTL32.dll
0x00007ffe32730000 - 0x00007ffe327ce000 	C:\WINDOWS\System32\msvcrt.dll
0x00007ffe331a0000 - 0x00007ffe331d0000 	C:\WINDOWS\System32\IMM32.DLL
0x00007ffe1a700000 - 0x00007ffe1a79b000 	C:\Users\shivam\.jdks\corretto-16.0.2\bin\msvcp140.dll
0x00007ffdd5940000 - 0x00007ffdd6549000 	C:\Users\shivam\.jdks\corretto-16.0.2\bin\server\jvm.dll
0x00007ffe331d0000 - 0x00007ffe3327c000 	C:\WINDOWS\System32\ADVAPI32.dll
0x00007ffe33340000 - 0x00007ffe333db000 	C:\WINDOWS\System32\sechost.dll
0x00007ffe32b90000 - 0x00007ffe32cba000 	C:\WINDOWS\System32\RPCRT4.dll
0x00007ffe33300000 - 0x00007ffe33308000 	C:\WINDOWS\System32\PSAPI.DLL
0x00007ffe2ebf0000 - 0x00007ffe2ebf9000 	C:\WINDOWS\SYSTEM32\WSOCK32.dll
0x00007ffe2a780000 - 0x00007ffe2a78a000 	C:\WINDOWS\SYSTEM32\VERSION.dll
0x00007ffe2a6d0000 - 0x00007ffe2a6f7000 	C:\WINDOWS\SYSTEM32\WINMM.dll
0x00007ffe32b00000 - 0x00007ffe32b6b000 	C:\WINDOWS\System32\WS2_32.dll
0x00007ffe2fc10000 - 0x00007ffe2fc22000 	C:\WINDOWS\SYSTEM32\kernel.appcore.dll
0x00007ffe2f540000 - 0x00007ffe2f54a000 	C:\Users\shivam\.jdks\corretto-16.0.2\bin\jimage.dll
0x00007ffe1de10000 - 0x00007ffe1dff4000 	C:\WINDOWS\SYSTEM32\DBGHELP.DLL
0x00007ffe1dad0000 - 0x00007ffe1dafc000 	C:\WINDOWS\SYSTEM32\dbgcore.DLL
0x00007ffe321a0000 - 0x00007ffe32222000 	C:\WINDOWS\System32\bcryptPrimitives.dll
0x00007ffe1a6d0000 - 0x00007ffe1a6f5000 	C:\Users\shivam\.jdks\corretto-16.0.2\bin\java.dll
0x00007ffe33b30000 - 0x00007ffe34274000 	C:\WINDOWS\System32\SHELL32.dll
0x00007ffe2fef0000 - 0x00007ffe30684000 	C:\WINDOWS\SYSTEM32\windows.storage.dll
0x00007ffe32cc0000 - 0x00007ffe33015000 	C:\WINDOWS\System32\combase.dll
0x00007ffe31780000 - 0x00007ffe317ae000 	C:\WINDOWS\SYSTEM32\Wldp.dll
0x00007ffe33030000 - 0x00007ffe330dd000 	C:\WINDOWS\System32\SHCORE.dll
0x00007ffe338c0000 - 0x00007ffe33915000 	C:\WINDOWS\System32\shlwapi.dll
0x00007ffe31d40000 - 0x00007ffe31d5f000 	C:\WINDOWS\SYSTEM32\profapi.dll
0x00007ffe262c0000 - 0x00007ffe262d9000 	C:\Users\shivam\.jdks\corretto-16.0.2\bin\net.dll
0x00007ffe28b70000 - 0x00007ffe28c7c000 	C:\WINDOWS\SYSTEM32\WINHTTP.dll
0x00007ffe314e0000 - 0x00007ffe3154a000 	C:\WINDOWS\system32\mswsock.dll
0x00007ffe241d0000 - 0x00007ffe241e3000 	C:\Users\shivam\.jdks\corretto-16.0.2\bin\nio.dll
0x00007ffe1b2c0000 - 0x00007ffe1b2d8000 	C:\Users\shivam\.jdks\corretto-16.0.2\bin\zip.dll
0x00007ffe2f550000 - 0x00007ffe2f560000 	C:\Users\shivam\.jdks\corretto-16.0.2\bin\verify.dll
0x00007ffe2e790000 - 0x00007ffe2e7b7000 	C:\Users\shivam\.gradle\native\e1d6ef7f7dcc3fd88c89a11ec53ec762bb8ba0a96d01ffa2cd45eb1d1d8dd5c5\windows-amd64\native-platform.dll
0x00007ffe12dc0000 - 0x00007ffe12f04000 	C:\Users\shivam\.gradle\native\5664cfc778a61ccfe75a443a1ab52a65af34e5dc3c78e0209fed803814484fcb\windows-amd64\native-platform-file-events.dll
0x00007ffe2e770000 - 0x00007ffe2e779000 	C:\Users\shivam\.jdks\corretto-16.0.2\bin\management.dll
0x00007ffe2aad0000 - 0x00007ffe2aadb000 	C:\Users\shivam\.jdks\corretto-16.0.2\bin\management_ext.dll
0x00007ffe316d0000 - 0x00007ffe316e8000 	C:\WINDOWS\SYSTEM32\CRYPTSP.dll
0x00007ffe30e60000 - 0x00007ffe30e94000 	C:\WINDOWS\system32\rsaenh.dll
0x00007ffe32700000 - 0x00007ffe32727000 	C:\WINDOWS\System32\bcrypt.dll
0x00007ffe31cc0000 - 0x00007ffe31cee000 	C:\WINDOWS\SYSTEM32\USERENV.dll
0x00007ffe316f0000 - 0x00007ffe316fc000 	C:\WINDOWS\SYSTEM32\CRYPTBASE.dll
0x00007ffe311d0000 - 0x00007ffe3120b000 	C:\WINDOWS\SYSTEM32\IPHLPAPI.DLL
0x00007ffe346a0000 - 0x00007ffe346a8000 	C:\WINDOWS\System32\NSI.dll
0x00007ffe29630000 - 0x00007ffe29647000 	C:\WINDOWS\SYSTEM32\dhcpcsvc6.DLL
0x00007ffe2a0b0000 - 0x00007ffe2a0cd000 	C:\WINDOWS\SYSTEM32\dhcpcsvc.DLL
0x00007ffe31210000 - 0x00007ffe312db000 	C:\WINDOWS\SYSTEM32\DNSAPI.dll
0x00007ffe2f040000 - 0x00007ffe2f04e000 	C:\Users\shivam\.jdks\corretto-16.0.2\bin\sunmscapi.dll
0x00007ffe31f10000 - 0x00007ffe32066000 	C:\WINDOWS\System32\CRYPT32.dll
0x00007ffe317f0000 - 0x00007ffe31817000 	C:\WINDOWS\SYSTEM32\ncrypt.dll
0x00007ffe317b0000 - 0x00007ffe317eb000 	C:\WINDOWS\SYSTEM32\NTASN1.dll
0x00007ffe2a920000 - 0x00007ffe2a927000 	C:\WINDOWS\system32\wshunix.dll

dbghelp: loaded successfully - version: 4.0.5 - missing functions: none
symbol engine: initialized successfully - sym options: 0x614 - pdb path: .;C:\Users\shivam\.jdks\corretto-16.0.2\bin;C:\WINDOWS\SYSTEM32;C:\WINDOWS\WinSxS\amd64_microsoft.windows.common-controls_6595b64144ccf1df_6.0.19041.1110_none_60b5254171f9507e;C:\Users\shivam\.jdks\corretto-16.0.2\bin\server;C:\Users\shivam\.gradle\native\e1d6ef7f7dcc3fd88c89a11ec53ec762bb8ba0a96d01ffa2cd45eb1d1d8dd5c5\windows-amd64;C:\Users\shivam\.gradle\native\5664cfc778a61ccfe75a443a1ab52a65af34e5dc3c78e0209fed803814484fcb\windows-amd64

VM Arguments:
jvm_args: --add-opens=java.base/java.util=ALL-UNNAMED --add-opens=java.base/java.lang=ALL-UNNAMED --add-opens=java.base/java.lang.invoke=ALL-UNNAMED --add-opens=java.base/java.util=ALL-UNNAMED --add-opens=java.prefs/java.util.prefs=ALL-UNNAMED --add-opens=java.prefs/java.util.prefs=ALL-UNNAMED --add-opens=java.base/java.nio.charset=ALL-UNNAMED --add-opens=java.base/java.net=ALL-UNNAMED --add-opens=java.base/java.util.concurrent.atomic=ALL-UNNAMED -XX:MaxMetaspaceSize=256m -XX:+HeapDumpOnOutOfMemoryError -Xms256m -Xmx512m -Dfile.encoding=windows-1252 -Duser.country=IN -Duser.language=en -Duser.variant 
java_command: org.gradle.launcher.daemon.bootstrap.GradleDaemon 7.3.2
java_class_path (initial): C:\Users\shivam\.gradle\wrapper\dists\gradle-7.3.2-bin\4k4cn06q0rruwh9dpndf9gmi8\gradle-7.3.2\lib\gradle-launcher-7.3.2.jar
Launcher Type: SUN_STANDARD

[Global flags]
     intx CICompilerCount                          = 3                                         {product} {ergonomic}
   size_t CompressedClassSpaceSize                 = 218103808                                 {product} {ergonomic}
     uint ConcGCThreads                            = 1                                         {product} {ergonomic}
     uint G1ConcRefinementThreads                  = 4                                         {product} {ergonomic}
   size_t G1HeapRegionSize                         = 1048576                                   {product} {ergonomic}
    uintx GCDrainStackTargetSize                   = 64                                        {product} {ergonomic}
     bool HeapDumpOnOutOfMemoryError               = true                                   {manageable} {command line}
   size_t InitialHeapSize                          = 268435456                                 {product} {command line}
   size_t MarkStackSize                            = 4194304                                   {product} {ergonomic}
   size_t MaxHeapSize                              = 536870912                                 {product} {command line}
   size_t MaxMetaspaceSize                         = 268435456                                 {product} {command line}
   size_t MaxNewSize                               = 321912832                                 {product} {ergonomic}
   size_t MinHeapDeltaBytes                        = 1048576                                   {product} {ergonomic}
   size_t MinHeapSize                              = 268435456                                 {product} {command line}
    uintx NonNMethodCodeHeapSize                   = 5832780                                {pd product} {ergonomic}
    uintx NonProfiledCodeHeapSize                  = 122912730                              {pd product} {ergonomic}
    uintx ProfiledCodeHeapSize                     = 122912730                              {pd product} {ergonomic}
    uintx ReservedCodeCacheSize                    = 251658240                              {pd product} {ergonomic}
     bool SegmentedCodeCache                       = true                                      {product} {ergonomic}
   size_t SoftMaxHeapSize                          = 536870912                              {manageable} {ergonomic}
     bool UseCompressedClassPointers               = true                           {product lp64_product} {ergonomic}
     bool UseCompressedOops                        = true                           {product lp64_product} {ergonomic}
     bool UseG1GC                                  = true                                      {product} {ergonomic}
     bool UseLargePagesIndividualAllocation        = false                                  {pd product} {ergonomic}

Logging:
Log output configuration:
 #0: stdout all=warning uptime,level,tags
 #1: stderr all=off uptime,level,tags

Environment Variables:
PATH=C:\Program Files\Common Files\Oracle\Java\javapath;C:\Program Files (x86)\NVIDIA Corporation\PhysX\Common;C:\WINDOWS\system32;C:\WINDOWS;C:\WINDOWS\System32\Wbem;C:\WINDOWS\System32\WindowsPowerShell\v1.0\;C:\WINDOWS\System32\OpenSSH\;C:\Program Files\Git\cmd;C:\msys64\mingw64\bin;C:\Program Files\MySQL\MySQL Shell 8.0\bin\;C:\Users\shivam\AppData\Local\Microsoft\WindowsApps;C:\Users\shivam\AppData\Local\Programs\Microsoft VS Code\bin;C:\Program Files\Java\jdk-17\bin;C:\Users\shivam\AppData\Local\GitHubDesktop\bin;C:\Program Files\Git\bin
USERNAME=shivam
OS=Windows_NT
PROCESSOR_IDENTIFIER=Intel64 Family 6 Model 37 Stepping 5, GenuineIntel



---------------  S Y S T E M  ---------------

OS:
 Windows 10 , 64 bit Build 19041 (10.0.19041.1348)
OS uptime: 1 days 19:23 hours

CPU: total 4 (initial active 4) (2 cores per cpu, 2 threads per core) family 6 model 37 stepping 5 microcode 0x7, cx8, cmov, fxsr, ht, mmx, sse, sse2, sse3, ssse3, sse4.1, sse4.2, popcnt, tsc, tscinvbit, clflush

Memory: 4k page, system-wide physical 3958M (64M free)
TotalPageFile size 16246M (AvailPageFile size 6M)
current process WorkingSet (physical memory assigned to process): 247M, peak: 247M
current process commit charge ("private bytes"): 415M, peak: 415M

vm_info: OpenJDK 64-Bit Server VM (16.0.2+7) for windows-amd64 JRE (16.0.2+7), built on Jul 22 2021 01:11:46 by "Administrator" with MS VC++ 15.9 (VS2017)

END.
